{"/home/runner/workspace/backend/server.cjs": {"path":"/home/runner/workspace/backend/server.cjs","statementMap":{"0":{"start":{"line":1,"column":31},"end":{"line":1,"column":66}},"1":{"start":{"line":3,"column":0},"end":{"line":3,"column":21}},"2":{"start":{"line":5,"column":16},"end":{"line":5,"column":34}},"3":{"start":{"line":6,"column":13},"end":{"line":6,"column":28}},"4":{"start":{"line":7,"column":21},"end":{"line":7,"column":45}},"5":{"start":{"line":8,"column":15},"end":{"line":8,"column":32}},"6":{"start":{"line":9,"column":18},"end":{"line":9,"column":47}},"7":{"start":{"line":10,"column":25},"end":{"line":10,"column":51}},"8":{"start":{"line":11,"column":39},"end":{"line":11,"column":82}},"9":{"start":{"line":12,"column":19},"end":{"line":12,"column":48}},"10":{"start":{"line":14,"column":23},"end":{"line":14,"column":55}},"11":{"start":{"line":15,"column":24},"end":{"line":15,"column":57}},"12":{"start":{"line":16,"column":20},"end":{"line":16,"column":49}},"13":{"start":{"line":17,"column":24},"end":{"line":17,"column":57}},"14":{"start":{"line":18,"column":25},"end":{"line":18,"column":59}},"15":{"start":{"line":19,"column":21},"end":{"line":19,"column":51}},"16":{"start":{"line":20,"column":23},"end":{"line":20,"column":55}},"17":{"start":{"line":21,"column":29},"end":{"line":21,"column":67}},"18":{"start":{"line":22,"column":29},"end":{"line":22,"column":67}},"19":{"start":{"line":23,"column":19},"end":{"line":23,"column":47}},"20":{"start":{"line":24,"column":31},"end":{"line":24,"column":71}},"21":{"start":{"line":25,"column":24},"end":{"line":25,"column":57}},"22":{"start":{"line":26,"column":31},"end":{"line":26,"column":71}},"23":{"start":{"line":27,"column":19},"end":{"line":27,"column":47}},"24":{"start":{"line":28,"column":23},"end":{"line":28,"column":55}},"25":{"start":{"line":29,"column":22},"end":{"line":29,"column":53}},"26":{"start":{"line":30,"column":25},"end":{"line":30,"column":59}},"27":{"start":{"line":31,"column":25},"end":{"line":31,"column":59}},"28":{"start":{"line":32,"column":22},"end":{"line":32,"column":53}},"29":{"start":{"line":33,"column":27},"end":{"line":33,"column":63}},"30":{"start":{"line":34,"column":20},"end":{"line":34,"column":49}},"31":{"start":{"line":35,"column":27},"end":{"line":35,"column":63}},"32":{"start":{"line":36,"column":22},"end":{"line":36,"column":53}},"33":{"start":{"line":37,"column":22},"end":{"line":37,"column":53}},"34":{"start":{"line":39,"column":23},"end":{"line":39,"column":65}},"35":{"start":{"line":40,"column":23},"end":{"line":40,"column":65}},"36":{"start":{"line":41,"column":32},"end":{"line":41,"column":73}},"37":{"start":{"line":42,"column":21},"end":{"line":42,"column":61}},"38":{"start":{"line":44,"column":12},"end":{"line":44,"column":21}},"39":{"start":{"line":45,"column":13},"end":{"line":45,"column":37}},"40":{"start":{"line":48,"column":0},"end":{"line":48,"column":26}},"41":{"start":{"line":51,"column":22},"end":{"line":51,"column":27}},"42":{"start":{"line":54,"column":22},"end":{"line":73,"column":1}},"43":{"start":{"line":55,"column":2},"end":{"line":72,"column":3}},"44":{"start":{"line":56,"column":4},"end":{"line":56,"column":54}},"45":{"start":{"line":57,"column":4},"end":{"line":68,"column":7}},"46":{"start":{"line":58,"column":6},"end":{"line":67,"column":7}},"47":{"start":{"line":59,"column":8},"end":{"line":59,"column":23}},"48":{"start":{"line":60,"column":8},"end":{"line":60,"column":37}},"49":{"start":{"line":61,"column":8},"end":{"line":61,"column":31}},"50":{"start":{"line":62,"column":8},"end":{"line":62,"column":63}},"51":{"start":{"line":63,"column":8},"end":{"line":63,"column":18}},"52":{"start":{"line":65,"column":8},"end":{"line":65,"column":65}},"53":{"start":{"line":66,"column":8},"end":{"line":66,"column":20}},"54":{"start":{"line":70,"column":4},"end":{"line":70,"column":62}},"55":{"start":{"line":71,"column":4},"end":{"line":71,"column":20}},"56":{"start":{"line":76,"column":24},"end":{"line":76,"column":62}},"57":{"start":{"line":77,"column":0},"end":{"line":77,"column":24}},"58":{"start":{"line":80,"column":0},"end":{"line":80,"column":33}},"59":{"start":{"line":83,"column":0},"end":{"line":85,"column":4}},"60":{"start":{"line":88,"column":20},"end":{"line":96,"column":6}},"61":{"start":{"line":89,"column":24},"end":{"line":89,"column":30}},"62":{"start":{"line":99,"column":20},"end":{"line":101,"column":29}},"63":{"start":{"line":100,"column":48},"end":{"line":100,"column":56}},"64":{"start":{"line":104,"column":0},"end":{"line":112,"column":1}},"65":{"start":{"line":105,"column":2},"end":{"line":107,"column":3}},"66":{"start":{"line":106,"column":4},"end":{"line":106,"column":65}},"67":{"start":{"line":108,"column":2},"end":{"line":111,"column":3}},"68":{"start":{"line":109,"column":26},"end":{"line":109,"column":95}},"69":{"start":{"line":109,"column":73},"end":{"line":109,"column":94}},"70":{"start":{"line":110,"column":4},"end":{"line":110,"column":39}},"71":{"start":{"line":114,"column":0},"end":{"line":124,"column":4}},"72":{"start":{"line":116,"column":4},"end":{"line":121,"column":5}},"73":{"start":{"line":117,"column":6},"end":{"line":117,"column":27}},"74":{"start":{"line":119,"column":6},"end":{"line":119,"column":65}},"75":{"start":{"line":120,"column":6},"end":{"line":120,"column":49}},"76":{"start":{"line":125,"column":0},"end":{"line":125,"column":41}},"77":{"start":{"line":126,"column":0},"end":{"line":126,"column":63}},"78":{"start":{"line":127,"column":0},"end":{"line":127,"column":24}},"79":{"start":{"line":130,"column":0},"end":{"line":130,"column":36}},"80":{"start":{"line":133,"column":0},"end":{"line":133,"column":46}},"81":{"start":{"line":136,"column":0},"end":{"line":136,"column":57}},"82":{"start":{"line":137,"column":0},"end":{"line":137,"column":59}},"83":{"start":{"line":138,"column":0},"end":{"line":138,"column":51}},"84":{"start":{"line":139,"column":0},"end":{"line":139,"column":59}},"85":{"start":{"line":140,"column":0},"end":{"line":140,"column":61}},"86":{"start":{"line":141,"column":0},"end":{"line":141,"column":53}},"87":{"start":{"line":142,"column":0},"end":{"line":142,"column":58}},"88":{"start":{"line":143,"column":0},"end":{"line":143,"column":70}},"89":{"start":{"line":146,"column":0},"end":{"line":146,"column":70}},"90":{"start":{"line":147,"column":0},"end":{"line":147,"column":49}},"91":{"start":{"line":148,"column":0},"end":{"line":148,"column":74}},"92":{"start":{"line":149,"column":0},"end":{"line":149,"column":59}},"93":{"start":{"line":151,"column":0},"end":{"line":151,"column":74}},"94":{"start":{"line":152,"column":0},"end":{"line":152,"column":57}},"95":{"start":{"line":153,"column":0},"end":{"line":153,"column":55}},"96":{"start":{"line":154,"column":0},"end":{"line":154,"column":61}},"97":{"start":{"line":155,"column":0},"end":{"line":155,"column":61}},"98":{"start":{"line":156,"column":0},"end":{"line":156,"column":55}},"99":{"start":{"line":157,"column":0},"end":{"line":157,"column":66}},"100":{"start":{"line":158,"column":0},"end":{"line":158,"column":51}},"101":{"start":{"line":159,"column":0},"end":{"line":159,"column":58}},"102":{"start":{"line":160,"column":0},"end":{"line":160,"column":55}},"103":{"start":{"line":163,"column":0},"end":{"line":169,"column":3}},"104":{"start":{"line":164,"column":2},"end":{"line":168,"column":5}},"105":{"start":{"line":172,"column":0},"end":{"line":202,"column":3}},"106":{"start":{"line":173,"column":2},"end":{"line":179,"column":3}},"107":{"start":{"line":174,"column":4},"end":{"line":178,"column":7}},"108":{"start":{"line":181,"column":2},"end":{"line":201,"column":3}},"109":{"start":{"line":182,"column":28},"end":{"line":182,"column":54}},"110":{"start":{"line":183,"column":15},"end":{"line":183,"column":28}},"111":{"start":{"line":186,"column":19},"end":{"line":186,"column":55}},"112":{"start":{"line":188,"column":4},"end":{"line":192,"column":7}},"113":{"start":{"line":194,"column":4},"end":{"line":194,"column":57}},"114":{"start":{"line":195,"column":4},"end":{"line":200,"column":7}},"115":{"start":{"line":205,"column":0},"end":{"line":205,"column":22}},"116":{"start":{"line":208,"column":0},"end":{"line":216,"column":3}},"117":{"start":{"line":209,"column":2},"end":{"line":212,"column":5}},"118":{"start":{"line":210,"column":4},"end":{"line":210,"column":60}},"119":{"start":{"line":211,"column":4},"end":{"line":211,"column":52}},"120":{"start":{"line":214,"column":2},"end":{"line":214,"column":49}},"121":{"start":{"line":215,"column":2},"end":{"line":215,"column":18}}},"fnMap":{"0":{"name":"(anonymous_0)","decl":{"start":{"line":54,"column":22},"end":{"line":54,"column":23}},"loc":{"start":{"line":54,"column":34},"end":{"line":73,"column":1}},"line":54},"1":{"name":"(anonymous_1)","decl":{"start":{"line":57,"column":22},"end":{"line":57,"column":23}},"loc":{"start":{"line":57,"column":35},"end":{"line":68,"column":5}},"line":57},"2":{"name":"(anonymous_2)","decl":{"start":{"line":89,"column":4},"end":{"line":89,"column":5}},"loc":{"start":{"line":89,"column":24},"end":{"line":89,"column":30}},"line":89},"3":{"name":"(anonymous_3)","decl":{"start":{"line":100,"column":43},"end":{"line":100,"column":44}},"loc":{"start":{"line":100,"column":48},"end":{"line":100,"column":56}},"line":100},"4":{"name":"(anonymous_4)","decl":{"start":{"line":109,"column":68},"end":{"line":109,"column":69}},"loc":{"start":{"line":109,"column":73},"end":{"line":109,"column":94}},"line":109},"5":{"name":"(anonymous_5)","decl":{"start":{"line":115,"column":10},"end":{"line":115,"column":11}},"loc":{"start":{"line":115,"column":32},"end":{"line":122,"column":3}},"line":115},"6":{"name":"(anonymous_6)","decl":{"start":{"line":163,"column":23},"end":{"line":163,"column":24}},"loc":{"start":{"line":163,"column":37},"end":{"line":169,"column":1}},"line":163},"7":{"name":"(anonymous_7)","decl":{"start":{"line":172,"column":26},"end":{"line":172,"column":27}},"loc":{"start":{"line":172,"column":40},"end":{"line":202,"column":1}},"line":172},"8":{"name":"(anonymous_8)","decl":{"start":{"line":208,"column":21},"end":{"line":208,"column":22}},"loc":{"start":{"line":208,"column":27},"end":{"line":213,"column":1}},"line":208},"9":{"name":"(anonymous_9)","decl":{"start":{"line":209,"column":30},"end":{"line":209,"column":31}},"loc":{"start":{"line":209,"column":36},"end":{"line":212,"column":3}},"line":209},"10":{"name":"(anonymous_10)","decl":{"start":{"line":213,"column":9},"end":{"line":213,"column":10}},"loc":{"start":{"line":213,"column":20},"end":{"line":216,"column":1}},"line":213}},"branchMap":{"0":{"loc":{"start":{"line":45,"column":13},"end":{"line":45,"column":37}},"type":"binary-expr","locations":[{"start":{"line":45,"column":13},"end":{"line":45,"column":29}},{"start":{"line":45,"column":33},"end":{"line":45,"column":37}}],"line":45},"1":{"loc":{"start":{"line":88,"column":20},"end":{"line":96,"column":6}},"type":"cond-expr","locations":[{"start":{"line":89,"column":4},"end":{"line":89,"column":30}},{"start":{"line":90,"column":4},"end":{"line":96,"column":6}}],"line":88},"2":{"loc":{"start":{"line":88,"column":20},"end":{"line":88,"column":81}},"type":"binary-expr","locations":[{"start":{"line":88,"column":20},"end":{"line":88,"column":51}},{"start":{"line":88,"column":55},"end":{"line":88,"column":81}}],"line":88},"3":{"loc":{"start":{"line":99,"column":20},"end":{"line":101,"column":29}},"type":"cond-expr","locations":[{"start":{"line":100,"column":4},"end":{"line":100,"column":57}},{"start":{"line":101,"column":4},"end":{"line":101,"column":29}}],"line":99},"4":{"loc":{"start":{"line":104,"column":0},"end":{"line":112,"column":1}},"type":"if","locations":[{"start":{"line":104,"column":0},"end":{"line":112,"column":1}},{"start":{},"end":{}}],"line":104},"5":{"loc":{"start":{"line":105,"column":2},"end":{"line":107,"column":3}},"type":"if","locations":[{"start":{"line":105,"column":2},"end":{"line":107,"column":3}},{"start":{},"end":{}}],"line":105},"6":{"loc":{"start":{"line":108,"column":2},"end":{"line":111,"column":3}},"type":"if","locations":[{"start":{"line":108,"column":2},"end":{"line":111,"column":3}},{"start":{},"end":{}}],"line":108},"7":{"loc":{"start":{"line":116,"column":4},"end":{"line":121,"column":5}},"type":"if","locations":[{"start":{"line":116,"column":4},"end":{"line":121,"column":5}},{"start":{"line":118,"column":11},"end":{"line":121,"column":5}}],"line":116},"8":{"loc":{"start":{"line":116,"column":8},"end":{"line":116,"column":76}},"type":"binary-expr","locations":[{"start":{"line":116,"column":8},"end":{"line":116,"column":15}},{"start":{"line":116,"column":19},"end":{"line":116,"column":47}},{"start":{"line":116,"column":51},"end":{"line":116,"column":76}}],"line":116},"9":{"loc":{"start":{"line":167,"column":14},"end":{"line":167,"column":56}},"type":"cond-expr","locations":[{"start":{"line":167,"column":32},"end":{"line":167,"column":39}},{"start":{"line":167,"column":42},"end":{"line":167,"column":56}}],"line":167},"10":{"loc":{"start":{"line":173,"column":2},"end":{"line":179,"column":3}},"type":"if","locations":[{"start":{"line":173,"column":2},"end":{"line":179,"column":3}},{"start":{},"end":{}}],"line":173}},"s":{"0":0,"1":0,"2":0,"3":0,"4":0,"5":0,"6":0,"7":0,"8":0,"9":0,"10":0,"11":0,"12":0,"13":0,"14":0,"15":0,"16":0,"17":0,"18":0,"19":0,"20":0,"21":0,"22":0,"23":0,"24":0,"25":0,"26":0,"27":0,"28":0,"29":0,"30":0,"31":0,"32":0,"33":0,"34":0,"35":0,"36":0,"37":0,"38":0,"39":0,"40":0,"41":0,"42":0,"43":0,"44":0,"45":0,"46":0,"47":0,"48":0,"49":0,"50":0,"51":0,"52":0,"53":0,"54":0,"55":0,"56":0,"57":0,"58":0,"59":0,"60":0,"61":0,"62":0,"63":0,"64":0,"65":0,"66":0,"67":0,"68":0,"69":0,"70":0,"71":0,"72":0,"73":0,"74":0,"75":0,"76":0,"77":0,"78":0,"79":0,"80":0,"81":0,"82":0,"83":0,"84":0,"85":0,"86":0,"87":0,"88":0,"89":0,"90":0,"91":0,"92":0,"93":0,"94":0,"95":0,"96":0,"97":0,"98":0,"99":0,"100":0,"101":0,"102":0,"103":0,"104":0,"105":0,"106":0,"107":0,"108":0,"109":0,"110":0,"111":0,"112":0,"113":0,"114":0,"115":0,"116":0,"117":0,"118":0,"119":0,"120":0,"121":0},"f":{"0":0,"1":0,"2":0,"3":0,"4":0,"5":0,"6":0,"7":0,"8":0,"9":0,"10":0},"b":{"0":[0,0],"1":[0,0],"2":[0,0],"3":[0,0],"4":[0,0],"5":[0,0],"6":[0,0],"7":[0,0],"8":[0,0,0],"9":[0,0],"10":[0,0]},"inputSourceMap":null}
,"/home/runner/workspace/backend/config/swagger.cjs": {"path":"/home/runner/workspace/backend/config/swagger.cjs","statementMap":{"0":{"start":{"line":1,"column":21},"end":{"line":1,"column":45}},"1":{"start":{"line":3,"column":16},"end":{"line":125,"column":1}},"2":{"start":{"line":127,"column":20},"end":{"line":127,"column":41}},"3":{"start":{"line":129,"column":0},"end":{"line":129,"column":29}}},"fnMap":{},"branchMap":{},"s":{"0":0,"1":0,"2":0,"3":0},"f":{},"b":{},"inputSourceMap":null}
,"/home/runner/workspace/backend/db/dbService.cjs": {"path":"/home/runner/workspace/backend/db/dbService.cjs","statementMap":{"0":{"start":{"line":1,"column":24},"end":{"line":1,"column":47}},"1":{"start":{"line":3,"column":15},"end":{"line":14,"column":1}},"2":{"start":{"line":4,"column":13},"end":{"line":4,"column":26}},"3":{"start":{"line":5,"column":15},"end":{"line":5,"column":32}},"4":{"start":{"line":6,"column":17},"end":{"line":6,"column":36}},"5":{"start":{"line":7,"column":23},"end":{"line":7,"column":53}},"6":{"start":{"line":7,"column":38},"end":{"line":7,"column":41}},"7":{"start":{"line":9,"column":15},"end":{"line":11,"column":3}},"8":{"start":{"line":13,"column":2},"end":{"line":13,"column":29}},"9":{"start":{"line":16,"column":19},"end":{"line":34,"column":1}},"10":{"start":{"line":17,"column":2},"end":{"line":17,"column":35}},"11":{"start":{"line":17,"column":28},"end":{"line":17,"column":35}},"12":{"start":{"line":19,"column":13},"end":{"line":19,"column":26}},"13":{"start":{"line":20,"column":15},"end":{"line":20,"column":38}},"14":{"start":{"line":21,"column":23},"end":{"line":21,"column":53}},"15":{"start":{"line":21,"column":38},"end":{"line":21,"column":41}},"16":{"start":{"line":23,"column":15},"end":{"line":25,"column":3}},"17":{"start":{"line":27,"column":23},"end":{"line":31,"column":4}},"18":{"start":{"line":28,"column":4},"end":{"line":30,"column":5}},"19":{"start":{"line":29,"column":6},"end":{"line":29,"column":41}},"20":{"start":{"line":33,"column":2},"end":{"line":33,"column":24}},"21":{"start":{"line":36,"column":15},"end":{"line":40,"column":1}},"22":{"start":{"line":37,"column":13},"end":{"line":37,"column":26}},"23":{"start":{"line":38,"column":15},"end":{"line":38,"column":51}},"24":{"start":{"line":39,"column":2},"end":{"line":39,"column":20}},"25":{"start":{"line":42,"column":16},"end":{"line":46,"column":1}},"26":{"start":{"line":43,"column":13},"end":{"line":43,"column":26}},"27":{"start":{"line":44,"column":15},"end":{"line":44,"column":64}},"28":{"start":{"line":45,"column":2},"end":{"line":45,"column":22}},"29":{"start":{"line":48,"column":15},"end":{"line":59,"column":1}},"30":{"start":{"line":49,"column":13},"end":{"line":49,"column":26}},"31":{"start":{"line":50,"column":15},"end":{"line":50,"column":32}},"32":{"start":{"line":51,"column":17},"end":{"line":51,"column":36}},"33":{"start":{"line":52,"column":20},"end":{"line":52,"column":56}},"34":{"start":{"line":52,"column":34},"end":{"line":52,"column":44}},"35":{"start":{"line":54,"column":15},"end":{"line":56,"column":3}},"36":{"start":{"line":58,"column":2},"end":{"line":58,"column":33}},"37":{"start":{"line":61,"column":15},"end":{"line":65,"column":1}},"38":{"start":{"line":62,"column":13},"end":{"line":62,"column":26}},"39":{"start":{"line":63,"column":15},"end":{"line":63,"column":62}},"40":{"start":{"line":64,"column":2},"end":{"line":64,"column":22}},"41":{"start":{"line":67,"column":14},"end":{"line":71,"column":1}},"42":{"start":{"line":68,"column":13},"end":{"line":68,"column":26}},"43":{"start":{"line":69,"column":15},"end":{"line":69,"column":30}},"44":{"start":{"line":70,"column":2},"end":{"line":70,"column":29}},"45":{"start":{"line":73,"column":17},"end":{"line":77,"column":1}},"46":{"start":{"line":74,"column":13},"end":{"line":74,"column":26}},"47":{"start":{"line":75,"column":15},"end":{"line":75,"column":30}},"48":{"start":{"line":76,"column":2},"end":{"line":76,"column":29}},"49":{"start":{"line":79,"column":16},"end":{"line":83,"column":1}},"50":{"start":{"line":80,"column":13},"end":{"line":80,"column":26}},"51":{"start":{"line":81,"column":15},"end":{"line":81,"column":30}},"52":{"start":{"line":82,"column":2},"end":{"line":82,"column":29}},"53":{"start":{"line":85,"column":14},"end":{"line":94,"column":1}},"54":{"start":{"line":86,"column":13},"end":{"line":86,"column":26}},"55":{"start":{"line":87,"column":14},"end":{"line":89,"column":46}},"56":{"start":{"line":91,"column":15},"end":{"line":91,"column":30}},"57":{"start":{"line":92,"column":17},"end":{"line":92,"column":36}},"58":{"start":{"line":93,"column":2},"end":{"line":93,"column":22}},"59":{"start":{"line":96,"column":15},"end":{"line":98,"column":1}},"60":{"start":{"line":97,"column":2},"end":{"line":97,"column":42}},"61":{"start":{"line":100,"column":19},"end":{"line":103,"column":1}},"62":{"start":{"line":101,"column":17},"end":{"line":101,"column":76}},"63":{"start":{"line":102,"column":2},"end":{"line":102,"column":39}},"64":{"start":{"line":105,"column":19},"end":{"line":113,"column":1}},"65":{"start":{"line":106,"column":13},"end":{"line":106,"column":26}},"66":{"start":{"line":107,"column":15},"end":{"line":111,"column":3}},"67":{"start":{"line":112,"column":2},"end":{"line":112,"column":30}},"68":{"start":{"line":115,"column":20},"end":{"line":119,"column":1}},"69":{"start":{"line":116,"column":13},"end":{"line":116,"column":26}},"70":{"start":{"line":117,"column":13},"end":{"line":117,"column":37}},"71":{"start":{"line":118,"column":2},"end":{"line":118,"column":14}},"72":{"start":{"line":121,"column":0},"end":{"line":136,"column":2}}},"fnMap":{"0":{"name":"(anonymous_0)","decl":{"start":{"line":3,"column":15},"end":{"line":3,"column":16}},"loc":{"start":{"line":3,"column":32},"end":{"line":14,"column":1}},"line":3},"1":{"name":"(anonymous_1)","decl":{"start":{"line":7,"column":32},"end":{"line":7,"column":33}},"loc":{"start":{"line":7,"column":38},"end":{"line":7,"column":41}},"line":7},"2":{"name":"(anonymous_2)","decl":{"start":{"line":16,"column":19},"end":{"line":16,"column":20}},"loc":{"start":{"line":16,"column":39},"end":{"line":34,"column":1}},"line":16},"3":{"name":"(anonymous_3)","decl":{"start":{"line":21,"column":32},"end":{"line":21,"column":33}},"loc":{"start":{"line":21,"column":38},"end":{"line":21,"column":41}},"line":21},"4":{"name":"(anonymous_4)","decl":{"start":{"line":27,"column":38},"end":{"line":27,"column":39}},"loc":{"start":{"line":27,"column":54},"end":{"line":31,"column":3}},"line":27},"5":{"name":"(anonymous_5)","decl":{"start":{"line":36,"column":15},"end":{"line":36,"column":16}},"loc":{"start":{"line":36,"column":26},"end":{"line":40,"column":1}},"line":36},"6":{"name":"(anonymous_6)","decl":{"start":{"line":42,"column":16},"end":{"line":42,"column":17}},"loc":{"start":{"line":42,"column":31},"end":{"line":46,"column":1}},"line":42},"7":{"name":"(anonymous_7)","decl":{"start":{"line":48,"column":15},"end":{"line":48,"column":16}},"loc":{"start":{"line":48,"column":36},"end":{"line":59,"column":1}},"line":48},"8":{"name":"(anonymous_8)","decl":{"start":{"line":52,"column":29},"end":{"line":52,"column":30}},"loc":{"start":{"line":52,"column":34},"end":{"line":52,"column":44}},"line":52},"9":{"name":"(anonymous_9)","decl":{"start":{"line":61,"column":15},"end":{"line":61,"column":16}},"loc":{"start":{"line":61,"column":30},"end":{"line":65,"column":1}},"line":61},"10":{"name":"(anonymous_10)","decl":{"start":{"line":67,"column":14},"end":{"line":67,"column":15}},"loc":{"start":{"line":67,"column":36},"end":{"line":71,"column":1}},"line":67},"11":{"name":"(anonymous_11)","decl":{"start":{"line":73,"column":17},"end":{"line":73,"column":18}},"loc":{"start":{"line":73,"column":39},"end":{"line":77,"column":1}},"line":73},"12":{"name":"(anonymous_12)","decl":{"start":{"line":79,"column":16},"end":{"line":79,"column":17}},"loc":{"start":{"line":79,"column":38},"end":{"line":83,"column":1}},"line":79},"13":{"name":"(anonymous_13)","decl":{"start":{"line":85,"column":14},"end":{"line":85,"column":15}},"loc":{"start":{"line":85,"column":51},"end":{"line":94,"column":1}},"line":85},"14":{"name":"(anonymous_14)","decl":{"start":{"line":96,"column":15},"end":{"line":96,"column":16}},"loc":{"start":{"line":96,"column":30},"end":{"line":98,"column":1}},"line":96},"15":{"name":"(anonymous_15)","decl":{"start":{"line":100,"column":19},"end":{"line":100,"column":20}},"loc":{"start":{"line":100,"column":47},"end":{"line":103,"column":1}},"line":100},"16":{"name":"(anonymous_16)","decl":{"start":{"line":105,"column":19},"end":{"line":105,"column":20}},"loc":{"start":{"line":105,"column":35},"end":{"line":113,"column":1}},"line":105},"17":{"name":"(anonymous_17)","decl":{"start":{"line":115,"column":20},"end":{"line":115,"column":21}},"loc":{"start":{"line":115,"column":34},"end":{"line":119,"column":1}},"line":115}},"branchMap":{"0":{"loc":{"start":{"line":17,"column":2},"end":{"line":17,"column":35}},"type":"if","locations":[{"start":{"line":17,"column":2},"end":{"line":17,"column":35}},{"start":{},"end":{}}],"line":17},"1":{"loc":{"start":{"line":67,"column":20},"end":{"line":67,"column":31}},"type":"default-arg","locations":[{"start":{"line":67,"column":29},"end":{"line":67,"column":31}}],"line":67},"2":{"loc":{"start":{"line":73,"column":23},"end":{"line":73,"column":34}},"type":"default-arg","locations":[{"start":{"line":73,"column":32},"end":{"line":73,"column":34}}],"line":73},"3":{"loc":{"start":{"line":79,"column":22},"end":{"line":79,"column":33}},"type":"default-arg","locations":[{"start":{"line":79,"column":31},"end":{"line":79,"column":33}}],"line":79},"4":{"loc":{"start":{"line":85,"column":35},"end":{"line":85,"column":46}},"type":"default-arg","locations":[{"start":{"line":85,"column":44},"end":{"line":85,"column":46}}],"line":85},"5":{"loc":{"start":{"line":87,"column":14},"end":{"line":89,"column":46}},"type":"cond-expr","locations":[{"start":{"line":88,"column":6},"end":{"line":88,"column":67}},{"start":{"line":89,"column":6},"end":{"line":89,"column":46}}],"line":87},"6":{"loc":{"start":{"line":100,"column":25},"end":{"line":100,"column":42}},"type":"default-arg","locations":[{"start":{"line":100,"column":40},"end":{"line":100,"column":42}}],"line":100},"7":{"loc":{"start":{"line":102,"column":9},"end":{"line":102,"column":38}},"type":"binary-expr","locations":[{"start":{"line":102,"column":9},"end":{"line":102,"column":22}},{"start":{"line":102,"column":26},"end":{"line":102,"column":38}}],"line":102}},"s":{"0":6,"1":6,"2":29,"3":29,"4":29,"5":29,"6":254,"7":29,"8":29,"9":6,"10":0,"11":0,"12":0,"13":0,"14":0,"15":0,"16":0,"17":0,"18":0,"19":0,"20":0,"21":6,"22":18,"23":18,"24":18,"25":6,"26":5,"27":5,"28":5,"29":6,"30":3,"31":3,"32":3,"33":3,"34":20,"35":3,"36":3,"37":6,"38":3,"39":3,"40":3,"41":6,"42":1,"43":1,"44":1,"45":6,"46":6,"47":6,"48":6,"49":6,"50":0,"51":0,"52":0,"53":6,"54":2,"55":2,"56":2,"57":2,"58":2,"59":6,"60":0,"61":6,"62":0,"63":0,"64":6,"65":0,"66":0,"67":0,"68":6,"69":0,"70":0,"71":0,"72":6},"f":{"0":29,"1":254,"2":0,"3":0,"4":0,"5":18,"6":5,"7":3,"8":20,"9":3,"10":1,"11":6,"12":0,"13":2,"14":0,"15":0,"16":0,"17":0},"b":{"0":[0,0],"1":[1],"2":[0],"3":[0],"4":[0],"5":[2,0],"6":[0],"7":[0,0]},"inputSourceMap":null,"_coverageSchema":"1a1c01bbd47fc00a2c39e90264f33305004495a9","hash":"eac58547d254021da5ecb87f6f6ef9ba056f7034"}
,"/home/runner/workspace/backend/db/helpers.cjs": {"path":"/home/runner/workspace/backend/db/helpers.cjs","statementMap":{"0":{"start":{"line":2,"column":18},"end":{"line":2,"column":42}},"1":{"start":{"line":2,"column":29},"end":{"line":2,"column":42}},"2":{"start":{"line":3,"column":18},"end":{"line":3,"column":40}},"3":{"start":{"line":3,"column":29},"end":{"line":3,"column":40}},"4":{"start":{"line":6,"column":20},"end":{"line":19,"column":2}},"5":{"start":{"line":6,"column":34},"end":{"line":19,"column":1}},"6":{"start":{"line":21,"column":20},"end":{"line":34,"column":2}},"7":{"start":{"line":21,"column":36},"end":{"line":34,"column":1}},"8":{"start":{"line":37,"column":21},"end":{"line":46,"column":2}},"9":{"start":{"line":37,"column":36},"end":{"line":46,"column":1}},"10":{"start":{"line":48,"column":21},"end":{"line":57,"column":2}},"11":{"start":{"line":48,"column":38},"end":{"line":57,"column":1}},"12":{"start":{"line":60,"column":17},"end":{"line":85,"column":2}},"13":{"start":{"line":60,"column":28},"end":{"line":85,"column":1}},"14":{"start":{"line":87,"column":17},"end":{"line":112,"column":2}},"15":{"start":{"line":87,"column":30},"end":{"line":112,"column":1}},"16":{"start":{"line":115,"column":21},"end":{"line":125,"column":2}},"17":{"start":{"line":115,"column":36},"end":{"line":125,"column":1}},"18":{"start":{"line":127,"column":21},"end":{"line":137,"column":2}},"19":{"start":{"line":127,"column":38},"end":{"line":137,"column":1}},"20":{"start":{"line":140,"column":21},"end":{"line":144,"column":2}},"21":{"start":{"line":140,"column":36},"end":{"line":144,"column":1}},"22":{"start":{"line":146,"column":21},"end":{"line":150,"column":2}},"23":{"start":{"line":146,"column":38},"end":{"line":150,"column":1}},"24":{"start":{"line":153,"column":18},"end":{"line":159,"column":2}},"25":{"start":{"line":153,"column":30},"end":{"line":159,"column":1}},"26":{"start":{"line":161,"column":18},"end":{"line":167,"column":2}},"27":{"start":{"line":161,"column":32},"end":{"line":167,"column":1}},"28":{"start":{"line":170,"column":20},"end":{"line":175,"column":2}},"29":{"start":{"line":170,"column":34},"end":{"line":175,"column":1}},"30":{"start":{"line":177,"column":20},"end":{"line":182,"column":2}},"31":{"start":{"line":177,"column":36},"end":{"line":182,"column":1}},"32":{"start":{"line":185,"column":26},"end":{"line":191,"column":2}},"33":{"start":{"line":185,"column":39},"end":{"line":191,"column":1}},"34":{"start":{"line":193,"column":26},"end":{"line":199,"column":2}},"35":{"start":{"line":193,"column":41},"end":{"line":199,"column":1}},"36":{"start":{"line":202,"column":26},"end":{"line":213,"column":2}},"37":{"start":{"line":202,"column":35},"end":{"line":213,"column":1}},"38":{"start":{"line":215,"column":26},"end":{"line":226,"column":2}},"39":{"start":{"line":215,"column":37},"end":{"line":226,"column":1}},"40":{"start":{"line":229,"column":16},"end":{"line":245,"column":2}},"41":{"start":{"line":229,"column":26},"end":{"line":245,"column":1}},"42":{"start":{"line":247,"column":16},"end":{"line":263,"column":2}},"43":{"start":{"line":247,"column":28},"end":{"line":263,"column":1}},"44":{"start":{"line":266,"column":28},"end":{"line":276,"column":2}},"45":{"start":{"line":266,"column":38},"end":{"line":276,"column":1}},"46":{"start":{"line":278,"column":28},"end":{"line":288,"column":2}},"47":{"start":{"line":278,"column":40},"end":{"line":288,"column":1}},"48":{"start":{"line":291,"column":21},"end":{"line":307,"column":2}},"49":{"start":{"line":291,"column":36},"end":{"line":307,"column":1}},"50":{"start":{"line":309,"column":21},"end":{"line":325,"column":2}},"51":{"start":{"line":309,"column":38},"end":{"line":325,"column":1}},"52":{"start":{"line":328,"column":29},"end":{"line":342,"column":2}},"53":{"start":{"line":328,"column":41},"end":{"line":342,"column":1}},"54":{"start":{"line":344,"column":29},"end":{"line":358,"column":2}},"55":{"start":{"line":344,"column":43},"end":{"line":358,"column":1}},"56":{"start":{"line":361,"column":17},"end":{"line":381,"column":2}},"57":{"start":{"line":361,"column":28},"end":{"line":381,"column":1}},"58":{"start":{"line":383,"column":17},"end":{"line":403,"column":2}},"59":{"start":{"line":383,"column":30},"end":{"line":403,"column":1}},"60":{"start":{"line":406,"column":23},"end":{"line":415,"column":2}},"61":{"start":{"line":406,"column":40},"end":{"line":415,"column":1}},"62":{"start":{"line":417,"column":23},"end":{"line":426,"column":2}},"63":{"start":{"line":417,"column":42},"end":{"line":426,"column":1}},"64":{"start":{"line":429,"column":20},"end":{"line":442,"column":2}},"65":{"start":{"line":429,"column":34},"end":{"line":442,"column":1}},"66":{"start":{"line":444,"column":20},"end":{"line":457,"column":2}},"67":{"start":{"line":444,"column":36},"end":{"line":457,"column":1}},"68":{"start":{"line":460,"column":24},"end":{"line":469,"column":2}},"69":{"start":{"line":460,"column":34},"end":{"line":469,"column":1}},"70":{"start":{"line":471,"column":24},"end":{"line":480,"column":2}},"71":{"start":{"line":471,"column":36},"end":{"line":480,"column":1}},"72":{"start":{"line":483,"column":17},"end":{"line":487,"column":2}},"73":{"start":{"line":483,"column":28},"end":{"line":487,"column":1}},"74":{"start":{"line":489,"column":17},"end":{"line":493,"column":2}},"75":{"start":{"line":489,"column":30},"end":{"line":493,"column":1}},"76":{"start":{"line":496,"column":23},"end":{"line":501,"column":2}},"77":{"start":{"line":496,"column":40},"end":{"line":501,"column":1}},"78":{"start":{"line":503,"column":23},"end":{"line":508,"column":2}},"79":{"start":{"line":503,"column":42},"end":{"line":508,"column":1}},"80":{"start":{"line":511,"column":27},"end":{"line":515,"column":2}},"81":{"start":{"line":511,"column":36},"end":{"line":515,"column":1}},"82":{"start":{"line":517,"column":27},"end":{"line":521,"column":2}},"83":{"start":{"line":517,"column":38},"end":{"line":521,"column":1}},"84":{"start":{"line":524,"column":27},"end":{"line":533,"column":2}},"85":{"start":{"line":524,"column":41},"end":{"line":533,"column":1}},"86":{"start":{"line":535,"column":27},"end":{"line":544,"column":2}},"87":{"start":{"line":535,"column":43},"end":{"line":544,"column":1}},"88":{"start":{"line":547,"column":25},"end":{"line":557,"column":2}},"89":{"start":{"line":547,"column":37},"end":{"line":557,"column":1}},"90":{"start":{"line":559,"column":25},"end":{"line":570,"column":2}},"91":{"start":{"line":559,"column":39},"end":{"line":570,"column":1}},"92":{"start":{"line":573,"column":29},"end":{"line":582,"column":2}},"93":{"start":{"line":573,"column":40},"end":{"line":582,"column":1}},"94":{"start":{"line":584,"column":29},"end":{"line":593,"column":2}},"95":{"start":{"line":584,"column":42},"end":{"line":593,"column":1}},"96":{"start":{"line":596,"column":24},"end":{"line":607,"column":2}},"97":{"start":{"line":596,"column":38},"end":{"line":607,"column":1}},"98":{"start":{"line":609,"column":24},"end":{"line":620,"column":2}},"99":{"start":{"line":609,"column":40},"end":{"line":620,"column":1}},"100":{"start":{"line":622,"column":0},"end":{"line":673,"column":2}}},"fnMap":{"0":{"name":"(anonymous_0)","decl":{"start":{"line":2,"column":18},"end":{"line":2,"column":19}},"loc":{"start":{"line":2,"column":29},"end":{"line":2,"column":42}},"line":2},"1":{"name":"(anonymous_1)","decl":{"start":{"line":3,"column":18},"end":{"line":3,"column":19}},"loc":{"start":{"line":3,"column":29},"end":{"line":3,"column":40}},"line":3},"2":{"name":"(anonymous_2)","decl":{"start":{"line":6,"column":20},"end":{"line":6,"column":21}},"loc":{"start":{"line":6,"column":34},"end":{"line":19,"column":1}},"line":6},"3":{"name":"(anonymous_3)","decl":{"start":{"line":21,"column":20},"end":{"line":21,"column":21}},"loc":{"start":{"line":21,"column":36},"end":{"line":34,"column":1}},"line":21},"4":{"name":"(anonymous_4)","decl":{"start":{"line":37,"column":21},"end":{"line":37,"column":22}},"loc":{"start":{"line":37,"column":36},"end":{"line":46,"column":1}},"line":37},"5":{"name":"(anonymous_5)","decl":{"start":{"line":48,"column":21},"end":{"line":48,"column":22}},"loc":{"start":{"line":48,"column":38},"end":{"line":57,"column":1}},"line":48},"6":{"name":"(anonymous_6)","decl":{"start":{"line":60,"column":17},"end":{"line":60,"column":18}},"loc":{"start":{"line":60,"column":28},"end":{"line":85,"column":1}},"line":60},"7":{"name":"(anonymous_7)","decl":{"start":{"line":87,"column":17},"end":{"line":87,"column":18}},"loc":{"start":{"line":87,"column":30},"end":{"line":112,"column":1}},"line":87},"8":{"name":"(anonymous_8)","decl":{"start":{"line":115,"column":21},"end":{"line":115,"column":22}},"loc":{"start":{"line":115,"column":36},"end":{"line":125,"column":1}},"line":115},"9":{"name":"(anonymous_9)","decl":{"start":{"line":127,"column":21},"end":{"line":127,"column":22}},"loc":{"start":{"line":127,"column":38},"end":{"line":137,"column":1}},"line":127},"10":{"name":"(anonymous_10)","decl":{"start":{"line":140,"column":21},"end":{"line":140,"column":22}},"loc":{"start":{"line":140,"column":36},"end":{"line":144,"column":1}},"line":140},"11":{"name":"(anonymous_11)","decl":{"start":{"line":146,"column":21},"end":{"line":146,"column":22}},"loc":{"start":{"line":146,"column":38},"end":{"line":150,"column":1}},"line":146},"12":{"name":"(anonymous_12)","decl":{"start":{"line":153,"column":18},"end":{"line":153,"column":19}},"loc":{"start":{"line":153,"column":30},"end":{"line":159,"column":1}},"line":153},"13":{"name":"(anonymous_13)","decl":{"start":{"line":161,"column":18},"end":{"line":161,"column":19}},"loc":{"start":{"line":161,"column":32},"end":{"line":167,"column":1}},"line":161},"14":{"name":"(anonymous_14)","decl":{"start":{"line":170,"column":20},"end":{"line":170,"column":21}},"loc":{"start":{"line":170,"column":34},"end":{"line":175,"column":1}},"line":170},"15":{"name":"(anonymous_15)","decl":{"start":{"line":177,"column":20},"end":{"line":177,"column":21}},"loc":{"start":{"line":177,"column":36},"end":{"line":182,"column":1}},"line":177},"16":{"name":"(anonymous_16)","decl":{"start":{"line":185,"column":26},"end":{"line":185,"column":27}},"loc":{"start":{"line":185,"column":39},"end":{"line":191,"column":1}},"line":185},"17":{"name":"(anonymous_17)","decl":{"start":{"line":193,"column":26},"end":{"line":193,"column":27}},"loc":{"start":{"line":193,"column":41},"end":{"line":199,"column":1}},"line":193},"18":{"name":"(anonymous_18)","decl":{"start":{"line":202,"column":26},"end":{"line":202,"column":27}},"loc":{"start":{"line":202,"column":35},"end":{"line":213,"column":1}},"line":202},"19":{"name":"(anonymous_19)","decl":{"start":{"line":215,"column":26},"end":{"line":215,"column":27}},"loc":{"start":{"line":215,"column":37},"end":{"line":226,"column":1}},"line":215},"20":{"name":"(anonymous_20)","decl":{"start":{"line":229,"column":16},"end":{"line":229,"column":17}},"loc":{"start":{"line":229,"column":26},"end":{"line":245,"column":1}},"line":229},"21":{"name":"(anonymous_21)","decl":{"start":{"line":247,"column":16},"end":{"line":247,"column":17}},"loc":{"start":{"line":247,"column":28},"end":{"line":263,"column":1}},"line":247},"22":{"name":"(anonymous_22)","decl":{"start":{"line":266,"column":28},"end":{"line":266,"column":29}},"loc":{"start":{"line":266,"column":38},"end":{"line":276,"column":1}},"line":266},"23":{"name":"(anonymous_23)","decl":{"start":{"line":278,"column":28},"end":{"line":278,"column":29}},"loc":{"start":{"line":278,"column":40},"end":{"line":288,"column":1}},"line":278},"24":{"name":"(anonymous_24)","decl":{"start":{"line":291,"column":21},"end":{"line":291,"column":22}},"loc":{"start":{"line":291,"column":36},"end":{"line":307,"column":1}},"line":291},"25":{"name":"(anonymous_25)","decl":{"start":{"line":309,"column":21},"end":{"line":309,"column":22}},"loc":{"start":{"line":309,"column":38},"end":{"line":325,"column":1}},"line":309},"26":{"name":"(anonymous_26)","decl":{"start":{"line":328,"column":29},"end":{"line":328,"column":30}},"loc":{"start":{"line":328,"column":41},"end":{"line":342,"column":1}},"line":328},"27":{"name":"(anonymous_27)","decl":{"start":{"line":344,"column":29},"end":{"line":344,"column":30}},"loc":{"start":{"line":344,"column":43},"end":{"line":358,"column":1}},"line":344},"28":{"name":"(anonymous_28)","decl":{"start":{"line":361,"column":17},"end":{"line":361,"column":18}},"loc":{"start":{"line":361,"column":28},"end":{"line":381,"column":1}},"line":361},"29":{"name":"(anonymous_29)","decl":{"start":{"line":383,"column":17},"end":{"line":383,"column":18}},"loc":{"start":{"line":383,"column":30},"end":{"line":403,"column":1}},"line":383},"30":{"name":"(anonymous_30)","decl":{"start":{"line":406,"column":23},"end":{"line":406,"column":24}},"loc":{"start":{"line":406,"column":40},"end":{"line":415,"column":1}},"line":406},"31":{"name":"(anonymous_31)","decl":{"start":{"line":417,"column":23},"end":{"line":417,"column":24}},"loc":{"start":{"line":417,"column":42},"end":{"line":426,"column":1}},"line":417},"32":{"name":"(anonymous_32)","decl":{"start":{"line":429,"column":20},"end":{"line":429,"column":21}},"loc":{"start":{"line":429,"column":34},"end":{"line":442,"column":1}},"line":429},"33":{"name":"(anonymous_33)","decl":{"start":{"line":444,"column":20},"end":{"line":444,"column":21}},"loc":{"start":{"line":444,"column":36},"end":{"line":457,"column":1}},"line":444},"34":{"name":"(anonymous_34)","decl":{"start":{"line":460,"column":24},"end":{"line":460,"column":25}},"loc":{"start":{"line":460,"column":34},"end":{"line":469,"column":1}},"line":460},"35":{"name":"(anonymous_35)","decl":{"start":{"line":471,"column":24},"end":{"line":471,"column":25}},"loc":{"start":{"line":471,"column":36},"end":{"line":480,"column":1}},"line":471},"36":{"name":"(anonymous_36)","decl":{"start":{"line":483,"column":17},"end":{"line":483,"column":18}},"loc":{"start":{"line":483,"column":28},"end":{"line":487,"column":1}},"line":483},"37":{"name":"(anonymous_37)","decl":{"start":{"line":489,"column":17},"end":{"line":489,"column":18}},"loc":{"start":{"line":489,"column":30},"end":{"line":493,"column":1}},"line":489},"38":{"name":"(anonymous_38)","decl":{"start":{"line":496,"column":23},"end":{"line":496,"column":24}},"loc":{"start":{"line":496,"column":40},"end":{"line":501,"column":1}},"line":496},"39":{"name":"(anonymous_39)","decl":{"start":{"line":503,"column":23},"end":{"line":503,"column":24}},"loc":{"start":{"line":503,"column":42},"end":{"line":508,"column":1}},"line":503},"40":{"name":"(anonymous_40)","decl":{"start":{"line":511,"column":27},"end":{"line":511,"column":28}},"loc":{"start":{"line":511,"column":36},"end":{"line":515,"column":1}},"line":511},"41":{"name":"(anonymous_41)","decl":{"start":{"line":517,"column":27},"end":{"line":517,"column":28}},"loc":{"start":{"line":517,"column":38},"end":{"line":521,"column":1}},"line":517},"42":{"name":"(anonymous_42)","decl":{"start":{"line":524,"column":27},"end":{"line":524,"column":28}},"loc":{"start":{"line":524,"column":41},"end":{"line":533,"column":1}},"line":524},"43":{"name":"(anonymous_43)","decl":{"start":{"line":535,"column":27},"end":{"line":535,"column":28}},"loc":{"start":{"line":535,"column":43},"end":{"line":544,"column":1}},"line":535},"44":{"name":"(anonymous_44)","decl":{"start":{"line":547,"column":25},"end":{"line":547,"column":26}},"loc":{"start":{"line":547,"column":37},"end":{"line":557,"column":1}},"line":547},"45":{"name":"(anonymous_45)","decl":{"start":{"line":559,"column":25},"end":{"line":559,"column":26}},"loc":{"start":{"line":559,"column":39},"end":{"line":570,"column":1}},"line":559},"46":{"name":"(anonymous_46)","decl":{"start":{"line":573,"column":29},"end":{"line":573,"column":30}},"loc":{"start":{"line":573,"column":40},"end":{"line":582,"column":1}},"line":573},"47":{"name":"(anonymous_47)","decl":{"start":{"line":584,"column":29},"end":{"line":584,"column":30}},"loc":{"start":{"line":584,"column":42},"end":{"line":593,"column":1}},"line":584},"48":{"name":"(anonymous_48)","decl":{"start":{"line":596,"column":24},"end":{"line":596,"column":25}},"loc":{"start":{"line":596,"column":38},"end":{"line":607,"column":1}},"line":596},"49":{"name":"(anonymous_49)","decl":{"start":{"line":609,"column":24},"end":{"line":609,"column":25}},"loc":{"start":{"line":609,"column":40},"end":{"line":620,"column":1}},"line":609}},"branchMap":{"0":{"loc":{"start":{"line":2,"column":29},"end":{"line":2,"column":42}},"type":"cond-expr","locations":[{"start":{"line":2,"column":37},"end":{"line":2,"column":38}},{"start":{"line":2,"column":41},"end":{"line":2,"column":42}}],"line":2},"1":{"loc":{"start":{"line":14,"column":18},"end":{"line":14,"column":84}},"type":"cond-expr","locations":[{"start":{"line":14,"column":41},"end":{"line":14,"column":77}},{"start":{"line":14,"column":80},"end":{"line":14,"column":84}}],"line":14},"2":{"loc":{"start":{"line":18,"column":13},"end":{"line":18,"column":37}},"type":"binary-expr","locations":[{"start":{"line":18,"column":13},"end":{"line":18,"column":29}},{"start":{"line":18,"column":33},"end":{"line":18,"column":37}}],"line":18},"3":{"loc":{"start":{"line":29,"column":16},"end":{"line":29,"column":91}},"type":"cond-expr","locations":[{"start":{"line":29,"column":43},"end":{"line":29,"column":79}},{"start":{"line":29,"column":82},"end":{"line":29,"column":91}}],"line":29},"4":{"loc":{"start":{"line":33,"column":12},"end":{"line":33,"column":44}},"type":"binary-expr","locations":[{"start":{"line":33,"column":12},"end":{"line":33,"column":31}},{"start":{"line":33,"column":35},"end":{"line":33,"column":44}}],"line":33},"5":{"loc":{"start":{"line":41,"column":9},"end":{"line":41,"column":31}},"type":"binary-expr","locations":[{"start":{"line":41,"column":9},"end":{"line":41,"column":23}},{"start":{"line":41,"column":27},"end":{"line":41,"column":31}}],"line":41},"6":{"loc":{"start":{"line":42,"column":11},"end":{"line":42,"column":35}},"type":"binary-expr","locations":[{"start":{"line":42,"column":11},"end":{"line":42,"column":27}},{"start":{"line":42,"column":31},"end":{"line":42,"column":35}}],"line":42},"7":{"loc":{"start":{"line":44,"column":14},"end":{"line":44,"column":40}},"type":"binary-expr","locations":[{"start":{"line":44,"column":14},"end":{"line":44,"column":32}},{"start":{"line":44,"column":36},"end":{"line":44,"column":40}}],"line":44},"8":{"loc":{"start":{"line":45,"column":14},"end":{"line":45,"column":40}},"type":"binary-expr","locations":[{"start":{"line":45,"column":14},"end":{"line":45,"column":32}},{"start":{"line":45,"column":36},"end":{"line":45,"column":40}}],"line":45},"9":{"loc":{"start":{"line":52,"column":9},"end":{"line":52,"column":38}},"type":"binary-expr","locations":[{"start":{"line":52,"column":9},"end":{"line":52,"column":25}},{"start":{"line":52,"column":29},"end":{"line":52,"column":38}}],"line":52},"10":{"loc":{"start":{"line":53,"column":11},"end":{"line":53,"column":42}},"type":"binary-expr","locations":[{"start":{"line":53,"column":11},"end":{"line":53,"column":29}},{"start":{"line":53,"column":33},"end":{"line":53,"column":42}}],"line":53},"11":{"loc":{"start":{"line":55,"column":13},"end":{"line":55,"column":47}},"type":"binary-expr","locations":[{"start":{"line":55,"column":13},"end":{"line":55,"column":34}},{"start":{"line":55,"column":38},"end":{"line":55,"column":47}}],"line":55},"12":{"loc":{"start":{"line":56,"column":13},"end":{"line":56,"column":47}},"type":"binary-expr","locations":[{"start":{"line":56,"column":13},"end":{"line":56,"column":34}},{"start":{"line":56,"column":38},"end":{"line":56,"column":47}}],"line":56},"13":{"loc":{"start":{"line":69,"column":25},"end":{"line":69,"column":56}},"type":"binary-expr","locations":[{"start":{"line":69,"column":25},"end":{"line":69,"column":48}},{"start":{"line":69,"column":52},"end":{"line":69,"column":56}}],"line":69},"14":{"loc":{"start":{"line":70,"column":15},"end":{"line":70,"column":38}},"type":"binary-expr","locations":[{"start":{"line":70,"column":15},"end":{"line":70,"column":30}},{"start":{"line":70,"column":34},"end":{"line":70,"column":38}}],"line":70},"15":{"loc":{"start":{"line":71,"column":17},"end":{"line":71,"column":42}},"type":"binary-expr","locations":[{"start":{"line":71,"column":17},"end":{"line":71,"column":34}},{"start":{"line":71,"column":38},"end":{"line":71,"column":42}}],"line":71},"16":{"loc":{"start":{"line":72,"column":23},"end":{"line":72,"column":54}},"type":"binary-expr","locations":[{"start":{"line":72,"column":23},"end":{"line":72,"column":46}},{"start":{"line":72,"column":50},"end":{"line":72,"column":54}}],"line":72},"17":{"loc":{"start":{"line":73,"column":19},"end":{"line":73,"column":46}},"type":"binary-expr","locations":[{"start":{"line":73,"column":19},"end":{"line":73,"column":38}},{"start":{"line":73,"column":42},"end":{"line":73,"column":46}}],"line":73},"18":{"loc":{"start":{"line":74,"column":23},"end":{"line":74,"column":53}},"type":"binary-expr","locations":[{"start":{"line":74,"column":23},"end":{"line":74,"column":45}},{"start":{"line":74,"column":49},"end":{"line":74,"column":53}}],"line":74},"19":{"loc":{"start":{"line":75,"column":34},"end":{"line":75,"column":74}},"type":"binary-expr","locations":[{"start":{"line":75,"column":34},"end":{"line":75,"column":66}},{"start":{"line":75,"column":70},"end":{"line":75,"column":74}}],"line":75},"20":{"loc":{"start":{"line":76,"column":20},"end":{"line":76,"column":47}},"type":"binary-expr","locations":[{"start":{"line":76,"column":20},"end":{"line":76,"column":39}},{"start":{"line":76,"column":43},"end":{"line":76,"column":47}}],"line":76},"21":{"loc":{"start":{"line":77,"column":20},"end":{"line":77,"column":47}},"type":"binary-expr","locations":[{"start":{"line":77,"column":20},"end":{"line":77,"column":39}},{"start":{"line":77,"column":43},"end":{"line":77,"column":47}}],"line":77},"22":{"loc":{"start":{"line":78,"column":21},"end":{"line":78,"column":49}},"type":"binary-expr","locations":[{"start":{"line":78,"column":21},"end":{"line":78,"column":41}},{"start":{"line":78,"column":45},"end":{"line":78,"column":49}}],"line":78},"23":{"loc":{"start":{"line":79,"column":15},"end":{"line":79,"column":38}},"type":"binary-expr","locations":[{"start":{"line":79,"column":15},"end":{"line":79,"column":30}},{"start":{"line":79,"column":34},"end":{"line":79,"column":38}}],"line":79},"24":{"loc":{"start":{"line":80,"column":17},"end":{"line":80,"column":42}},"type":"binary-expr","locations":[{"start":{"line":80,"column":17},"end":{"line":80,"column":34}},{"start":{"line":80,"column":38},"end":{"line":80,"column":42}}],"line":80},"25":{"loc":{"start":{"line":81,"column":23},"end":{"line":81,"column":52}},"type":"binary-expr","locations":[{"start":{"line":81,"column":23},"end":{"line":81,"column":44}},{"start":{"line":81,"column":48},"end":{"line":81,"column":52}}],"line":81},"26":{"loc":{"start":{"line":82,"column":25},"end":{"line":82,"column":56}},"type":"binary-expr","locations":[{"start":{"line":82,"column":25},"end":{"line":82,"column":48}},{"start":{"line":82,"column":52},"end":{"line":82,"column":56}}],"line":82},"27":{"loc":{"start":{"line":83,"column":12},"end":{"line":83,"column":32}},"type":"binary-expr","locations":[{"start":{"line":83,"column":12},"end":{"line":83,"column":24}},{"start":{"line":83,"column":28},"end":{"line":83,"column":32}}],"line":83},"28":{"loc":{"start":{"line":84,"column":14},"end":{"line":84,"column":36}},"type":"binary-expr","locations":[{"start":{"line":84,"column":14},"end":{"line":84,"column":28}},{"start":{"line":84,"column":32},"end":{"line":84,"column":36}}],"line":84},"29":{"loc":{"start":{"line":96,"column":22},"end":{"line":96,"column":63}},"type":"binary-expr","locations":[{"start":{"line":96,"column":22},"end":{"line":96,"column":50}},{"start":{"line":96,"column":54},"end":{"line":96,"column":63}}],"line":96},"30":{"loc":{"start":{"line":97,"column":14},"end":{"line":97,"column":45}},"type":"binary-expr","locations":[{"start":{"line":97,"column":14},"end":{"line":97,"column":32}},{"start":{"line":97,"column":36},"end":{"line":97,"column":45}}],"line":97},"31":{"loc":{"start":{"line":98,"column":16},"end":{"line":98,"column":49}},"type":"binary-expr","locations":[{"start":{"line":98,"column":16},"end":{"line":98,"column":36}},{"start":{"line":98,"column":40},"end":{"line":98,"column":49}}],"line":98},"32":{"loc":{"start":{"line":99,"column":22},"end":{"line":99,"column":61}},"type":"binary-expr","locations":[{"start":{"line":99,"column":22},"end":{"line":99,"column":48}},{"start":{"line":99,"column":52},"end":{"line":99,"column":61}}],"line":99},"33":{"loc":{"start":{"line":100,"column":18},"end":{"line":100,"column":53}},"type":"binary-expr","locations":[{"start":{"line":100,"column":18},"end":{"line":100,"column":40}},{"start":{"line":100,"column":44},"end":{"line":100,"column":53}}],"line":100},"34":{"loc":{"start":{"line":101,"column":21},"end":{"line":101,"column":60}},"type":"binary-expr","locations":[{"start":{"line":101,"column":21},"end":{"line":101,"column":47}},{"start":{"line":101,"column":51},"end":{"line":101,"column":60}}],"line":101},"35":{"loc":{"start":{"line":102,"column":31},"end":{"line":102,"column":81}},"type":"binary-expr","locations":[{"start":{"line":102,"column":31},"end":{"line":102,"column":68}},{"start":{"line":102,"column":72},"end":{"line":102,"column":81}}],"line":102},"36":{"loc":{"start":{"line":103,"column":18},"end":{"line":103,"column":54}},"type":"binary-expr","locations":[{"start":{"line":103,"column":18},"end":{"line":103,"column":41}},{"start":{"line":103,"column":45},"end":{"line":103,"column":54}}],"line":103},"37":{"loc":{"start":{"line":104,"column":18},"end":{"line":104,"column":54}},"type":"binary-expr","locations":[{"start":{"line":104,"column":18},"end":{"line":104,"column":41}},{"start":{"line":104,"column":45},"end":{"line":104,"column":54}}],"line":104},"38":{"loc":{"start":{"line":105,"column":19},"end":{"line":105,"column":56}},"type":"binary-expr","locations":[{"start":{"line":105,"column":19},"end":{"line":105,"column":43}},{"start":{"line":105,"column":47},"end":{"line":105,"column":56}}],"line":105},"39":{"loc":{"start":{"line":106,"column":14},"end":{"line":106,"column":45}},"type":"binary-expr","locations":[{"start":{"line":106,"column":14},"end":{"line":106,"column":32}},{"start":{"line":106,"column":36},"end":{"line":106,"column":45}}],"line":106},"40":{"loc":{"start":{"line":107,"column":16},"end":{"line":107,"column":49}},"type":"binary-expr","locations":[{"start":{"line":107,"column":16},"end":{"line":107,"column":36}},{"start":{"line":107,"column":40},"end":{"line":107,"column":49}}],"line":107},"41":{"loc":{"start":{"line":108,"column":20},"end":{"line":108,"column":59}},"type":"binary-expr","locations":[{"start":{"line":108,"column":20},"end":{"line":108,"column":46}},{"start":{"line":108,"column":50},"end":{"line":108,"column":59}}],"line":108},"42":{"loc":{"start":{"line":109,"column":22},"end":{"line":109,"column":63}},"type":"binary-expr","locations":[{"start":{"line":109,"column":22},"end":{"line":109,"column":50}},{"start":{"line":109,"column":54},"end":{"line":109,"column":63}}],"line":109},"43":{"loc":{"start":{"line":110,"column":11},"end":{"line":110,"column":39}},"type":"binary-expr","locations":[{"start":{"line":110,"column":11},"end":{"line":110,"column":26}},{"start":{"line":110,"column":30},"end":{"line":110,"column":39}}],"line":110},"44":{"loc":{"start":{"line":111,"column":13},"end":{"line":111,"column":43}},"type":"binary-expr","locations":[{"start":{"line":111,"column":13},"end":{"line":111,"column":30}},{"start":{"line":111,"column":34},"end":{"line":111,"column":43}}],"line":111},"45":{"loc":{"start":{"line":118,"column":18},"end":{"line":118,"column":48}},"type":"binary-expr","locations":[{"start":{"line":118,"column":18},"end":{"line":118,"column":40}},{"start":{"line":118,"column":44},"end":{"line":118,"column":48}}],"line":118},"46":{"loc":{"start":{"line":119,"column":9},"end":{"line":119,"column":31}},"type":"binary-expr","locations":[{"start":{"line":119,"column":9},"end":{"line":119,"column":23}},{"start":{"line":119,"column":27},"end":{"line":119,"column":31}}],"line":119},"47":{"loc":{"start":{"line":120,"column":9},"end":{"line":120,"column":31}},"type":"binary-expr","locations":[{"start":{"line":120,"column":9},"end":{"line":120,"column":23}},{"start":{"line":120,"column":27},"end":{"line":120,"column":31}}],"line":120},"48":{"loc":{"start":{"line":121,"column":11},"end":{"line":121,"column":35}},"type":"binary-expr","locations":[{"start":{"line":121,"column":11},"end":{"line":121,"column":27}},{"start":{"line":121,"column":31},"end":{"line":121,"column":35}}],"line":121},"49":{"loc":{"start":{"line":122,"column":9},"end":{"line":122,"column":31}},"type":"binary-expr","locations":[{"start":{"line":122,"column":9},"end":{"line":122,"column":23}},{"start":{"line":122,"column":27},"end":{"line":122,"column":31}}],"line":122},"50":{"loc":{"start":{"line":123,"column":14},"end":{"line":123,"column":40}},"type":"binary-expr","locations":[{"start":{"line":123,"column":14},"end":{"line":123,"column":32}},{"start":{"line":123,"column":36},"end":{"line":123,"column":40}}],"line":123},"51":{"loc":{"start":{"line":124,"column":14},"end":{"line":124,"column":40}},"type":"binary-expr","locations":[{"start":{"line":124,"column":14},"end":{"line":124,"column":32}},{"start":{"line":124,"column":36},"end":{"line":124,"column":40}}],"line":124},"52":{"loc":{"start":{"line":130,"column":17},"end":{"line":130,"column":55}},"type":"binary-expr","locations":[{"start":{"line":130,"column":17},"end":{"line":130,"column":42}},{"start":{"line":130,"column":46},"end":{"line":130,"column":55}}],"line":130},"53":{"loc":{"start":{"line":131,"column":9},"end":{"line":131,"column":38}},"type":"binary-expr","locations":[{"start":{"line":131,"column":9},"end":{"line":131,"column":25}},{"start":{"line":131,"column":29},"end":{"line":131,"column":38}}],"line":131},"54":{"loc":{"start":{"line":132,"column":9},"end":{"line":132,"column":38}},"type":"binary-expr","locations":[{"start":{"line":132,"column":9},"end":{"line":132,"column":25}},{"start":{"line":132,"column":29},"end":{"line":132,"column":38}}],"line":132},"55":{"loc":{"start":{"line":133,"column":11},"end":{"line":133,"column":42}},"type":"binary-expr","locations":[{"start":{"line":133,"column":11},"end":{"line":133,"column":29}},{"start":{"line":133,"column":33},"end":{"line":133,"column":42}}],"line":133},"56":{"loc":{"start":{"line":134,"column":9},"end":{"line":134,"column":38}},"type":"binary-expr","locations":[{"start":{"line":134,"column":9},"end":{"line":134,"column":25}},{"start":{"line":134,"column":29},"end":{"line":134,"column":38}}],"line":134},"57":{"loc":{"start":{"line":135,"column":13},"end":{"line":135,"column":47}},"type":"binary-expr","locations":[{"start":{"line":135,"column":13},"end":{"line":135,"column":34}},{"start":{"line":135,"column":38},"end":{"line":135,"column":47}}],"line":135},"58":{"loc":{"start":{"line":136,"column":13},"end":{"line":136,"column":47}},"type":"binary-expr","locations":[{"start":{"line":136,"column":13},"end":{"line":136,"column":34}},{"start":{"line":136,"column":38},"end":{"line":136,"column":47}}],"line":136},"59":{"loc":{"start":{"line":143,"column":30},"end":{"line":143,"column":63}},"type":"binary-expr","locations":[{"start":{"line":143,"column":30},"end":{"line":143,"column":54}},{"start":{"line":143,"column":58},"end":{"line":143,"column":63}}],"line":143},"60":{"loc":{"start":{"line":157,"column":9},"end":{"line":157,"column":28}},"type":"binary-expr","locations":[{"start":{"line":157,"column":9},"end":{"line":157,"column":20}},{"start":{"line":157,"column":24},"end":{"line":157,"column":28}}],"line":157},"61":{"loc":{"start":{"line":158,"column":9},"end":{"line":158,"column":28}},"type":"binary-expr","locations":[{"start":{"line":158,"column":9},"end":{"line":158,"column":20}},{"start":{"line":158,"column":24},"end":{"line":158,"column":28}}],"line":158},"62":{"loc":{"start":{"line":165,"column":9},"end":{"line":165,"column":35}},"type":"binary-expr","locations":[{"start":{"line":165,"column":9},"end":{"line":165,"column":22}},{"start":{"line":165,"column":26},"end":{"line":165,"column":35}}],"line":165},"63":{"loc":{"start":{"line":166,"column":9},"end":{"line":166,"column":35}},"type":"binary-expr","locations":[{"start":{"line":166,"column":9},"end":{"line":166,"column":22}},{"start":{"line":166,"column":26},"end":{"line":166,"column":35}}],"line":166},"64":{"loc":{"start":{"line":208,"column":26},"end":{"line":208,"column":57}},"type":"binary-expr","locations":[{"start":{"line":208,"column":26},"end":{"line":208,"column":49}},{"start":{"line":208,"column":53},"end":{"line":208,"column":57}}],"line":208},"65":{"loc":{"start":{"line":212,"column":9},"end":{"line":212,"column":25}},"type":"binary-expr","locations":[{"start":{"line":212,"column":9},"end":{"line":212,"column":17}},{"start":{"line":212,"column":21},"end":{"line":212,"column":25}}],"line":212},"66":{"loc":{"start":{"line":221,"column":24},"end":{"line":221,"column":64}},"type":"binary-expr","locations":[{"start":{"line":221,"column":24},"end":{"line":221,"column":51}},{"start":{"line":221,"column":55},"end":{"line":221,"column":64}}],"line":221},"67":{"loc":{"start":{"line":225,"column":9},"end":{"line":225,"column":32}},"type":"binary-expr","locations":[{"start":{"line":225,"column":9},"end":{"line":225,"column":19}},{"start":{"line":225,"column":23},"end":{"line":225,"column":32}}],"line":225},"68":{"loc":{"start":{"line":232,"column":21},"end":{"line":232,"column":48}},"type":"binary-expr","locations":[{"start":{"line":232,"column":21},"end":{"line":232,"column":40}},{"start":{"line":232,"column":44},"end":{"line":232,"column":48}}],"line":232},"69":{"loc":{"start":{"line":241,"column":9},"end":{"line":241,"column":26}},"type":"binary-expr","locations":[{"start":{"line":241,"column":9},"end":{"line":241,"column":18}},{"start":{"line":241,"column":22},"end":{"line":241,"column":26}}],"line":241},"70":{"loc":{"start":{"line":242,"column":23},"end":{"line":242,"column":51}},"type":"binary-expr","locations":[{"start":{"line":242,"column":23},"end":{"line":242,"column":43}},{"start":{"line":242,"column":47},"end":{"line":242,"column":51}}],"line":242},"71":{"loc":{"start":{"line":243,"column":25},"end":{"line":243,"column":55}},"type":"binary-expr","locations":[{"start":{"line":243,"column":25},"end":{"line":243,"column":47}},{"start":{"line":243,"column":51},"end":{"line":243,"column":55}}],"line":243},"72":{"loc":{"start":{"line":244,"column":17},"end":{"line":244,"column":41}},"type":"binary-expr","locations":[{"start":{"line":244,"column":17},"end":{"line":244,"column":33}},{"start":{"line":244,"column":37},"end":{"line":244,"column":41}}],"line":244},"73":{"loc":{"start":{"line":250,"column":19},"end":{"line":250,"column":55}},"type":"binary-expr","locations":[{"start":{"line":250,"column":19},"end":{"line":250,"column":42}},{"start":{"line":250,"column":46},"end":{"line":250,"column":55}}],"line":250},"74":{"loc":{"start":{"line":259,"column":9},"end":{"line":259,"column":33}},"type":"binary-expr","locations":[{"start":{"line":259,"column":9},"end":{"line":259,"column":20}},{"start":{"line":259,"column":24},"end":{"line":259,"column":33}}],"line":259},"75":{"loc":{"start":{"line":260,"column":20},"end":{"line":260,"column":58}},"type":"binary-expr","locations":[{"start":{"line":260,"column":20},"end":{"line":260,"column":45}},{"start":{"line":260,"column":49},"end":{"line":260,"column":58}}],"line":260},"76":{"loc":{"start":{"line":261,"column":22},"end":{"line":261,"column":62}},"type":"binary-expr","locations":[{"start":{"line":261,"column":22},"end":{"line":261,"column":49}},{"start":{"line":261,"column":53},"end":{"line":261,"column":62}}],"line":261},"77":{"loc":{"start":{"line":262,"column":16},"end":{"line":262,"column":48}},"type":"binary-expr","locations":[{"start":{"line":262,"column":16},"end":{"line":262,"column":35}},{"start":{"line":262,"column":39},"end":{"line":262,"column":48}}],"line":262},"78":{"loc":{"start":{"line":272,"column":9},"end":{"line":272,"column":26}},"type":"binary-expr","locations":[{"start":{"line":272,"column":9},"end":{"line":272,"column":18}},{"start":{"line":272,"column":22},"end":{"line":272,"column":26}}],"line":272},"79":{"loc":{"start":{"line":273,"column":23},"end":{"line":273,"column":51}},"type":"binary-expr","locations":[{"start":{"line":273,"column":23},"end":{"line":273,"column":43}},{"start":{"line":273,"column":47},"end":{"line":273,"column":51}}],"line":273},"80":{"loc":{"start":{"line":274,"column":25},"end":{"line":274,"column":55}},"type":"binary-expr","locations":[{"start":{"line":274,"column":25},"end":{"line":274,"column":47}},{"start":{"line":274,"column":51},"end":{"line":274,"column":55}}],"line":274},"81":{"loc":{"start":{"line":275,"column":17},"end":{"line":275,"column":41}},"type":"binary-expr","locations":[{"start":{"line":275,"column":17},"end":{"line":275,"column":33}},{"start":{"line":275,"column":37},"end":{"line":275,"column":41}}],"line":275},"82":{"loc":{"start":{"line":284,"column":9},"end":{"line":284,"column":33}},"type":"binary-expr","locations":[{"start":{"line":284,"column":9},"end":{"line":284,"column":20}},{"start":{"line":284,"column":24},"end":{"line":284,"column":33}}],"line":284},"83":{"loc":{"start":{"line":285,"column":20},"end":{"line":285,"column":58}},"type":"binary-expr","locations":[{"start":{"line":285,"column":20},"end":{"line":285,"column":45}},{"start":{"line":285,"column":49},"end":{"line":285,"column":58}}],"line":285},"84":{"loc":{"start":{"line":286,"column":22},"end":{"line":286,"column":62}},"type":"binary-expr","locations":[{"start":{"line":286,"column":22},"end":{"line":286,"column":49}},{"start":{"line":286,"column":53},"end":{"line":286,"column":62}}],"line":286},"85":{"loc":{"start":{"line":287,"column":16},"end":{"line":287,"column":48}},"type":"binary-expr","locations":[{"start":{"line":287,"column":16},"end":{"line":287,"column":35}},{"start":{"line":287,"column":39},"end":{"line":287,"column":48}}],"line":287},"86":{"loc":{"start":{"line":300,"column":9},"end":{"line":300,"column":31}},"type":"binary-expr","locations":[{"start":{"line":300,"column":9},"end":{"line":300,"column":23}},{"start":{"line":300,"column":27},"end":{"line":300,"column":31}}],"line":300},"87":{"loc":{"start":{"line":301,"column":23},"end":{"line":301,"column":56}},"type":"binary-expr","locations":[{"start":{"line":301,"column":23},"end":{"line":301,"column":48}},{"start":{"line":301,"column":52},"end":{"line":301,"column":56}}],"line":301},"88":{"loc":{"start":{"line":302,"column":25},"end":{"line":302,"column":60}},"type":"binary-expr","locations":[{"start":{"line":302,"column":25},"end":{"line":302,"column":52}},{"start":{"line":302,"column":56},"end":{"line":302,"column":60}}],"line":302},"89":{"loc":{"start":{"line":303,"column":17},"end":{"line":303,"column":46}},"type":"binary-expr","locations":[{"start":{"line":303,"column":17},"end":{"line":303,"column":38}},{"start":{"line":303,"column":42},"end":{"line":303,"column":46}}],"line":303},"90":{"loc":{"start":{"line":304,"column":23},"end":{"line":304,"column":56}},"type":"binary-expr","locations":[{"start":{"line":304,"column":23},"end":{"line":304,"column":48}},{"start":{"line":304,"column":52},"end":{"line":304,"column":56}}],"line":304},"91":{"loc":{"start":{"line":305,"column":25},"end":{"line":305,"column":60}},"type":"binary-expr","locations":[{"start":{"line":305,"column":25},"end":{"line":305,"column":52}},{"start":{"line":305,"column":56},"end":{"line":305,"column":60}}],"line":305},"92":{"loc":{"start":{"line":306,"column":17},"end":{"line":306,"column":46}},"type":"binary-expr","locations":[{"start":{"line":306,"column":17},"end":{"line":306,"column":38}},{"start":{"line":306,"column":42},"end":{"line":306,"column":46}}],"line":306},"93":{"loc":{"start":{"line":318,"column":9},"end":{"line":318,"column":38}},"type":"binary-expr","locations":[{"start":{"line":318,"column":9},"end":{"line":318,"column":25}},{"start":{"line":318,"column":29},"end":{"line":318,"column":38}}],"line":318},"94":{"loc":{"start":{"line":319,"column":20},"end":{"line":319,"column":63}},"type":"binary-expr","locations":[{"start":{"line":319,"column":20},"end":{"line":319,"column":50}},{"start":{"line":319,"column":54},"end":{"line":319,"column":63}}],"line":319},"95":{"loc":{"start":{"line":320,"column":22},"end":{"line":320,"column":67}},"type":"binary-expr","locations":[{"start":{"line":320,"column":22},"end":{"line":320,"column":54}},{"start":{"line":320,"column":58},"end":{"line":320,"column":67}}],"line":320},"96":{"loc":{"start":{"line":321,"column":16},"end":{"line":321,"column":53}},"type":"binary-expr","locations":[{"start":{"line":321,"column":16},"end":{"line":321,"column":40}},{"start":{"line":321,"column":44},"end":{"line":321,"column":53}}],"line":321},"97":{"loc":{"start":{"line":322,"column":20},"end":{"line":322,"column":63}},"type":"binary-expr","locations":[{"start":{"line":322,"column":20},"end":{"line":322,"column":50}},{"start":{"line":322,"column":54},"end":{"line":322,"column":63}}],"line":322},"98":{"loc":{"start":{"line":323,"column":22},"end":{"line":323,"column":67}},"type":"binary-expr","locations":[{"start":{"line":323,"column":22},"end":{"line":323,"column":54}},{"start":{"line":323,"column":58},"end":{"line":323,"column":67}}],"line":323},"99":{"loc":{"start":{"line":324,"column":16},"end":{"line":324,"column":53}},"type":"binary-expr","locations":[{"start":{"line":324,"column":16},"end":{"line":324,"column":40}},{"start":{"line":324,"column":44},"end":{"line":324,"column":53}}],"line":324},"100":{"loc":{"start":{"line":338,"column":12},"end":{"line":338,"column":33}},"type":"binary-expr","locations":[{"start":{"line":338,"column":12},"end":{"line":338,"column":25}},{"start":{"line":338,"column":29},"end":{"line":338,"column":33}}],"line":338},"101":{"loc":{"start":{"line":339,"column":14},"end":{"line":339,"column":37}},"type":"binary-expr","locations":[{"start":{"line":339,"column":14},"end":{"line":339,"column":29}},{"start":{"line":339,"column":33},"end":{"line":339,"column":37}}],"line":339},"102":{"loc":{"start":{"line":340,"column":11},"end":{"line":340,"column":31}},"type":"binary-expr","locations":[{"start":{"line":340,"column":11},"end":{"line":340,"column":23}},{"start":{"line":340,"column":27},"end":{"line":340,"column":31}}],"line":340},"103":{"loc":{"start":{"line":341,"column":13},"end":{"line":341,"column":35}},"type":"binary-expr","locations":[{"start":{"line":341,"column":13},"end":{"line":341,"column":27}},{"start":{"line":341,"column":31},"end":{"line":341,"column":35}}],"line":341},"104":{"loc":{"start":{"line":354,"column":11},"end":{"line":354,"column":40}},"type":"binary-expr","locations":[{"start":{"line":354,"column":11},"end":{"line":354,"column":27}},{"start":{"line":354,"column":31},"end":{"line":354,"column":40}}],"line":354},"105":{"loc":{"start":{"line":355,"column":13},"end":{"line":355,"column":44}},"type":"binary-expr","locations":[{"start":{"line":355,"column":13},"end":{"line":355,"column":31}},{"start":{"line":355,"column":35},"end":{"line":355,"column":44}}],"line":355},"106":{"loc":{"start":{"line":356,"column":10},"end":{"line":356,"column":38}},"type":"binary-expr","locations":[{"start":{"line":356,"column":10},"end":{"line":356,"column":25}},{"start":{"line":356,"column":29},"end":{"line":356,"column":38}}],"line":356},"107":{"loc":{"start":{"line":357,"column":12},"end":{"line":357,"column":42}},"type":"binary-expr","locations":[{"start":{"line":357,"column":12},"end":{"line":357,"column":29}},{"start":{"line":357,"column":33},"end":{"line":357,"column":42}}],"line":357},"108":{"loc":{"start":{"line":365,"column":13},"end":{"line":365,"column":34}},"type":"binary-expr","locations":[{"start":{"line":365,"column":13},"end":{"line":365,"column":26}},{"start":{"line":365,"column":30},"end":{"line":365,"column":34}}],"line":365},"109":{"loc":{"start":{"line":367,"column":14},"end":{"line":367,"column":37}},"type":"binary-expr","locations":[{"start":{"line":367,"column":14},"end":{"line":367,"column":29}},{"start":{"line":367,"column":33},"end":{"line":367,"column":37}}],"line":367},"110":{"loc":{"start":{"line":368,"column":13},"end":{"line":368,"column":34}},"type":"binary-expr","locations":[{"start":{"line":368,"column":13},"end":{"line":368,"column":26}},{"start":{"line":368,"column":30},"end":{"line":368,"column":34}}],"line":368},"111":{"loc":{"start":{"line":369,"column":10},"end":{"line":369,"column":26}},"type":"binary-expr","locations":[{"start":{"line":369,"column":10},"end":{"line":369,"column":21}},{"start":{"line":369,"column":25},"end":{"line":369,"column":26}}],"line":369},"112":{"loc":{"start":{"line":370,"column":12},"end":{"line":370,"column":32}},"type":"binary-expr","locations":[{"start":{"line":370,"column":12},"end":{"line":370,"column":24}},{"start":{"line":370,"column":28},"end":{"line":370,"column":32}}],"line":370},"113":{"loc":{"start":{"line":371,"column":10},"end":{"line":371,"column":33}},"type":"binary-expr","locations":[{"start":{"line":371,"column":10},"end":{"line":371,"column":21}},{"start":{"line":371,"column":25},"end":{"line":371,"column":33}}],"line":371},"114":{"loc":{"start":{"line":372,"column":25},"end":{"line":372,"column":49}},"type":"binary-expr","locations":[{"start":{"line":372,"column":25},"end":{"line":372,"column":40}},{"start":{"line":372,"column":44},"end":{"line":372,"column":49}}],"line":372},"115":{"loc":{"start":{"line":373,"column":14},"end":{"line":373,"column":36}},"type":"binary-expr","locations":[{"start":{"line":373,"column":14},"end":{"line":373,"column":28}},{"start":{"line":373,"column":32},"end":{"line":373,"column":36}}],"line":373},"116":{"loc":{"start":{"line":374,"column":16},"end":{"line":374,"column":74}},"type":"cond-expr","locations":[{"start":{"line":374,"column":35},"end":{"line":374,"column":67}},{"start":{"line":374,"column":70},"end":{"line":374,"column":74}}],"line":374},"117":{"loc":{"start":{"line":375,"column":17},"end":{"line":375,"column":42}},"type":"binary-expr","locations":[{"start":{"line":375,"column":17},"end":{"line":375,"column":34}},{"start":{"line":375,"column":38},"end":{"line":375,"column":42}}],"line":375},"118":{"loc":{"start":{"line":376,"column":17},"end":{"line":376,"column":42}},"type":"binary-expr","locations":[{"start":{"line":376,"column":17},"end":{"line":376,"column":34}},{"start":{"line":376,"column":38},"end":{"line":376,"column":42}}],"line":376},"119":{"loc":{"start":{"line":377,"column":11},"end":{"line":377,"column":31}},"type":"binary-expr","locations":[{"start":{"line":377,"column":11},"end":{"line":377,"column":23}},{"start":{"line":377,"column":27},"end":{"line":377,"column":31}}],"line":377},"120":{"loc":{"start":{"line":378,"column":9},"end":{"line":378,"column":27}},"type":"binary-expr","locations":[{"start":{"line":378,"column":9},"end":{"line":378,"column":19}},{"start":{"line":378,"column":23},"end":{"line":378,"column":27}}],"line":378},"121":{"loc":{"start":{"line":379,"column":14},"end":{"line":379,"column":36}},"type":"binary-expr","locations":[{"start":{"line":379,"column":14},"end":{"line":379,"column":28}},{"start":{"line":379,"column":32},"end":{"line":379,"column":36}}],"line":379},"122":{"loc":{"start":{"line":380,"column":14},"end":{"line":380,"column":36}},"type":"binary-expr","locations":[{"start":{"line":380,"column":14},"end":{"line":380,"column":28}},{"start":{"line":380,"column":32},"end":{"line":380,"column":36}}],"line":380},"123":{"loc":{"start":{"line":387,"column":12},"end":{"line":387,"column":41}},"type":"binary-expr","locations":[{"start":{"line":387,"column":12},"end":{"line":387,"column":28}},{"start":{"line":387,"column":32},"end":{"line":387,"column":41}}],"line":387},"124":{"loc":{"start":{"line":389,"column":14},"end":{"line":389,"column":44}},"type":"binary-expr","locations":[{"start":{"line":389,"column":14},"end":{"line":389,"column":31}},{"start":{"line":389,"column":35},"end":{"line":389,"column":44}}],"line":389},"125":{"loc":{"start":{"line":390,"column":12},"end":{"line":390,"column":41}},"type":"binary-expr","locations":[{"start":{"line":390,"column":12},"end":{"line":390,"column":28}},{"start":{"line":390,"column":32},"end":{"line":390,"column":41}}],"line":390},"126":{"loc":{"start":{"line":391,"column":10},"end":{"line":391,"column":36}},"type":"binary-expr","locations":[{"start":{"line":391,"column":10},"end":{"line":391,"column":23}},{"start":{"line":391,"column":27},"end":{"line":391,"column":36}}],"line":391},"127":{"loc":{"start":{"line":392,"column":11},"end":{"line":392,"column":39}},"type":"binary-expr","locations":[{"start":{"line":392,"column":11},"end":{"line":392,"column":26}},{"start":{"line":392,"column":30},"end":{"line":392,"column":39}}],"line":392},"128":{"loc":{"start":{"line":393,"column":10},"end":{"line":393,"column":36}},"type":"binary-expr","locations":[{"start":{"line":393,"column":10},"end":{"line":393,"column":23}},{"start":{"line":393,"column":27},"end":{"line":393,"column":36}}],"line":393},"129":{"loc":{"start":{"line":395,"column":13},"end":{"line":395,"column":43}},"type":"binary-expr","locations":[{"start":{"line":395,"column":13},"end":{"line":395,"column":30}},{"start":{"line":395,"column":34},"end":{"line":395,"column":43}}],"line":395},"130":{"loc":{"start":{"line":396,"column":15},"end":{"line":396,"column":80}},"type":"cond-expr","locations":[{"start":{"line":396,"column":37},"end":{"line":396,"column":68}},{"start":{"line":396,"column":71},"end":{"line":396,"column":80}}],"line":396},"131":{"loc":{"start":{"line":397,"column":16},"end":{"line":397,"column":49}},"type":"binary-expr","locations":[{"start":{"line":397,"column":16},"end":{"line":397,"column":36}},{"start":{"line":397,"column":40},"end":{"line":397,"column":49}}],"line":397},"132":{"loc":{"start":{"line":398,"column":16},"end":{"line":398,"column":49}},"type":"binary-expr","locations":[{"start":{"line":398,"column":16},"end":{"line":398,"column":36}},{"start":{"line":398,"column":40},"end":{"line":398,"column":49}}],"line":398},"133":{"loc":{"start":{"line":399,"column":11},"end":{"line":399,"column":38}},"type":"binary-expr","locations":[{"start":{"line":399,"column":11},"end":{"line":399,"column":25}},{"start":{"line":399,"column":29},"end":{"line":399,"column":38}}],"line":399},"134":{"loc":{"start":{"line":400,"column":9},"end":{"line":400,"column":34}},"type":"binary-expr","locations":[{"start":{"line":400,"column":9},"end":{"line":400,"column":21}},{"start":{"line":400,"column":25},"end":{"line":400,"column":34}}],"line":400},"135":{"loc":{"start":{"line":401,"column":13},"end":{"line":401,"column":43}},"type":"binary-expr","locations":[{"start":{"line":401,"column":13},"end":{"line":401,"column":30}},{"start":{"line":401,"column":34},"end":{"line":401,"column":43}}],"line":401},"136":{"loc":{"start":{"line":402,"column":13},"end":{"line":402,"column":43}},"type":"binary-expr","locations":[{"start":{"line":402,"column":13},"end":{"line":402,"column":30}},{"start":{"line":402,"column":34},"end":{"line":402,"column":43}}],"line":402},"137":{"loc":{"start":{"line":411,"column":13},"end":{"line":411,"column":40}},"type":"binary-expr","locations":[{"start":{"line":411,"column":13},"end":{"line":411,"column":32}},{"start":{"line":411,"column":36},"end":{"line":411,"column":40}}],"line":411},"138":{"loc":{"start":{"line":414,"column":11},"end":{"line":414,"column":37}},"type":"binary-expr","locations":[{"start":{"line":414,"column":11},"end":{"line":414,"column":29}},{"start":{"line":414,"column":33},"end":{"line":414,"column":37}}],"line":414},"139":{"loc":{"start":{"line":422,"column":12},"end":{"line":422,"column":47}},"type":"binary-expr","locations":[{"start":{"line":422,"column":12},"end":{"line":422,"column":34}},{"start":{"line":422,"column":38},"end":{"line":422,"column":47}}],"line":422},"140":{"loc":{"start":{"line":425,"column":11},"end":{"line":425,"column":44}},"type":"binary-expr","locations":[{"start":{"line":425,"column":11},"end":{"line":425,"column":31}},{"start":{"line":425,"column":35},"end":{"line":425,"column":44}}],"line":425},"141":{"loc":{"start":{"line":441,"column":20},"end":{"line":441,"column":50}},"type":"binary-expr","locations":[{"start":{"line":441,"column":20},"end":{"line":441,"column":42}},{"start":{"line":441,"column":46},"end":{"line":441,"column":50}}],"line":441},"142":{"loc":{"start":{"line":456,"column":18},"end":{"line":456,"column":57}},"type":"binary-expr","locations":[{"start":{"line":456,"column":18},"end":{"line":456,"column":44}},{"start":{"line":456,"column":48},"end":{"line":456,"column":57}}],"line":456},"143":{"loc":{"start":{"line":466,"column":11},"end":{"line":466,"column":30}},"type":"binary-expr","locations":[{"start":{"line":466,"column":11},"end":{"line":466,"column":22}},{"start":{"line":466,"column":26},"end":{"line":466,"column":30}}],"line":466},"144":{"loc":{"start":{"line":467,"column":14},"end":{"line":467,"column":35}},"type":"binary-expr","locations":[{"start":{"line":467,"column":14},"end":{"line":467,"column":27}},{"start":{"line":467,"column":31},"end":{"line":467,"column":35}}],"line":467},"145":{"loc":{"start":{"line":477,"column":11},"end":{"line":477,"column":37}},"type":"binary-expr","locations":[{"start":{"line":477,"column":11},"end":{"line":477,"column":24}},{"start":{"line":477,"column":28},"end":{"line":477,"column":37}}],"line":477},"146":{"loc":{"start":{"line":478,"column":13},"end":{"line":478,"column":42}},"type":"binary-expr","locations":[{"start":{"line":478,"column":13},"end":{"line":478,"column":29}},{"start":{"line":478,"column":33},"end":{"line":478,"column":42}}],"line":478},"147":{"loc":{"start":{"line":486,"column":15},"end":{"line":486,"column":39}},"type":"binary-expr","locations":[{"start":{"line":486,"column":15},"end":{"line":486,"column":31}},{"start":{"line":486,"column":35},"end":{"line":486,"column":39}}],"line":486},"148":{"loc":{"start":{"line":492,"column":15},"end":{"line":492,"column":46}},"type":"binary-expr","locations":[{"start":{"line":492,"column":15},"end":{"line":4
[...]
8":{"start":{"line":15,"column":4},"end":{"line":17,"column":5}},"9":{"start":{"line":16,"column":6},"end":{"line":16,"column":24}},"10":{"start":{"line":20,"column":2},"end":{"line":25,"column":3}},"11":{"start":{"line":21,"column":4},"end":{"line":24,"column":6}},"12":{"start":{"line":27,"column":2},"end":{"line":32,"column":3}},"13":{"start":{"line":28,"column":4},"end":{"line":31,"column":6}},"14":{"start":{"line":34,"column":2},"end":{"line":36,"column":3}},"15":{"start":{"line":35,"column":4},"end":{"line":35,"column":100}},"16":{"start":{"line":40,"column":18},"end":{"line":40,"column":50}},"17":{"start":{"line":41,"column":25},"end":{"line":41,"column":65}},"18":{"start":{"line":43,"column":2},"end":{"line":63,"column":3}},"19":{"start":{"line":44,"column":4},"end":{"line":44,"column":73}},"20":{"start":{"line":46,"column":4},"end":{"line":48,"column":5}},"21":{"start":{"line":47,"column":6},"end":{"line":47,"column":79}},"22":{"start":{"line":50,"column":21},"end":{"line":50,"column":60}},"23":{"start":{"line":52,"column":22},"end":{"line":52,"column":46}},"24":{"start":{"line":53,"column":4},"end":{"line":56,"column":6}},"25":{"start":{"line":58,"column":4},"end":{"line":58,"column":42}},"26":{"start":{"line":59,"column":4},"end":{"line":59,"column":62}},"27":{"start":{"line":60,"column":4},"end":{"line":60,"column":71}},"28":{"start":{"line":62,"column":4},"end":{"line":62,"column":31}},"29":{"start":{"line":67,"column":2},"end":{"line":67,"column":18}},"30":{"start":{"line":69,"column":2},"end":{"line":69,"column":29}},"31":{"start":{"line":71,"column":19},"end":{"line":82,"column":3}},"32":{"start":{"line":84,"column":2},"end":{"line":89,"column":3}},"33":{"start":{"line":85,"column":4},"end":{"line":88,"column":5}},"34":{"start":{"line":86,"column":6},"end":{"line":86,"column":31}},"35":{"start":{"line":87,"column":6},"end":{"line":87,"column":66}},"36":{"start":{"line":91,"column":2},"end":{"line":91,"column":25}},"37":{"start":{"line":93,"column":2},"end":{"line":93,"column":64}},"38":{"start":{"line":96,"column":0},"end":{"line":101,"column":2}}},"fnMap":{"0":{"name":"generateSecureSecret","decl":{"start":{"line":6,"column":9},"end":{"line":6,"column":29}},"loc":{"start":{"line":6,"column":42},"end":{"line":8,"column":1}},"line":6},"1":{"name":"validateEnvVariables","decl":{"start":{"line":10,"column":9},"end":{"line":10,"column":29}},"loc":{"start":{"line":10,"column":32},"end":{"line":37,"column":1}},"line":10},"2":{"name":"ensureEnvFile","decl":{"start":{"line":39,"column":9},"end":{"line":39,"column":22}},"loc":{"start":{"line":39,"column":25},"end":{"line":64,"column":1}},"line":39},"3":{"name":"loadAndValidateEnv","decl":{"start":{"line":66,"column":9},"end":{"line":66,"column":27}},"loc":{"start":{"line":66,"column":30},"end":{"line":94,"column":1}},"line":66}},"branchMap":{"0":{"loc":{"start":{"line":6,"column":30},"end":{"line":6,"column":40}},"type":"default-arg","locations":[{"start":{"line":6,"column":38},"end":{"line":6,"column":40}}],"line":6},"1":{"loc":{"start":{"line":15,"column":4},"end":{"line":17,"column":5}},"type":"if","locations":[{"start":{"line":15,"column":4},"end":{"line":17,"column":5}},{"start":{},"end":{}}],"line":15},"2":{"loc":{"start":{"line":20,"column":2},"end":{"line":25,"column":3}},"type":"if","locations":[{"start":{"line":20,"column":2},"end":{"line":25,"column":3}},{"start":{},"end":{}}],"line":20},"3":{"loc":{"start":{"line":27,"column":2},"end":{"line":32,"column":3}},"type":"if","locations":[{"start":{"line":27,"column":2},"end":{"line":32,"column":3}},{"start":{},"end":{}}],"line":27},"4":{"loc":{"start":{"line":34,"column":2},"end":{"line":36,"column":3}},"type":"if","locations":[{"start":{"line":34,"column":2},"end":{"line":36,"column":3}},{"start":{},"end":{}}],"line":34},"5":{"loc":{"start":{"line":43,"column":2},"end":{"line":63,"column":3}},"type":"if","locations":[{"start":{"line":43,"column":2},"end":{"line":63,"column":3}},{"start":{},"end":{}}],"line":43},"6":{"loc":{"start":{"line":46,"column":4},"end":{"line":48,"column":5}},"type":"if","locations":[{"start":{"line":46,"column":4},"end":{"line":48,"column":5}},{"start":{},"end":{}}],"line":46},"7":{"loc":{"start":{"line":85,"column":4},"end":{"line":88,"column":5}},"type":"if","locations":[{"start":{"line":85,"column":4},"end":{"line":88,"column":5}},{"start":{},"end":{}}],"line":85}},"s":{"0":0,"1":0,"2":0,"3":0,"4":0,"5":0,"6":0,"7":0,"8":0,"9":0,"10":0,"11":0,"12":0,"13":0,"14":0,"15":0,"16":0,"17":0,"18":0,"19":0,"20":0,"21":0,"22":0,"23":0,"24":0,"25":0,"26":0,"27":0,"28":0,"29":0,"30":0,"31":0,"32":0,"33":0,"34":0,"35":0,"36":0,"37":0,"38":0},"f":{"0":0,"1":0,"2":0,"3":0},"b":{"0":[0],"1":[0,0],"2":[0,0],"3":[0,0],"4":[0,0],"5":[0,0],"6":[0,0],"7":[0,0]},"inputSourceMap":null}
,"/home/runner/workspace/backend/utils/jwtUtils.cjs": {"path":"/home/runner/workspace/backend/utils/jwtUtils.cjs","statementMap":{"0":{"start":{"line":1,"column":12},"end":{"line":1,"column":35}},"1":{"start":{"line":2,"column":15},"end":{"line":2,"column":32}},"2":{"start":{"line":4,"column":19},"end":{"line":4,"column":89}},"3":{"start":{"line":5,"column":23},"end":{"line":5,"column":57}},"4":{"start":{"line":7,"column":22},"end":{"line":19,"column":1}},"5":{"start":{"line":8,"column":18},"end":{"line":14,"column":3}},"6":{"start":{"line":16,"column":2},"end":{"line":18,"column":5}},"7":{"start":{"line":21,"column":20},"end":{"line":27,"column":1}},"8":{"start":{"line":22,"column":2},"end":{"line":26,"column":3}},"9":{"start":{"line":23,"column":4},"end":{"line":23,"column":41}},"10":{"start":{"line":25,"column":4},"end":{"line":25,"column":16}},"11":{"start":{"line":29,"column":0},"end":{"line":32,"column":2}}},"fnMap":{"0":{"name":"(anonymous_0)","decl":{"start":{"line":7,"column":22},"end":{"line":7,"column":23}},"loc":{"start":{"line":7,"column":32},"end":{"line":19,"column":1}},"line":7},"1":{"name":"(anonymous_1)","decl":{"start":{"line":21,"column":20},"end":{"line":21,"column":21}},"loc":{"start":{"line":21,"column":31},"end":{"line":27,"column":1}},"line":21}},"branchMap":{"0":{"loc":{"start":{"line":4,"column":19},"end":{"line":4,"column":89}},"type":"binary-expr","locations":[{"start":{"line":4,"column":19},"end":{"line":4,"column":41}},{"start":{"line":4,"column":45},"end":{"line":4,"column":89}}],"line":4},"1":{"loc":{"start":{"line":5,"column":23},"end":{"line":5,"column":57}},"type":"binary-expr","locations":[{"start":{"line":5,"column":23},"end":{"line":5,"column":49}},{"start":{"line":5,"column":53},"end":{"line":5,"column":57}}],"line":5},"2":{"loc":{"start":{"line":12,"column":16},"end":{"line":12,"column":40}},"type":"binary-expr","locations":[{"start":{"line":12,"column":16},"end":{"line":12,"column":31}},{"start":{"line":12,"column":35},"end":{"line":12,"column":40}}],"line":12}},"s":{"0":5,"1":5,"2":5,"3":5,"4":5,"5":9,"6":9,"7":5,"8":0,"9":0,"10":0,"11":5},"f":{"0":9,"1":0},"b":{"0":[5,5],"1":[5,5],"2":[9,9]},"inputSourceMap":null,"_coverageSchema":"1a1c01bbd47fc00a2c39e90264f33305004495a9","hash":"8a81d53a373989c23859c9946b6f2928017dcbb4"}
,"/home/runner/workspace/backend/utils/logger.cjs": {"path":"/home/runner/workspace/backend/utils/logger.cjs","statementMap":{"0":{"start":{"line":1,"column":16},"end":{"line":1,"column":34}},"1":{"start":{"line":2,"column":24},"end":{"line":2,"column":60}},"2":{"start":{"line":3,"column":13},"end":{"line":3,"column":28}},"3":{"start":{"line":4,"column":11},"end":{"line":4,"column":24}},"4":{"start":{"line":6,"column":15},"end":{"line":6,"column":47}},"5":{"start":{"line":8,"column":0},"end":{"line":10,"column":1}},"6":{"start":{"line":9,"column":2},"end":{"line":9,"column":44}},"7":{"start":{"line":12,"column":18},"end":{"line":18,"column":1}},"8":{"start":{"line":20,"column":18},"end":{"line":26,"column":1}},"9":{"start":{"line":28,"column":0},"end":{"line":28,"column":29}},"10":{"start":{"line":30,"column":15},"end":{"line":35,"column":1}},"11":{"start":{"line":37,"column":22},"end":{"line":43,"column":1}},"12":{"start":{"line":41,"column":14},"end":{"line":41,"column":102}},"13":{"start":{"line":45,"column":19},"end":{"line":63,"column":1}},"14":{"start":{"line":65,"column":15},"end":{"line":71,"column":2}},"15":{"start":{"line":73,"column":0},"end":{"line":77,"column":2}},"16":{"start":{"line":75,"column":4},"end":{"line":75,"column":32}},"17":{"start":{"line":79,"column":0},"end":{"line":79,"column":28}}},"fnMap":{"0":{"name":"(anonymous_0)","decl":{"start":{"line":41,"column":4},"end":{"line":41,"column":5}},"loc":{"start":{"line":41,"column":14},"end":{"line":41,"column":102}},"line":41},"1":{"name":"(anonymous_1)","decl":{"start":{"line":74,"column":9},"end":{"line":74,"column":10}},"loc":{"start":{"line":74,"column":22},"end":{"line":76,"column":3}},"line":74}},"branchMap":{"0":{"loc":{"start":{"line":8,"column":0},"end":{"line":10,"column":1}},"type":"if","locations":[{"start":{"line":8,"column":0},"end":{"line":10,"column":1}},{"start":{},"end":{}}],"line":8},"1":{"loc":{"start":{"line":41,"column":65},"end":{"line":41,"column":100}},"type":"cond-expr","locations":[{"start":{"line":41,"column":78},"end":{"line":41,"column":95}},{"start":{"line":41,"column":98},"end":{"line":41,"column":100}}],"line":41},"2":{"loc":{"start":{"line":48,"column":11},"end":{"line":48,"column":67}},"type":"cond-expr","locations":[{"start":{"line":48,"column":51},"end":{"line":48,"column":57}},{"start":{"line":48,"column":60},"end":{"line":48,"column":67}}],"line":48},"3":{"loc":{"start":{"line":66,"column":9},"end":{"line":66,"column":65}},"type":"cond-expr","locations":[{"start":{"line":66,"column":49},"end":{"line":66,"column":55}},{"start":{"line":66,"column":58},"end":{"line":66,"column":65}}],"line":66}},"s":{"0":6,"1":6,"2":6,"3":6,"4":6,"5":6,"6":0,"7":6,"8":6,"9":6,"10":6,"11":6,"12":47,"13":6,"14":6,"15":6,"16":0,"17":6},"f":{"0":47,"1":0},"b":{"0":[0,6],"1":[0,47],"2":[0,6],"3":[0,6]},"inputSourceMap":null,"_coverageSchema":"1a1c01bbd47fc00a2c39e90264f33305004495a9","hash":"f37e047a572bda90b447bc30774b12ee25b99c20"}
,"/home/runner/workspace/backend/utils/passwordUtils.cjs": {"path":"/home/runner/workspace/backend/utils/passwordUtils.cjs","statementMap":{"0":{"start":{"line":1,"column":15},"end":{"line":1,"column":34}},"1":{"start":{"line":3,"column":20},"end":{"line":3,"column":22}},"2":{"start":{"line":5,"column":21},"end":{"line":7,"column":1}},"3":{"start":{"line":6,"column":2},"end":{"line":6,"column":50}},"4":{"start":{"line":9,"column":24},"end":{"line":11,"column":1}},"5":{"start":{"line":10,"column":2},"end":{"line":10,"column":56}},"6":{"start":{"line":13,"column":0},"end":{"line":16,"column":2}}},"fnMap":{"0":{"name":"(anonymous_0)","decl":{"start":{"line":5,"column":21},"end":{"line":5,"column":22}},"loc":{"start":{"line":5,"column":41},"end":{"line":7,"column":1}},"line":5},"1":{"name":"(anonymous_1)","decl":{"start":{"line":9,"column":24},"end":{"line":9,"column":25}},"loc":{"start":{"line":9,"column":60},"end":{"line":11,"column":1}},"line":9}},"branchMap":{},"s":{"0":4,"1":4,"2":4,"3":4,"4":4,"5":2,"6":4},"f":{"0":4,"1":2},"b":{},"inputSourceMap":null,"_coverageSchema":"1a1c01bbd47fc00a2c39e90264f33305004495a9","hash":"a31f3dd4a93de84629313db5e01ce1d30bcc385c"}
,"/home/runner/workspace/backend/utils/systemSettings.cjs": {"path":"/home/runner/workspace/backend/utils/systemSettings.cjs","statementMap":{"0":{"start":{"line":1,"column":24},"end":{"line":1,"column":51}},"1":{"start":{"line":2,"column":15},"end":{"line":2,"column":32}},"2":{"start":{"line":3,"column":19},"end":{"line":3,"column":42}},"3":{"start":{"line":5,"column":25},"end":{"line":14,"column":1}},"4":{"start":{"line":6,"column":2},"end":{"line":13,"column":3}},"5":{"start":{"line":7,"column":15},"end":{"line":7,"column":28}},"6":{"start":{"line":8,"column":20},"end":{"line":8,"column":90}},"7":{"start":{"line":9,"column":4},"end":{"line":9,"column":54}},"8":{"start":{"line":11,"column":4},"end":{"line":11,"column":64}},"9":{"start":{"line":12,"column":4},"end":{"line":12,"column":16}},"10":{"start":{"line":16,"column":25},"end":{"line":35,"column":1}},"11":{"start":{"line":17,"column":2},"end":{"line":34,"column":3}},"12":{"start":{"line":18,"column":15},"end":{"line":18,"column":28}},"13":{"start":{"line":19,"column":22},"end":{"line":19,"column":43}},"14":{"start":{"line":20,"column":21},"end":{"line":20,"column":88}},"15":{"start":{"line":22,"column":4},"end":{"line":28,"column":5}},"16":{"start":{"line":23,"column":6},"end":{"line":24,"column":29}},"17":{"start":{"line":26,"column":6},"end":{"line":27,"column":50}},"18":{"start":{"line":30,"column":4},"end":{"line":30,"column":16}},"19":{"start":{"line":32,"column":4},"end":{"line":32,"column":64}},"20":{"start":{"line":33,"column":4},"end":{"line":33,"column":17}},"21":{"start":{"line":37,"column":28},"end":{"line":39,"column":1}},"22":{"start":{"line":38,"column":2},"end":{"line":38,"column":57}},"23":{"start":{"line":41,"column":23},"end":{"line":48,"column":1}},"24":{"start":{"line":42,"column":2},"end":{"line":47,"column":4}},"25":{"start":{"line":50,"column":25},"end":{"line":56,"column":1}},"26":{"start":{"line":51,"column":2},"end":{"line":51,"column":47}},"27":{"start":{"line":52,"column":2},"end":{"line":52,"column":46}},"28":{"start":{"line":53,"column":2},"end":{"line":53,"column":48}},"29":{"start":{"line":54,"column":2},"end":{"line":54,"column":39}},"30":{"start":{"line":55,"column":2},"end":{"line":55,"column":62}},"31":{"start":{"line":58,"column":29},"end":{"line":61,"column":1}},"32":{"start":{"line":59,"column":2},"end":{"line":59,"column":38}},"33":{"start":{"line":60,"column":2},"end":{"line":60,"column":46}},"34":{"start":{"line":63,"column":20},"end":{"line":67,"column":1}},"35":{"start":{"line":64,"column":13},"end":{"line":64,"column":26}},"36":{"start":{"line":65,"column":2},"end":{"line":65,"column":50}},"37":{"start":{"line":66,"column":2},"end":{"line":66,"column":65}},"38":{"start":{"line":69,"column":0},"end":{"line":77,"column":2}}},"fnMap":{"0":{"name":"(anonymous_0)","decl":{"start":{"line":5,"column":25},"end":{"line":5,"column":26}},"loc":{"start":{"line":5,"column":34},"end":{"line":14,"column":1}},"line":5},"1":{"name":"(anonymous_1)","decl":{"start":{"line":16,"column":25},"end":{"line":16,"column":26}},"loc":{"start":{"line":16,"column":41},"end":{"line":35,"column":1}},"line":16},"2":{"name":"(anonymous_2)","decl":{"start":{"line":37,"column":28},"end":{"line":37,"column":29}},"loc":{"start":{"line":37,"column":34},"end":{"line":39,"column":1}},"line":37},"3":{"name":"(anonymous_3)","decl":{"start":{"line":41,"column":23},"end":{"line":41,"column":24}},"loc":{"start":{"line":41,"column":29},"end":{"line":48,"column":1}},"line":41},"4":{"name":"(anonymous_4)","decl":{"start":{"line":50,"column":25},"end":{"line":50,"column":26}},"loc":{"start":{"line":50,"column":41},"end":{"line":56,"column":1}},"line":50},"5":{"name":"(anonymous_5)","decl":{"start":{"line":58,"column":29},"end":{"line":58,"column":30}},"loc":{"start":{"line":58,"column":35},"end":{"line":61,"column":1}},"line":58},"6":{"name":"(anonymous_6)","decl":{"start":{"line":63,"column":20},"end":{"line":63,"column":21}},"loc":{"start":{"line":63,"column":26},"end":{"line":67,"column":1}},"line":63}},"branchMap":{"0":{"loc":{"start":{"line":9,"column":11},"end":{"line":9,"column":53}},"type":"cond-expr","locations":[{"start":{"line":9,"column":21},"end":{"line":9,"column":46}},{"start":{"line":9,"column":49},"end":{"line":9,"column":53}}],"line":9},"1":{"loc":{"start":{"line":22,"column":4},"end":{"line":28,"column":5}},"type":"if","locations":[{"start":{"line":22,"column":4},"end":{"line":28,"column":5}},{"start":{"line":25,"column":11},"end":{"line":28,"column":5}}],"line":22},"2":{"loc":{"start":{"line":43,"column":17},"end":{"line":43,"column":64}},"type":"binary-expr","locations":[{"start":{"line":43,"column":17},"end":{"line":43,"column":55}},{"start":{"line":43,"column":59},"end":{"line":43,"column":64}}],"line":43},"3":{"loc":{"start":{"line":44,"column":16},"end":{"line":44,"column":55}},"type":"binary-expr","locations":[{"start":{"line":44,"column":16},"end":{"line":44,"column":47}},{"start":{"line":44,"column":51},"end":{"line":44,"column":55}}],"line":44},"4":{"loc":{"start":{"line":45,"column":14},"end":{"line":45,"column":52}},"type":"binary-expr","locations":[{"start":{"line":45,"column":14},"end":{"line":45,"column":43}},{"start":{"line":45,"column":47},"end":{"line":45,"column":52}}],"line":45},"5":{"loc":{"start":{"line":46,"column":24},"end":{"line":46,"column":72}},"type":"binary-expr","locations":[{"start":{"line":46,"column":24},"end":{"line":46,"column":63}},{"start":{"line":46,"column":67},"end":{"line":46,"column":72}}],"line":46}},"s":{"0":4,"1":4,"2":4,"3":4,"4":4,"5":4,"6":4,"7":4,"8":0,"9":0,"10":4,"11":16,"12":16,"13":16,"14":16,"15":16,"16":0,"17":16,"18":16,"19":0,"20":0,"21":4,"22":4,"23":4,"24":0,"25":4,"26":4,"27":4,"28":4,"29":4,"30":4,"31":4,"32":0,"33":0,"34":4,"35":0,"36":0,"37":0,"38":4},"f":{"0":4,"1":16,"2":4,"3":0,"4":4,"5":0,"6":0},"b":{"0":[4,0],"1":[0,16],"2":[0,0],"3":[0,0],"4":[0,0],"5":[0,0]},"inputSourceMap":null,"_coverageSchema":"1a1c01bbd47fc00a2c39e90264f33305004495a9","hash":"898160d3ccb7fc37da8107d12a8064b8015eb0b8"}
,"/home/runner/workspace/backend/utils/validation.cjs": {"path":"/home/runner/workspace/backend/utils/validation.cjs","statementMap":{"0":{"start":{"line":1,"column":14},"end":{"line":1,"column":28}},"1":{"start":{"line":3,"column":32},"end":{"line":3,"column":108}},"2":{"start":{"line":5,"column":34},"end":{"line":5,"column":211}},"3":{"start":{"line":7,"column":23},"end":{"line":9,"column":60}},"4":{"start":{"line":11,"column":21},"end":{"line":20,"column":2}},"5":{"start":{"line":22,"column":20},"end":{"line":27,"column":2}},"6":{"start":{"line":29,"column":25},"end":{"line":39,"column":2}},"7":{"start":{"line":41,"column":25},"end":{"line":61,"column":2}},"8":{"start":{"line":63,"column":23},"end":{"line":65,"column":2}},"9":{"start":{"line":67,"column":24},"end":{"line":71,"column":2}},"10":{"start":{"line":73,"column":31},"end":{"line":75,"column":2}},"11":{"start":{"line":77,"column":24},"end":{"line":97,"column":1}},"12":{"start":{"line":78,"column":2},"end":{"line":96,"column":4}},"13":{"start":{"line":79,"column":4},"end":{"line":95,"column":5}},"14":{"start":{"line":80,"column":24},"end":{"line":80,"column":46}},"15":{"start":{"line":81,"column":6},"end":{"line":81,"column":27}},"16":{"start":{"line":82,"column":6},"end":{"line":82,"column":13}},"17":{"start":{"line":84,"column":6},"end":{"line":93,"column":7}},"18":{"start":{"line":85,"column":8},"end":{"line":92,"column":11}},"19":{"start":{"line":88,"column":44},"end":{"line":91,"column":11}},"20":{"start":{"line":94,"column":6},"end":{"line":94,"column":18}},"21":{"start":{"line":99,"column":0},"end":{"line":108,"column":2}}},"fnMap":{"0":{"name":"(anonymous_0)","decl":{"start":{"line":77,"column":24},"end":{"line":77,"column":25}},"loc":{"start":{"line":77,"column":36},"end":{"line":97,"column":1}},"line":77},"1":{"name":"(anonymous_1)","decl":{"start":{"line":78,"column":9},"end":{"line":78,"column":10}},"loc":{"start":{"line":78,"column":29},"end":{"line":96,"column":3}},"line":78},"2":{"name":"(anonymous_2)","decl":{"start":{"line":88,"column":36},"end":{"line":88,"column":37}},"loc":{"start":{"line":88,"column":44},"end":{"line":91,"column":11}},"line":88}},"branchMap":{"0":{"loc":{"start":{"line":84,"column":6},"end":{"line":93,"column":7}},"type":"if","locations":[{"start":{"line":84,"column":6},"end":{"line":93,"column":7}},{"start":{},"end":{}}],"line":84}},"s":{"0":4,"1":4,"2":4,"3":4,"4":4,"5":4,"6":4,"7":4,"8":4,"9":4,"10":4,"11":4,"12":28,"13":5,"14":5,"15":3,"16":3,"17":2,"18":2,"19":2,"20":0,"21":4},"f":{"0":28,"1":5,"2":2},"b":{"0":[2,0]},"inputSourceMap":null,"_coverageSchema":"1a1c01bbd47fc00a2c39e90264f33305004495a9","hash":"f9ef3db05a63de02903b446892dff8609e48688b"}
}
