TN:
SF:backend/server.cjs
FN:54,(anonymous_0)
FN:57,(anonymous_1)
FN:89,(anonymous_2)
FN:100,(anonymous_3)
FN:109,(anonymous_4)
FN:115,(anonymous_5)
FN:163,(anonymous_6)
FN:172,(anonymous_7)
FN:208,(anonymous_8)
FN:209,(anonymous_9)
FN:213,(anonymous_10)
FNF:11
FNH:0
FNDA:0,(anonymous_0)
FNDA:0,(anonymous_1)
FNDA:0,(anonymous_2)
FNDA:0,(anonymous_3)
FNDA:0,(anonymous_4)
FNDA:0,(anonymous_5)
FNDA:0,(anonymous_6)
FNDA:0,(anonymous_7)
FNDA:0,(anonymous_8)
FNDA:0,(anonymous_9)
FNDA:0,(anonymous_10)
DA:1,0
DA:3,0
DA:5,0
DA:6,0
DA:7,0
DA:8,0
DA:9,0
DA:10,0
DA:11,0
DA:12,0
DA:14,0
DA:15,0
DA:16,0
DA:17,0
DA:18,0
DA:19,0
DA:20,0
DA:21,0
DA:22,0
DA:23,0
DA:24,0
DA:25,0
DA:26,0
DA:27,0
DA:28,0
DA:29,0
DA:30,0
DA:31,0
DA:32,0
DA:33,0
DA:34,0
DA:35,0
DA:36,0
DA:37,0
DA:39,0
DA:40,0
DA:41,0
DA:42,0
DA:44,0
DA:45,0
DA:48,0
DA:51,0
DA:54,0
DA:55,0
DA:56,0
DA:57,0
DA:58,0
DA:59,0
DA:60,0
DA:61,0
DA:62,0
DA:63,0
DA:65,0
DA:66,0
DA:70,0
DA:71,0
DA:76,0
DA:77,0
DA:80,0
DA:83,0
DA:88,0
DA:89,0
DA:99,0
DA:100,0
DA:104,0
DA:105,0
DA:106,0
DA:108,0
DA:109,0
DA:110,0
DA:114,0
DA:116,0
DA:117,0
DA:119,0
DA:120,0
DA:125,0
DA:126,0
DA:127,0
DA:130,0
DA:133,0
DA:136,0
DA:137,0
DA:138,0
DA:139,0
DA:140,0
DA:141,0
DA:142,0
DA:143,0
DA:146,0
DA:147,0
DA:148,0
DA:149,0
DA:151,0
DA:152,0
DA:153,0
DA:154,0
DA:155,0
DA:156,0
DA:157,0
DA:158,0
DA:159,0
DA:160,0
DA:163,0
DA:164,0
DA:172,0
DA:173,0
DA:174,0
DA:181,0
DA:182,0
DA:183,0
DA:186,0
DA:188,0
DA:194,0
DA:195,0
DA:205,0
DA:208,0
DA:209,0
DA:210,0
DA:211,0
DA:214,0
DA:215,0
LF:121
LH:0
BRDA:45,0,0,0
BRDA:45,0,1,0
BRDA:88,1,0,0
BRDA:88,1,1,0
BRDA:88,2,0,0
BRDA:88,2,1,0
BRDA:99,3,0,0
BRDA:99,3,1,0
BRDA:104,4,0,0
BRDA:104,4,1,0
BRDA:105,5,0,0
BRDA:105,5,1,0
BRDA:108,6,0,0
BRDA:108,6,1,0
BRDA:116,7,0,0
BRDA:116,7,1,0
BRDA:116,8,0,0
BRDA:116,8,1,0
BRDA:116,8,2,0
BRDA:167,9,0,0
BRDA:167,9,1,0
BRDA:173,10,0,0
BRDA:173,10,1,0
BRF:23
BRH:0
end_of_record
TN:
SF:backend/config/swagger.cjs
FNF:0
FNH:0
DA:1,0
DA:3,0
DA:127,0
DA:129,0
LF:4
LH:0
BRF:0
BRH:0
end_of_record
TN:
SF:backend/db/dbService.cjs
FN:3,(anonymous_0)
FN:7,(anonymous_1)
FN:16,(anonymous_2)
FN:21,(anonymous_3)
FN:27,(anonymous_4)
FN:36,(anonymous_5)
FN:42,(anonymous_6)
FN:48,(anonymous_7)
FN:52,(anonymous_8)
FN:61,(anonymous_9)
FN:67,(anonymous_10)
FN:73,(anonymous_11)
FN:79,(anonymous_12)
FN:85,(anonymous_13)
FN:96,(anonymous_14)
FN:100,(anonymous_15)
FN:105,(anonymous_16)
FN:115,(anonymous_17)
FNF:18
FNH:10
FNDA:29,(anonymous_0)
FNDA:254,(anonymous_1)
FNDA:0,(anonymous_2)
FNDA:0,(anonymous_3)
FNDA:0,(anonymous_4)
FNDA:18,(anonymous_5)
FNDA:5,(anonymous_6)
FNDA:3,(anonymous_7)
FNDA:20,(anonymous_8)
FNDA:3,(anonymous_9)
FNDA:1,(anonymous_10)
FNDA:6,(anonymous_11)
FNDA:0,(anonymous_12)
FNDA:2,(anonymous_13)
FNDA:0,(anonymous_14)
FNDA:0,(anonymous_15)
FNDA:0,(anonymous_16)
FNDA:0,(anonymous_17)
DA:1,6
DA:3,6
DA:4,29
DA:5,29
DA:6,29
DA:7,254
DA:9,29
DA:13,29
DA:16,6
DA:17,0
DA:19,0
DA:20,0
DA:21,0
DA:23,0
DA:27,0
DA:28,0
DA:29,0
DA:33,0
DA:36,6
DA:37,18
DA:38,18
DA:39,18
DA:42,6
DA:43,5
DA:44,5
DA:45,5
DA:48,6
DA:49,3
DA:50,3
DA:51,3
DA:52,20
DA:54,3
DA:58,3
DA:61,6
DA:62,3
DA:63,3
DA:64,3
DA:67,6
DA:68,1
DA:69,1
DA:70,1
DA:73,6
DA:74,6
DA:75,6
DA:76,6
DA:79,6
DA:80,0
DA:81,0
DA:82,0
DA:85,6
DA:86,2
DA:87,2
DA:91,2
DA:92,2
DA:93,2
DA:96,6
DA:97,0
DA:100,6
DA:101,0
DA:102,0
DA:105,6
DA:106,0
DA:107,0
DA:112,0
DA:115,6
DA:116,0
DA:117,0
DA:118,0
DA:121,6
LF:69
LH:48
BRDA:17,0,0,0
BRDA:17,0,1,0
BRDA:67,1,0,1
BRDA:73,2,0,0
BRDA:79,3,0,0
BRDA:85,4,0,0
BRDA:87,5,0,2
BRDA:87,5,1,0
BRDA:100,6,0,0
BRDA:102,7,0,0
BRDA:102,7,1,0
BRF:11
BRH:2
end_of_record
TN:
SF:backend/db/helpers.cjs
FN:2,(anonymous_0)
FN:3,(anonymous_1)
FN:6,(anonymous_2)
FN:21,(anonymous_3)
FN:37,(anonymous_4)
FN:48,(anonymous_5)
FN:60,(anonymous_6)
FN:87,(anonymous_7)
FN:115,(anonymous_8)
FN:127,(anonymous_9)
FN:140,(anonymous_10)
FN:146,(anonymous_11)
FN:153,(anonymous_12)
FN:161,(anonymous_13)
FN:170,(anonymous_14)
FN:177,(anonymous_15)
FN:185,(anonymous_16)
FN:193,(anonymous_17)
FN:202,(anonymous_18)
FN:215,(anonymous_19)
FN:229,(anonymous_20)
FN:247,(anonymous_21)
FN:266,(anonymous_22)
FN:278,(anonymous_23)
FN:291,(anonymous_24)
FN:309,(anonymous_25)
FN:328,(anonymous_26)
FN:344,(anonymous_27)
FN:361,(anonymous_28)
FN:383,(anonymous_29)
FN:406,(anonymous_30)
FN:417,(anonymous_31)
FN:429,(anonymous_32)
FN:444,(anonymous_33)
FN:460,(anonymous_34)
FN:471,(anonymous_35)
FN:483,(anonymous_36)
FN:489,(anonymous_37)
FN:496,(anonymous_38)
FN:503,(anonymous_39)
FN:511,(anonymous_40)
FN:517,(anonymous_41)
FN:524,(anonymous_42)
FN:535,(anonymous_43)
FN:547,(anonymous_44)
FN:559,(anonymous_45)
FN:573,(anonymous_46)
FN:584,(anonymous_47)
FN:596,(anonymous_48)
FN:609,(anonymous_49)
FNF:50
FNH:12
FNDA:21,(anonymous_0)
FNDA:7,(anonymous_1)
FNDA:4,(anonymous_2)
FNDA:0,(anonymous_3)
FNDA:3,(anonymous_4)
FNDA:2,(anonymous_5)
FNDA:0,(anonymous_6)
FNDA:0,(anonymous_7)
FNDA:3,(anonymous_8)
FNDA:1,(anonymous_9)
FNDA:9,(anonymous_10)
FNDA:4,(anonymous_11)
FNDA:0,(anonymous_12)
FNDA:0,(anonymous_13)
FNDA:0,(anonymous_14)
FNDA:0,(anonymous_15)
FNDA:0,(anonymous_16)
FNDA:0,(anonymous_17)
FNDA:0,(anonymous_18)
FNDA:0,(anonymous_19)
FNDA:0,(anonymous_20)
FNDA:0,(anonymous_21)
FNDA:0,(anonymous_22)
FNDA:0,(anonymous_23)
FNDA:0,(anonymous_24)
FNDA:0,(anonymous_25)
FNDA:0,(anonymous_26)
FNDA:0,(anonymous_27)
FNDA:4,(anonymous_28)
FNDA:2,(anonymous_29)
FNDA:0,(anonymous_30)
FNDA:0,(anonymous_31)
FNDA:0,(anonymous_32)
FNDA:0,(anonymous_33)
FNDA:9,(anonymous_34)
FNDA:0,(anonymous_35)
FNDA:0,(anonymous_36)
FNDA:0,(anonymous_37)
FNDA:0,(anonymous_38)
FNDA:0,(anonymous_39)
FNDA:0,(anonymous_40)
FNDA:0,(anonymous_41)
FNDA:0,(anonymous_42)
FNDA:0,(anonymous_43)
FNDA:0,(anonymous_44)
FNDA:0,(anonymous_45)
FNDA:0,(anonymous_46)
FNDA:0,(anonymous_47)
FNDA:0,(anonymous_48)
FNDA:0,(anonymous_49)
DA:2,21
DA:3,7
DA:6,4
DA:21,4
DA:37,4
DA:48,4
DA:60,4
DA:87,4
DA:115,4
DA:127,4
DA:140,9
DA:146,4
DA:153,4
DA:161,4
DA:170,4
DA:177,4
DA:185,4
DA:193,4
DA:202,4
DA:215,4
DA:229,4
DA:247,4
DA:266,4
DA:278,4
DA:291,4
DA:309,4
DA:328,4
DA:344,4
DA:361,4
DA:383,4
DA:406,4
DA:417,4
DA:429,4
DA:444,4
DA:460,9
DA:471,4
DA:483,4
DA:489,4
DA:496,4
DA:503,4
DA:511,4
DA:517,4
DA:524,4
DA:535,4
DA:547,4
DA:559,4
DA:573,4
DA:584,4
DA:596,4
DA:609,4
DA:622,4
LF:51
LH:51
BRDA:2,0,0,0
BRDA:2,0,1,21
BRDA:14,1,0,0
BRDA:14,1,1,4
BRDA:18,2,0,4
BRDA:18,2,1,4
BRDA:29,3,0,0
BRDA:29,3,1,0
BRDA:33,4,0,0
BRDA:33,4,1,0
BRDA:41,5,0,3
BRDA:41,5,1,0
BRDA:42,6,0,3
BRDA:42,6,1,3
BRDA:44,7,0,3
BRDA:44,7,1,3
BRDA:45,8,0,3
BRDA:45,8,1,3
BRDA:52,9,0,2
BRDA:52,9,1,0
BRDA:53,10,0,2
BRDA:53,10,1,2
BRDA:55,11,0,2
BRDA:55,11,1,2
BRDA:56,12,0,2
BRDA:56,12,1,2
BRDA:69,13,0,0
BRDA:69,13,1,0
BRDA:70,14,0,0
BRDA:70,14,1,0
BRDA:71,15,0,0
BRDA:71,15,1,0
BRDA:72,16,0,0
BRDA:72,16,1,0
BRDA:73,17,0,0
BRDA:73,17,1,0
BRDA:74,18,0,0
BRDA:74,18,1,0
BRDA:75,19,0,0
BRDA:75,19,1,0
BRDA:76,20,0,0
BRDA:76,20,1,0
BRDA:77,21,0,0
BRDA:77,21,1,0
BRDA:78,22,0,0
BRDA:78,22,1,0
BRDA:79,23,0,0
BRDA:79,23,1,0
BRDA:80,24,0,0
BRDA:80,24,1,0
BRDA:81,25,0,0
BRDA:81,25,1,0
BRDA:82,26,0,0
BRDA:82,26,1,0
BRDA:83,27,0,0
BRDA:83,27,1,0
BRDA:84,28,0,0
BRDA:84,28,1,0
BRDA:96,29,0,0
BRDA:96,29,1,0
BRDA:97,30,0,0
BRDA:97,30,1,0
BRDA:98,31,0,0
BRDA:98,31,1,0
BRDA:99,32,0,0
BRDA:99,32,1,0
BRDA:100,33,0,0
BRDA:100,33,1,0
BRDA:101,34,0,0
BRDA:101,34,1,0
BRDA:102,35,0,0
BRDA:102,35,1,0
BRDA:103,36,0,0
BRDA:103,36,1,0
BRDA:104,37,0,0
BRDA:104,37,1,0
BRDA:105,38,0,0
BRDA:105,38,1,0
BRDA:106,39,0,0
BRDA:106,39,1,0
BRDA:107,40,0,0
BRDA:107,40,1,0
BRDA:108,41,0,0
BRDA:108,41,1,0
BRDA:109,42,0,0
BRDA:109,42,1,0
BRDA:110,43,0,0
BRDA:110,43,1,0
BRDA:111,44,0,0
BRDA:111,44,1,0
BRDA:118,45,0,3
BRDA:118,45,1,3
BRDA:119,46,0,3
BRDA:119,46,1,1
BRDA:120,47,0,3
BRDA:120,47,1,2
BRDA:121,48,0,3
BRDA:121,48,1,3
BRDA:122,49,0,3
BRDA:122,49,1,3
BRDA:123,50,0,3
BRDA:123,50,1,3
BRDA:124,51,0,3
BRDA:124,51,1,3
BRDA:130,52,0,1
BRDA:130,52,1,1
BRDA:131,53,0,1
BRDA:131,53,1,0
BRDA:132,54,0,1
BRDA:132,54,1,0
BRDA:133,55,0,1
BRDA:133,55,1,1
BRDA:134,56,0,1
BRDA:134,56,1,1
BRDA:135,57,0,1
BRDA:135,57,1,1
BRDA:136,58,0,1
BRDA:136,58,1,1
BRDA:143,59,0,9
BRDA:143,59,1,9
BRDA:157,60,0,0
BRDA:157,60,1,0
BRDA:158,61,0,0
BRDA:158,61,1,0
BRDA:165,62,0,0
BRDA:165,62,1,0
BRDA:166,63,0,0
BRDA:166,63,1,0
BRDA:208,64,0,0
BRDA:208,64,1,0
BRDA:212,65,0,0
BRDA:212,65,1,0
BRDA:221,66,0,0
BRDA:221,66,1,0
BRDA:225,67,0,0
BRDA:225,67,1,0
BRDA:232,68,0,0
BRDA:232,68,1,0
BRDA:241,69,0,0
BRDA:241,69,1,0
BRDA:242,70,0,0
BRDA:242,70,1,0
BRDA:243,71,0,0
BRDA:243,71,1,0
BRDA:244,72,0,0
BRDA:244,72,1,0
BRDA:250,73,0,0
BRDA:250,73,1,0
BRDA:259,74,0,0
BRDA:259,74,1,0
BRDA:260,75,0,0
BRDA:260,75,1,0
BRDA:261,76,0,0
BRDA:261,76,1,0
BRDA:262,77,0,0
BRDA:262,77,1,0
BRDA:272,78,0,0
BRDA:272,78,1,0
BRDA:273,79,0,0
BRDA:273,79,1,0
BRDA:274,80,0,0
BRDA:274,80,1,0
BRDA:275,81,0,0
BRDA:275,81,1,0
BRDA:284,82,0,0
BRDA:284,82,1,0
BRDA:285,83,0,0
BRDA:285,83,1,0
BRDA:286,84,0,0
BRDA:286,84,1,0
BRDA:287,85,0,0
BRDA:287,85,1,0
BRDA:300,86,0,0
BRDA:300,86,1,0
BRDA:301,87,0,0
BRDA:301,87,1,0
BRDA:302,88,0,0
BRDA:302,88,1,0
BRDA:303,89,0,0
BRDA:303,89,1,0
BRDA:304,90,0,0
BRDA:304,90,1,0
BRDA:305,91,0,0
BRDA:305,91,1,0
BRDA:306,92,0,0
BRDA:306,92,1,0
BRDA:318,93,0,0
BRDA:318,93,1,0
BRDA:319,94,0,0
BRDA:319,94,1,0
BRDA:320,95,0,0
BRDA:320,95,1,0
BRDA:321,96,0,0
BRDA:321,96,1,0
BRDA:322,97,0,0
BRDA:322,97,1,0
BRDA:323,98,0,0
BRDA:323,98,1,0
BRDA:324,99,0,0
BRDA:324,99,1,0
BRDA:338,100,0,0
BRDA:338,100,1,0
BRDA:339,101,0,0
BRDA:339,101,1,0
BRDA:340,102,0,0
BRDA:340,102,1,0
BRDA:341,103,0,0
BRDA:341,103,1,0
BRDA:354,104,0,0
BRDA:354,104,1,0
BRDA:355,105,0,0
BRDA:355,105,1,0
BRDA:356,106,0,0
BRDA:356,106,1,0
BRDA:357,107,0,0
BRDA:357,107,1,0
BRDA:365,108,0,4
BRDA:365,108,1,4
BRDA:367,109,0,4
BRDA:367,109,1,4
BRDA:368,110,0,4
BRDA:368,110,1,4
BRDA:369,111,0,4
BRDA:369,111,1,4
BRDA:370,112,0,4
BRDA:370,112,1,4
BRDA:371,113,0,4
BRDA:371,113,1,4
BRDA:372,114,0,4
BRDA:372,114,1,4
BRDA:373,115,0,4
BRDA:373,115,1,4
BRDA:374,116,0,0
BRDA:374,116,1,4
BRDA:375,117,0,4
BRDA:375,117,1,0
BRDA:376,118,0,4
BRDA:376,118,1,0
BRDA:377,119,0,4
BRDA:377,119,1,0
BRDA:378,120,0,4
BRDA:378,120,1,0
BRDA:379,121,0,4
BRDA:379,121,1,4
BRDA:380,122,0,4
BRDA:380,122,1,4
BRDA:387,123,0,2
BRDA:387,123,1,2
BRDA:389,124,0,2
BRDA:389,124,1,2
BRDA:390,125,0,2
BRDA:390,125,1,2
BRDA:391,126,0,2
BRDA:391,126,1,2
BRDA:392,127,0,2
BRDA:392,127,1,2
BRDA:393,128,0,2
BRDA:393,128,1,0
BRDA:395,129,0,2
BRDA:395,129,1,2
BRDA:396,130,0,0
BRDA:396,130,1,2
BRDA:397,131,0,2
BRDA:397,131,1,0
BRDA:398,132,0,2
BRDA:398,132,1,0
BRDA:399,133,0,2
BRDA:399,133,1,0
BRDA:400,134,0,2
BRDA:400,134,1,0
BRDA:401,135,0,2
BRDA:401,135,1,2
BRDA:402,136,0,2
BRDA:402,136,1,2
BRDA:411,137,0,0
BRDA:411,137,1,0
BRDA:414,138,0,0
BRDA:414,138,1,0
BRDA:422,139,0,0
BRDA:422,139,1,0
BRDA:425,140,0,0
BRDA:425,140,1,0
BRDA:441,141,0,0
BRDA:441,141,1,0
BRDA:456,142,0,0
BRDA:456,142,1,0
BRDA:466,143,0,9
BRDA:466,143,1,0
BRDA:467,144,0,9
BRDA:467,144,1,0
BRDA:477,145,0,0
BRDA:477,145,1,0
BRDA:478,146,0,0
BRDA:478,146,1,0
BRDA:486,147,0,0
BRDA:486,147,1,0
BRDA:492,148,0,0
BRDA:492,148,1,0
BRDA:500,149,0,0
BRDA:500,149,1,0
BRDA:507,150,0,0
BRDA:507,150,1,0
BRDA:530,151,0,0
BRDA:530,151,1,0
BRDA:531,152,0,0
BRDA:531,152,1,0
BRDA:541,153,0,0
BRDA:541,153,1,0
BRDA:542,154,0,0
BRDA:542,154,1,0
BRDA:551,155,0,0
BRDA:551,155,1,0
BRDA:552,156,0,0
BRDA:552,156,1,0
BRDA:554,157,0,0
BRDA:554,157,1,0
BRDA:555,158,0,0
BRDA:555,158,1,0
BRDA:563,159,0,0
BRDA:563,159,1,0
BRDA:564,160,0,0
BRDA:564,160,1,0
BRDA:566,161,0,0
BRDA:566,161,1,0
BRDA:567,162,0,0
BRDA:567,162,1,0
BRDA:581,163,0,0
BRDA:581,163,1,0
BRDA:592,164,0,0
BRDA:592,164,1,0
BRDA:606,165,0,0
BRDA:606,165,1,0
BRDA:619,166,0,0
BRDA:619,166,1,0
BRF:334
BRH:95
end_of_record
TN:
SF:backend/db/sqlite.cjs
FN:9,(anonymous_0)
FN:50,(anonymous_1)
FN:57,(anonymous_2)
FN:76,(anonymous_3)
FN:114,(anonymous_4)
FN:126,(anonymous_5)
FN:157,(anonymous_6)
FN:655,(anonymous_7)
FN:719,(anonymous_8)
FN:720,(anonymous_9)
FN:721,(anonymous_10)
FN:735,(anonymous_11)
FN:744,(anonymous_12)
FN:763,(anonymous_13)
FNF:14
FNH:13
FNDA:7,(anonymous_0)
FNDA:140,(anonymous_1)
FNDA:6,(anonymous_2)
FNDA:6,(anonymous_3)
FNDA:6,(anonymous_4)
FNDA:6,(anonymous_5)
FNDA:126,(anonymous_6)
FNDA:6,(anonymous_7)
FNDA:6,(anonymous_8)
FNDA:12,(anonymous_9)
FNDA:18,(anonymous_10)
FNDA:192,(anonymous_11)
FNDA:192,(anonymous_12)
FNDA:0,(anonymous_13)
DA:1,6
DA:2,6
DA:3,6
DA:4,6
DA:5,6
DA:7,6
DA:9,6
DA:10,7
DA:11,1
DA:15,6
DA:19,6
DA:20,0
DA:21,0
DA:22,6
DA:24,0
DA:25,0
DA:28,6
DA:31,6
DA:34,6
DA:37,6
DA:38,6
DA:39,6
DA:42,6
DA:44,6
DA:45,6
DA:47,6
DA:50,6
DA:51,140
DA:52,2
DA:54,138
DA:57,6
DA:58,6
DA:59,6
DA:61,6
DA:62,0
DA:63,0
DA:64,0
DA:68,6
DA:69,0
DA:72,0
DA:76,6
DA:77,6
DA:78,6
DA:80,6
DA:81,6
DA:82,0
DA:83,0
DA:84,0
DA:85,0
DA:86,0
DA:88,0
DA:89,0
DA:91,0
DA:92,0
DA:93,0
DA:94,0
DA:97,0
DA:101,0
DA:106,6
DA:107,0
DA:110,0
DA:114,6
DA:115,6
DA:116,6
DA:118,6
DA:119,0
DA:122,0
DA:126,6
DA:128,6
DA:155,6
DA:156,6
DA:157,126
DA:159,6
DA:160,0
DA:162,6
DA:163,0
DA:165,6
DA:166,0
DA:168,6
DA:169,0
DA:171,6
DA:172,0
DA:174,6
DA:175,0
DA:177,6
DA:178,0
DA:181,0
DA:185,6
DA:196,6
DA:207,6
DA:217,6
DA:229,6
DA:242,6
DA:258,6
DA:279,6
DA:294,6
DA:305,6
DA:325,6
DA:340,6
DA:374,6
DA:390,6
DA:400,6
DA:412,6
DA:423,6
DA:435,6
DA:453,6
DA:478,6
DA:495,6
DA:519,6
DA:541,6
DA:557,6
DA:573,6
DA:590,6
DA:609,6
DA:618,6
DA:655,6
DA:656,6
DA:658,6
DA:660,6
DA:662,6
DA:681,6
DA:682,6
DA:683,18
DA:686,6
DA:689,6
DA:691,6
DA:693,6
DA:694,6
DA:697,6
DA:698,6
DA:700,6
DA:701,48
DA:702,192
DA:708,192
DA:709,192
DA:713,6
DA:716,6
DA:719,6
DA:720,12
DA:721,18
DA:723,6
DA:726,6
DA:727,6
DA:728,192
DA:729,192
DA:734,6
DA:735,192
DA:736,6
DA:737,168
DA:738,168
DA:743,6
DA:744,6
DA:745,192
DA:749,6
DA:750,24
DA:751,24
DA:755,6
DA:759,0
DA:763,6
DA:764,0
DA:765,0
DA:766,0
DA:767,0
DA:771,6
LF:164
LH:125
BRDA:10,0,0,1
BRDA:10,0,1,6
BRDA:15,1,0,6
BRDA:15,1,1,0
BRDA:19,2,0,0
BRDA:19,2,1,6
BRDA:22,3,0,0
BRDA:22,3,1,6
BRDA:51,4,0,2
BRDA:51,4,1,138
BRDA:62,5,0,0
BRDA:62,5,1,0
BRDA:62,6,0,0
BRDA:62,6,1,0
BRDA:68,7,0,0
BRDA:68,7,1,6
BRDA:82,8,0,0
BRDA:82,8,1,0
BRDA:85,9,0,0
BRDA:85,9,1,0
BRDA:85,10,0,0
BRDA:85,10,1,0
BRDA:88,11,0,0
BRDA:88,11,1,0
BRDA:92,12,0,0
BRDA:92,12,1,0
BRDA:92,13,0,0
BRDA:92,13,1,0
BRDA:106,14,0,0
BRDA:106,14,1,6
BRDA:118,15,0,0
BRDA:118,15,1,6
BRDA:159,16,0,0
BRDA:159,16,1,6
BRDA:162,17,0,0
BRDA:162,17,1,6
BRDA:165,18,0,0
BRDA:165,18,1,6
BRDA:168,19,0,0
BRDA:168,19,1,6
BRDA:171,20,0,0
BRDA:171,20,1,6
BRDA:174,21,0,0
BRDA:174,21,1,6
BRDA:177,22,0,0
BRDA:177,22,1,6
BRDA:660,23,0,6
BRDA:660,23,1,0
BRDA:691,24,0,6
BRDA:691,24,1,0
BRDA:726,25,0,6
BRDA:726,25,1,0
BRDA:734,26,0,6
BRDA:734,26,1,0
BRDA:743,27,0,6
BRDA:743,27,1,0
BRDA:745,28,0,192
BRDA:745,28,1,24
BRDA:745,28,2,18
BRDA:745,28,3,180
BRDA:745,28,4,24
BRDA:745,28,5,174
BRDA:745,28,6,24
BRDA:764,29,0,0
BRDA:764,29,1,0
BRF:65
BRH:29
end_of_record
TN:
SF:backend/middleware/activityLogger.cjs
FN:6,(anonymous_0)
FN:7,(anonymous_1)
FN:11,(anonymous_2)
FN:16,(anonymous_3)
FN:25,(anonymous_4)
FN:92,(anonymous_5)
FNF:6
FNH:5
FNDA:100,(anonymous_0)
FNDA:14,(anonymous_1)
FNDA:14,(anonymous_2)
FNDA:13,(anonymous_3)
FNDA:27,(anonymous_4)
FNDA:0,(anonymous_5)
DA:1,4
DA:2,4
DA:3,4
DA:4,4
DA:6,4
DA:7,100
DA:8,14
DA:9,14
DA:11,14
DA:12,14
DA:13,14
DA:16,14
DA:17,13
DA:18,13
DA:21,14
DA:25,4
DA:26,27
DA:27,27
DA:29,17
DA:30,17
DA:32,17
DA:34,9
DA:36,9
DA:37,0
DA:39,0
DA:45,0
DA:48,0
DA:49,0
DA:51,0
DA:52,0
DA:54,0
DA:55,0
DA:56,0
DA:57,0
DA:59,0
DA:61,0
DA:63,0
DA:67,9
DA:74,9
DA:85,9
DA:86,9
DA:88,0
DA:92,4
DA:93,0
DA:94,0
DA:105,0
DA:106,0
DA:108,0
DA:112,4
LF:49
LH:29
BRDA:6,0,0,12
BRDA:25,1,0,0
BRDA:27,2,0,10
BRDA:27,2,1,17
BRDA:32,3,0,8
BRDA:32,3,1,9
BRDA:32,4,0,17
BRDA:32,4,1,17
BRDA:36,5,0,0
BRDA:36,5,1,9
BRDA:37,6,0,0
BRDA:37,6,1,0
BRDA:37,6,2,0
BRDA:37,6,3,0
BRDA:37,6,4,0
BRDA:37,6,5,0
BRDA:39,7,0,0
BRDA:39,7,1,0
BRDA:40,8,0,0
BRDA:40,8,1,0
BRDA:41,9,0,0
BRDA:41,9,1,0
BRDA:42,10,0,0
BRDA:42,10,1,0
BRDA:43,11,0,0
BRDA:43,11,1,0
BRDA:54,12,0,0
BRDA:54,12,1,0
BRDA:54,13,0,0
BRDA:54,13,1,0
BRDA:56,14,0,0
BRDA:56,14,1,0
BRDA:77,15,0,9
BRDA:77,15,1,0
BRDA:77,15,2,0
BRDA:81,16,0,9
BRDA:81,16,1,0
BRDA:92,17,0,0
BRDA:92,18,0,0
BRDA:100,19,0,0
BRDA:100,19,1,0
BRF:41
BRH:10
end_of_record
TN:
SF:backend/middleware/authMiddleware.cjs
FN:6,(anonymous_0)
FNF:1
FNH:1
FNDA:39,(anonymous_0)
DA:1,4
DA:2,4
DA:4,4
DA:6,4
DA:7,39
DA:8,39
DA:10,39
DA:11,7
DA:17,32
DA:19,31
DA:20,31
DA:21,31
DA:23,31
DA:24,0
DA:31,31
DA:39,31
DA:41,1
DA:42,0
DA:48,1
DA:55,4
LF:20
LH:18
BRDA:4,0,0,4
BRDA:4,0,1,4
BRDA:8,1,0,39
BRDA:8,1,1,7
BRDA:10,2,0,7
BRDA:10,2,1,32
BRDA:19,3,0,31
BRDA:19,3,1,0
BRDA:23,4,0,0
BRDA:23,4,1,31
BRDA:41,5,0,0
BRDA:41,5,1,1
BRF:12
BRH:9
end_of_record
TN:
SF:backend/middleware/databaseReadiness.cjs
FN:4,(anonymous_0)
FNF:1
FNH:1
FNDA:9,(anonymous_0)
DA:1,4
DA:2,4
DA:4,4
DA:5,9
DA:6,9
DA:8,9
DA:9,0
DA:10,0
DA:17,9
DA:19,9
DA:20,0
DA:21,0
DA:28,9
DA:30,0
DA:31,0
DA:40,4
LF:16
LH:10
BRDA:8,0,0,0
BRDA:8,0,1,9
BRDA:19,1,0,0
BRDA:19,1,1,9
BRF:4
BRH:2
end_of_record
TN:
SF:backend/middleware/errorHandler.cjs
FN:3,(anonymous_0)
FN:56,(anonymous_1)
FNF:2
FNH:0
FNDA:0,(anonymous_0)
FNDA:0,(anonymous_1)
DA:1,0
DA:3,0
DA:4,0
DA:6,0
DA:7,0
DA:8,0
DA:14,0
DA:15,0
DA:16,0
DA:22,0
DA:23,0
DA:29,0
DA:30,0
DA:36,0
DA:37,0
DA:43,0
DA:44,0
DA:50,0
DA:56,0
DA:57,0
DA:67,0
DA:68,0
DA:71,0
DA:73,0
DA:74,0
DA:80,0
DA:81,0
DA:84,0
LF:28
LH:0
BRDA:4,0,0,0
BRDA:4,0,1,0
BRDA:6,1,0,0
BRDA:6,1,1,0
BRDA:10,2,0,0
BRDA:10,2,1,0
BRDA:14,3,0,0
BRDA:14,3,1,0
BRDA:18,4,0,0
BRDA:18,4,1,0
BRDA:22,5,0,0
BRDA:22,5,1,0
BRDA:29,6,0,0
BRDA:29,6,1,0
BRDA:36,7,0,0
BRDA:36,7,1,0
BRDA:43,8,0,0
BRDA:43,8,1,0
BRDA:67,9,0,0
BRDA:67,9,1,0
BRDA:71,10,0,0
BRDA:71,10,1,0
BRDA:71,10,2,0
BRDA:73,11,0,0
BRDA:73,11,1,0
BRDA:73,12,0,0
BRDA:73,12,1,0
BRDA:75,13,0,0
BRDA:75,13,1,0
BRDA:76,14,0,0
BRDA:76,14,1,0
BRF:31
BRH:0
end_of_record
TN:
SF:backend/middleware/httpsRedirect.cjs
FN:3,httpsRedirectMiddleware
FNF:1
FNH:0
FNDA:0,httpsRedirectMiddleware
DA:1,0
DA:4,0
DA:5,0
DA:6,0
DA:7,0
DA:8,0
DA:11,0
DA:14,0
LF:8
LH:0
BRDA:4,0,0,0
BRDA:4,0,1,0
BRDA:5,1,0,0
BRDA:5,1,1,0
BRDA:5,2,0,0
BRDA:5,2,1,0
BRF:6
BRH:0
end_of_record
TN:
SF:backend/middleware/inventoryStatusValidator.cjs
FN:4,validateGRNStatus
FN:27,validatePurchaseOrderStatus
FN:50,validateStockAdjustmentStatus
FN:73,validateTransferStatus
FNF:4
FNH:0
FNDA:0,validateGRNStatus
FNDA:0,validatePurchaseOrderStatus
FNDA:0,validateStockAdjustmentStatus
FNDA:0,validateTransferStatus
DA:1,0
DA:2,0
DA:5,0
DA:6,0
DA:7,0
DA:9,0
DA:10,0
DA:16,0
DA:17,0
DA:18,0
DA:24,0
DA:28,0
DA:29,0
DA:30,0
DA:32,0
DA:33,0
DA:39,0
DA:40,0
DA:41,0
DA:47,0
DA:51,0
DA:52,0
DA:53,0
DA:55,0
DA:56,0
DA:62,0
DA:63,0
DA:64,0
DA:70,0
DA:74,0
DA:75,0
DA:76,0
DA:78,0
DA:79,0
DA:85,0
DA:86,0
DA:87,0
DA:93,0
DA:96,0
LF:39
LH:0
BRDA:5,0,0,0
BRDA:5,0,1,0
BRDA:5,1,0,0
BRDA:5,1,1,0
BRDA:9,2,0,0
BRDA:9,2,1,0
BRDA:16,3,0,0
BRDA:16,3,1,0
BRDA:28,4,0,0
BRDA:28,4,1,0
BRDA:28,5,0,0
BRDA:28,5,1,0
BRDA:32,6,0,0
BRDA:32,6,1,0
BRDA:39,7,0,0
BRDA:39,7,1,0
BRDA:39,8,0,0
BRDA:39,8,1,0
BRDA:51,9,0,0
BRDA:51,9,1,0
BRDA:51,10,0,0
BRDA:51,10,1,0
BRDA:55,11,0,0
BRDA:55,11,1,0
BRDA:62,12,0,0
BRDA:62,12,1,0
BRDA:74,13,0,0
BRDA:74,13,1,0
BRDA:74,14,0,0
BRDA:74,14,1,0
BRDA:78,15,0,0
BRDA:78,15,1,0
BRDA:85,16,0,0
BRDA:85,16,1,0
BRF:34
BRH:0
end_of_record
TN:
SF:backend/middleware/permissionMiddleware.cjs
FN:4,(anonymous_0)
FN:5,(anonymous_1)
FNF:2
FNH:0
FNDA:0,(anonymous_0)
FNDA:0,(anonymous_1)
DA:1,0
DA:2,0
DA:4,0
DA:5,0
DA:6,0
DA:7,0
DA:8,0
DA:14,0
DA:16,0
DA:17,0
DA:20,0
DA:28,0
DA:30,0
DA:31,0
DA:37,0
DA:39,0
DA:40,0
DA:48,0
LF:18
LH:0
BRDA:7,0,0,0
BRDA:7,0,1,0
BRDA:16,1,0,0
BRDA:16,1,1,0
BRDA:30,2,0,0
BRDA:30,2,1,0
BRF:6
BRH:0
end_of_record
TN:
SF:backend/middleware/registrationLock.cjs
FN:4,(anonymous_0)
FNF:1
FNH:1
FNDA:4,(anonymous_0)
DA:1,4
DA:2,4
DA:4,4
DA:5,4
DA:6,4
DA:7,4
DA:14,0
DA:17,4
LF:8
LH:7
BRDA:5,0,0,4
BRDA:5,0,1,0
BRF:2
BRH:1
end_of_record
TN:
SF:backend/middleware/roleMiddleware.cjs
FN:1,(anonymous_0)
FN:2,(anonymous_1)
FNF:2
FNH:0
FNDA:0,(anonymous_0)
FNDA:0,(anonymous_1)
DA:1,0
DA:2,0
DA:3,0
DA:4,0
DA:10,0
DA:11,0
DA:14,0
DA:15,0
DA:21,0
DA:25,0
LF:10
LH:0
BRDA:1,0,0,0
BRDA:3,1,0,0
BRDA:3,1,1,0
BRDA:10,2,0,0
BRDA:10,2,1,0
BRDA:14,3,0,0
BRDA:14,3,1,0
BRF:7
BRH:0
end_of_record
TN:
SF:backend/routes/accounting.cjs
FN:18,(anonymous_0)
FN:29,(anonymous_1)
FN:59,(anonymous_2)
FN:89,(anonymous_3)
FN:101,(anonymous_4)
FN:123,(anonymous_5)
FN:137,(anonymous_6)
FN:142,(anonymous_7)
FN:143,(anonymous_8)
FN:207,(anonymous_9)
FN:247,(anonymous_10)
FN:268,(anonymous_11)
FN:302,(anonymous_12)
FN:309,(anonymous_13)
FN:318,(anonymous_14)
FN:346,(anonymous_15)
FN:360,(anonymous_16)
FN:387,(anonymous_17)
FN:401,(anonymous_18)
FN:432,(anonymous_19)
FN:446,(anonymous_20)
FN:478,(anonymous_21)
FN:497,(anonymous_22)
FN:527,(anonymous_23)
FN:546,(anonymous_24)
FN:557,(anonymous_25)
FNF:26
FNH:0
FNDA:0,(anonymous_0)
FNDA:0,(anonymous_1)
FNDA:0,(anonymous_2)
FNDA:0,(anonymous_3)
FNDA:0,(anonymous_4)
FNDA:0,(anonymous_5)
FNDA:0,(anonymous_6)
FNDA:0,(anonymous_7)
FNDA:0,(anonymous_8)
FNDA:0,(anonymous_9)
FNDA:0,(anonymous_10)
FNDA:0,(anonymous_11)
FNDA:0,(anonymous_12)
FNDA:0,(anonymous_13)
FNDA:0,(anonymous_14)
FNDA:0,(anonymous_15)
FNDA:0,(anonymous_16)
FNDA:0,(anonymous_17)
FNDA:0,(anonymous_18)
FNDA:0,(anonymous_19)
FNDA:0,(anonymous_20)
FNDA:0,(anonymous_21)
FNDA:0,(anonymous_22)
FNDA:0,(anonymous_23)
FNDA:0,(anonymous_24)
FNDA:0,(anonymous_25)
DA:1,0
DA:2,0
DA:3,0
DA:13,0
DA:14,0
DA:15,0
DA:16,0
DA:18,0
DA:19,0
DA:20,0
DA:21,0
DA:22,0
DA:24,0
DA:25,0
DA:29,0
DA:30,0
DA:31,0
DA:32,0
DA:34,0
DA:41,0
DA:52,0
DA:54,0
DA:55,0
DA:59,0
DA:60,0
DA:61,0
DA:62,0
DA:64,0
DA:71,0
DA:82,0
DA:84,0
DA:85,0
DA:89,0
DA:90,0
DA:91,0
DA:92,0
DA:93,0
DA:94,0
DA:96,0
DA:97,0
DA:101,0
DA:102,0
DA:103,0
DA:104,0
DA:106,0
DA:107,0
DA:109,0
DA:110,0
DA:111,0
DA:114,0
DA:115,0
DA:116,0
DA:119,0
DA:121,0
DA:123,0
DA:124,0
DA:125,0
DA:126,0
DA:127,0
DA:130,0
DA:132,0
DA:133,0
DA:137,0
DA:138,0
DA:139,0
DA:140,0
DA:142,0
DA:143,0
DA:145,0
DA:146,0
DA:149,0
DA:151,0
DA:152,0
DA:154,0
DA:161,0
DA:173,0
DA:180,0
DA:181,0
DA:182,0
DA:194,0
DA:196,0
DA:198,0
DA:199,0
DA:202,0
DA:203,0
DA:207,0
DA:208,0
DA:209,0
DA:210,0
DA:212,0
DA:213,0
DA:216,0
DA:230,0
DA:232,0
DA:233,0
DA:234,0
DA:237,0
DA:238,0
DA:239,0
DA:242,0
DA:244,0
DA:246,0
DA:247,0
DA:248,0
DA:249,0
DA:261,0
DA:263,0
DA:264,0
DA:268,0
DA:269,0
DA:270,0
DA:271,0
DA:273,0
DA:286,0
DA:288,0
DA:289,0
DA:290,0
DA:293,0
DA:294,0
DA:295,0
DA:298,0
DA:300,0
DA:302,0
DA:309,0
DA:311,0
DA:313,0
DA:314,0
DA:318,0
DA:319,0
DA:320,0
DA:321,0
DA:323,0
DA:324,0
DA:327,0
DA:344,0
DA:346,0
DA:353,0
DA:355,0
DA:356,0
DA:360,0
DA:361,0
DA:362,0
DA:363,0
DA:365,0
DA:366,0
DA:369,0
DA:385,0
DA:387,0
DA:394,0
DA:396,0
DA:397,0
DA:401,0
DA:402,0
DA:403,0
DA:404,0
DA:406,0
DA:407,0
DA:410,0
DA:430,0
DA:432,0
DA:439,0
DA:441,0
DA:442,0
DA:446,0
DA:447,0
DA:448,0
DA:450,0
DA:476,0
DA:478,0
DA:490,0
DA:492,0
DA:493,0
DA:497,0
DA:498,0
DA:499,0
DA:501,0
DA:525,0
DA:527,0
DA:539,0
DA:541,0
DA:542,0
DA:546,0
DA:547,0
DA:548,0
DA:549,0
DA:550,0
DA:552,0
DA:553,0
DA:557,0
DA:558,0
DA:559,0
DA:560,0
DA:562,0
DA:569,0
DA:582,0
DA:584,0
DA:585,0
DA:589,0
LF:198
LH:0
BRDA:109,0,0,0
BRDA:109,0,1,0
BRDA:114,1,0,0
BRDA:114,1,1,0
BRDA:145,2,0,0
BRDA:145,2,1,0
BRDA:212,3,0,0
BRDA:212,3,1,0
BRDA:232,4,0,0
BRDA:232,4,1,0
BRDA:237,5,0,0
BRDA:237,5,1,0
BRDA:253,6,0,0
BRDA:253,6,1,0
BRDA:254,7,0,0
BRDA:254,7,1,0
BRDA:288,8,0,0
BRDA:288,8,1,0
BRDA:293,9,0,0
BRDA:293,9,1,0
BRDA:306,10,0,0
BRDA:306,10,1,0
BRDA:307,11,0,0
BRDA:307,11,1,0
BRDA:308,12,0,0
BRDA:308,12,1,0
BRDA:308,13,0,0
BRDA:308,13,1,0
BRDA:309,14,0,0
BRDA:309,14,1,0
BRDA:323,15,0,0
BRDA:323,15,1,0
BRDA:323,16,0,0
BRDA:323,16,1,0
BRDA:350,17,0,0
BRDA:350,17,1,0
BRDA:365,18,0,0
BRDA:365,18,1,0
BRDA:391,19,0,0
BRDA:391,19,1,0
BRDA:406,20,0,0
BRDA:406,20,1,0
BRDA:406,21,0,0
BRDA:406,21,1,0
BRDA:435,22,0,0
BRDA:435,22,1,0
BRDA:479,23,0,0
BRDA:479,23,1,0
BRDA:480,24,0,0
BRDA:480,24,1,0
BRDA:528,25,0,0
BRDA:528,25,1,0
BRDA:529,26,0,0
BRDA:529,26,1,0
BRF:54
BRH:0
end_of_record
TN:
SF:backend/routes/activityLogs.cjs
FN:8,(anonymous_0)
FN:56,(anonymous_1)
FN:68,(anonymous_2)
FN:99,(anonymous_3)
FNF:4
FNH:0
FNDA:0,(anonymous_0)
FNDA:0,(anonymous_1)
FNDA:0,(anonymous_2)
FNDA:0,(anonymous_3)
DA:1,0
DA:2,0
DA:3,0
DA:4,0
DA:5,0
DA:6,0
DA:8,0
DA:9,0
DA:10,0
DA:12,0
DA:13,0
DA:14,0
DA:16,0
DA:17,0
DA:18,0
DA:21,0
DA:22,0
DA:23,0
DA:26,0
DA:27,0
DA:28,0
DA:31,0
DA:32,0
DA:33,0
DA:36,0
DA:37,0
DA:38,0
DA:41,0
DA:42,0
DA:45,0
DA:46,0
DA:48,0
DA:49,0
DA:50,0
DA:52,0
DA:56,0
DA:57,0
DA:58,0
DA:59,0
DA:60,0
DA:62,0
DA:64,0
DA:68,0
DA:69,0
DA:70,0
DA:72,0
DA:73,0
DA:79,0
DA:90,0
DA:91,0
DA:93,0
DA:95,0
DA:99,0
DA:100,0
DA:101,0
DA:103,0
DA:104,0
DA:106,0
DA:107,0
DA:108,0
DA:111,0
DA:116,0
DA:121,0
DA:126,0
DA:131,0
DA:138,0
DA:142,0
LF:67
LH:0
BRDA:10,0,0,0
BRDA:16,1,0,0
BRDA:16,1,1,0
BRDA:21,2,0,0
BRDA:21,2,1,0
BRDA:26,3,0,0
BRDA:26,3,1,0
BRDA:31,4,0,0
BRDA:31,4,1,0
BRDA:36,5,0,0
BRDA:36,5,1,0
BRDA:41,6,0,0
BRDA:41,6,1,0
BRDA:59,7,0,0
BRDA:59,7,1,0
BRDA:72,8,0,0
BRDA:72,8,1,0
BRDA:72,9,0,0
BRDA:72,9,1,0
BRDA:72,9,2,0
BRDA:72,9,3,0
BRDA:85,10,0,0
BRDA:85,10,1,0
BRDA:86,11,0,0
BRDA:86,11,1,0
BRDA:106,12,0,0
BRDA:106,12,1,0
BRDA:106,13,0,0
BRDA:106,13,1,0
BRDA:111,14,0,0
BRDA:111,14,1,0
BRF:31
BRH:0
end_of_record
TN:
SF:backend/routes/attendance.cjs
FN:21,(anonymous_0)
FN:21,(anonymous_1)
FN:30,(anonymous_2)
FN:67,(anonymous_3)
FN:79,(anonymous_4)
FN:115,(anonymous_5)
FN:150,(anonymous_6)
FN:182,(anonymous_7)
FN:200,(anonymous_8)
FN:223,(anonymous_9)
FNF:10
FNH:0
FNDA:0,(anonymous_0)
FNDA:0,(anonymous_1)
FNDA:0,(anonymous_2)
FNDA:0,(anonymous_3)
FNDA:0,(anonymous_4)
FNDA:0,(anonymous_5)
FNDA:0,(anonymous_6)
FNDA:0,(anonymous_7)
FNDA:0,(anonymous_8)
FNDA:0,(anonymous_9)
DA:1,0
DA:2,0
DA:3,0
DA:4,0
DA:5,0
DA:6,0
DA:7,0
DA:8,0
DA:10,0
DA:17,0
DA:21,0
DA:22,0
DA:23,0
DA:24,0
DA:26,0
DA:30,0
DA:31,0
DA:32,0
DA:34,0
DA:35,0
DA:36,0
DA:38,0
DA:39,0
DA:40,0
DA:43,0
DA:44,0
DA:45,0
DA:48,0
DA:49,0
DA:50,0
DA:53,0
DA:54,0
DA:57,0
DA:59,0
DA:60,0
DA:61,0
DA:63,0
DA:67,0
DA:68,0
DA:69,0
DA:70,0
DA:71,0
DA:73,0
DA:75,0
DA:79,0
DA:80,0
DA:81,0
DA:83,0
DA:88,0
DA:89,0
DA:95,0
DA:106,0
DA:107,0
DA:109,0
DA:111,0
DA:115,0
DA:116,0
DA:117,0
DA:119,0
DA:120,0
DA:121,0
DA:124,0
DA:125,0
DA:131,0
DA:132,0
DA:133,0
DA:134,0
DA:136,0
DA:141,0
DA:143,0
DA:144,0
DA:146,0
DA:150,0
DA:151,0
DA:152,0
DA:153,0
DA:155,0
DA:156,0
DA:157,0
DA:160,0
DA:162,0
DA:163,0
DA:164,0
DA:166,0
DA:167,0
DA:168,0
DA:169,0
DA:170,0
DA:173,0
DA:175,0
DA:176,0
DA:178,0
DA:182,0
DA:183,0
DA:184,0
DA:186,0
DA:187,0
DA:188,0
DA:191,0
DA:192,0
DA:194,0
DA:196,0
DA:200,0
DA:201,0
DA:202,0
DA:203,0
DA:205,0
DA:206,0
DA:208,0
DA:209,0
DA:210,0
DA:213,0
DA:214,0
DA:215,0
DA:218,0
DA:219,0
DA:221,0
DA:223,0
DA:228,0
DA:229,0
DA:232,0
DA:234,0
DA:238,0
LF:123
LH:0
BRDA:38,0,0,0
BRDA:38,0,1,0
BRDA:43,1,0,0
BRDA:43,1,1,0
BRDA:48,2,0,0
BRDA:48,2,1,0
BRDA:53,3,0,0
BRDA:53,3,1,0
BRDA:70,4,0,0
BRDA:70,4,1,0
BRDA:88,5,0,0
BRDA:88,5,1,0
BRDA:120,6,0,0
BRDA:120,6,1,0
BRDA:124,7,0,0
BRDA:124,7,1,0
BRDA:156,8,0,0
BRDA:156,8,1,0
BRDA:162,9,0,0
BRDA:162,9,1,0
BRDA:163,10,0,0
BRDA:163,10,1,0
BRDA:164,11,0,0
BRDA:164,11,1,0
BRDA:166,12,0,0
BRDA:166,12,1,0
BRDA:166,13,0,0
BRDA:166,13,1,0
BRDA:187,14,0,0
BRDA:187,14,1,0
BRDA:208,15,0,0
BRDA:208,15,1,0
BRDA:213,16,0,0
BRDA:213,16,1,0
BRDA:223,17,0,0
BRDA:223,17,1,0
BRDA:228,18,0,0
BRDA:228,18,1,0
BRF:38
BRH:0
end_of_record
TN:
SF:backend/routes/auth.cjs
FN:41,recordMfaAttempt
FN:60,resetMfaAttempts
FN:67,isRateLimited
FN:75,(anonymous_3)
FN:148,(anonymous_4)
FN:208,(anonymous_5)
FN:269,(anonymous_6)
FN:361,(anonymous_7)
FN:509,(anonymous_8)
FN:552,recordPinAttempt
FN:567,resetPinAttempts
FN:571,isPinRateLimited
FN:579,(anonymous_12)
FN:643,(anonymous_13)
FN:678,(anonymous_14)
FN:702,(anonymous_15)
FN:709,(anonymous_16)
FN:712,(anonymous_17)
FN:723,(anonymous_18)
FN:737,(anonymous_19)
FN:790,(anonymous_20)
FN:838,(anonymous_21)
FN:863,(anonymous_22)
FN:873,(anonymous_23)
FN:913,(anonymous_24)
FNF:25
FNH:2
FNDA:0,recordMfaAttempt
FNDA:0,resetMfaAttempts
FNDA:0,isRateLimited
FNDA:0,(anonymous_3)
FNDA:3,(anonymous_4)
FNDA:0,(anonymous_5)
FNDA:0,(anonymous_6)
FNDA:0,(anonymous_7)
FNDA:0,(anonymous_8)
FNDA:0,recordPinAttempt
FNDA:0,resetPinAttempts
FNDA:0,isPinRateLimited
FNDA:0,(anonymous_12)
FNDA:1,(anonymous_13)
FNDA:0,(anonymous_14)
FNDA:0,(anonymous_15)
FNDA:0,(anonymous_16)
FNDA:0,(anonymous_17)
FNDA:0,(anonymous_18)
FNDA:0,(anonymous_19)
FNDA:0,(anonymous_20)
FNDA:0,(anonymous_21)
FNDA:0,(anonymous_22)
FNDA:0,(anonymous_23)
FNDA:0,(anonymous_24)
DA:1,4
DA:2,4
DA:3,4
DA:4,4
DA:5,4
DA:6,4
DA:7,4
DA:8,4
DA:9,4
DA:10,4
DA:11,4
DA:12,4
DA:13,4
DA:14,4
DA:15,4
DA:25,4
DA:31,4
DA:34,4
DA:35,4
DA:36,4
DA:42,0
DA:43,0
DA:46,0
DA:47,0
DA:48,0
DA:50,0
DA:53,0
DA:54,0
DA:61,0
DA:68,0
DA:69,0
DA:71,0
DA:72,0
DA:75,4
DA:76,0
DA:86,0
DA:88,0
DA:89,0
DA:90,0
DA:96,0
DA:98,0
DA:99,0
DA:101,0
DA:115,0
DA:116,0
DA:118,0
DA:119,0
DA:121,0
DA:123,0
DA:125,0
DA:132,0
DA:140,0
DA:141,0
DA:148,4
DA:149,3
DA:150,3
DA:152,3
DA:154,3
DA:155,1
DA:161,2
DA:163,2
DA:164,1
DA:170,1
DA:171,1
DA:173,1
DA:175,1
DA:176,0
DA:183,1
DA:185,1
DA:192,1
DA:194,1
DA:200,0
DA:201,0
DA:208,4
DA:209,0
DA:210,0
DA:212,0
DA:214,0
DA:215,0
DA:221,0
DA:224,0
DA:225,0
DA:232,0
DA:233,0
DA:235,0
DA:244,0
DA:245,0
DA:248,0
DA:255,0
DA:261,0
DA:262,0
DA:269,4
DA:270,0
DA:271,0
DA:272,0
DA:274,0
DA:275,0
DA:281,0
DA:283,0
DA:284,0
DA:290,0
DA:292,0
DA:293,0
DA:299,0
DA:300,0
DA:306,0
DA:313,0
DA:315,0
DA:316,0
DA:322,0
DA:323,0
DA:324,0
DA:326,0
DA:327,0
DA:328,0
DA:329,0
DA:330,0
DA:338,0
DA:339,0
DA:340,0
DA:343,0
DA:347,0
DA:353,0
DA:354,0
DA:361,4
DA:362,0
DA:363,0
DA:366,0
DA:367,0
DA:373,0
DA:375,0
DA:376,0
DA:382,0
DA:384,0
DA:385,0
DA:386,0
DA:392,0
DA:393,0
DA:400,0
DA:402,0
DA:404,0
DA:406,0
DA:414,0
DA:416,0
DA:418,0
DA:420,0
DA:427,0
DA:434,0
DA:441,0
DA:442,0
DA:443,0
DA:445,0
DA:446,0
DA:448,0
DA:455,0
DA:456,0
DA:457,0
DA:458,0
DA:459,0
DA:460,0
DA:464,0
DA:465,0
DA:467,0
DA:474,0
DA:476,0
DA:478,0
DA:480,0
DA:482,0
DA:489,0
DA:497,0
DA:502,0
DA:509,4
DA:510,0
DA:511,0
DA:513,0
DA:515,0
DA:516,0
DA:522,0
DA:523,0
DA:525,0
DA:527,0
DA:534,0
DA:540,0
DA:541,0
DA:548,4
DA:549,4
DA:550,4
DA:553,0
DA:554,0
DA:556,0
DA:557,0
DA:558,0
DA:560,0
DA:563,0
DA:564,0
DA:568,0
DA:572,0
DA:573,0
DA:575,0
DA:576,0
DA:579,4
DA:580,0
DA:581,0
DA:582,0
DA:584,0
DA:585,0
DA:591,0
DA:593,0
DA:594,0
DA:595,0
DA:596,0
DA:597,0
DA:598,0
DA:602,0
DA:603,0
DA:604,0
DA:606,0
DA:613,0
DA:615,0
DA:616,0
DA:618,0
DA:620,0
DA:627,0
DA:629,0
DA:635,0
DA:636,0
DA:643,4
DA:644,1
DA:645,1
DA:647,1
DA:648,1
DA:649,1
DA:650,1
DA:652,1
DA:653,1
DA:654,1
DA:655,1
DA:656,1
DA:658,1
DA:661,1
DA:663,0
DA:668,1
DA:670,0
DA:671,0
DA:678,4
DA:679,0
DA:680,0
DA:682,0
DA:683,0
DA:689,0
DA:690,0
DA:692,0
DA:694,0
DA:695,0
DA:702,4
DA:703,0
DA:709,4
DA:710,0
DA:711,0
DA:712,0
DA:713,0
DA:714,0
DA:715,0
DA:717,0
DA:719,0
DA:723,4
DA:724,0
DA:725,0
DA:726,0
DA:727,0
DA:729,0
DA:730,0
DA:731,0
DA:733,0
DA:737,4
DA:738,0
DA:749,0
DA:751,0
DA:752,0
DA:753,0
DA:759,0
DA:760,0
DA:762,0
DA:763,0
DA:766,0
DA:780,0
DA:781,0
DA:783,0
DA:784,0
DA:786,0
DA:790,4
DA:791,0
DA:792,0
DA:793,0
DA:795,0
DA:796,0
DA:797,0
DA:800,0
DA:801,0
DA:803,0
DA:804,0
DA:805,0
DA:806,0
DA:807,0
DA:814,0
DA:817,0
DA:818,0
DA:821,0
DA:828,0
DA:829,0
DA:831,0
DA:832,0
DA:834,0
DA:838,4
DA:839,0
DA:840,0
DA:842,0
DA:843,0
DA:849,0
DA:850,0
DA:851,0
DA:854,0
DA:855,0
DA:857,0
DA:859,0
DA:863,4
DA:864,0
DA:865,0
DA:866,0
DA:868,0
DA:869,0
DA:873,4
DA:874,0
DA:875,0
DA:877,0
DA:878,0
DA:884,0
DA:885,0
DA:891,0
DA:893,0
DA:898,0
DA:900,0
DA:901,0
DA:903,0
DA:908,0
DA:909,0
DA:913,4
DA:914,0
DA:915,0
DA:916,0
DA:922,0
DA:923,0
DA:924,0
DA:930,0
DA:931,0
DA:933,0
DA:938,0
DA:939,0
DA:943,4
LF:359
LH:72
BRDA:34,0,0,4
BRDA:34,0,1,4
BRDA:35,1,0,4
BRDA:35,1,1,3
BRDA:43,2,0,0
BRDA:43,2,1,0
BRDA:46,3,0,0
BRDA:46,3,1,0
BRDA:69,4,0,0
BRDA:69,4,1,0
BRDA:72,5,0,0
BRDA:72,5,1,0
BRDA:89,6,0,0
BRDA:89,6,1,0
BRDA:107,7,0,0
BRDA:107,7,1,0
BRDA:108,8,0,0
BRDA:108,8,1,0
BRDA:109,9,0,0
BRDA:109,9,1,0
BRDA:110,10,0,0
BRDA:110,10,1,0
BRDA:111,11,0,0
BRDA:111,11,1,0
BRDA:112,12,0,0
BRDA:112,12,1,0
BRDA:154,13,0,1
BRDA:154,13,1,2
BRDA:163,14,0,1
BRDA:163,14,1,1
BRDA:175,15,0,0
BRDA:175,15,1,1
BRDA:214,16,0,0
BRDA:214,16,1,0
BRDA:224,17,0,0
BRDA:224,17,1,0
BRDA:274,18,0,0
BRDA:274,18,1,0
BRDA:283,19,0,0
BRDA:283,19,1,0
BRDA:292,20,0,0
BRDA:292,20,1,0
BRDA:299,21,0,0
BRDA:299,21,1,0
BRDA:315,22,0,0
BRDA:315,22,1,0
BRDA:366,23,0,0
BRDA:366,23,1,0
BRDA:375,24,0,0
BRDA:375,24,1,0
BRDA:384,25,0,0
BRDA:384,25,1,0
BRDA:385,26,0,0
BRDA:385,26,1,0
BRDA:402,27,0,0
BRDA:402,27,1,0
BRDA:441,28,0,0
BRDA:441,28,1,0
BRDA:445,29,0,0
BRDA:445,29,1,0
BRDA:445,30,0,0
BRDA:445,30,1,0
BRDA:458,31,0,0
BRDA:458,31,1,0
BRDA:464,32,0,0
BRDA:464,32,1,0
BRDA:515,33,0,0
BRDA:515,33,1,0
BRDA:554,34,0,0
BRDA:554,34,1,0
BRDA:556,35,0,0
BRDA:556,35,1,0
BRDA:573,36,0,0
BRDA:573,36,1,0
BRDA:576,37,0,0
BRDA:576,37,1,0
BRDA:582,38,0,0
BRDA:582,38,1,0
BRDA:584,39,0,0
BRDA:584,39,1,0
BRDA:596,40,0,0
BRDA:596,40,1,0
BRDA:602,41,0,0
BRDA:602,41,1,0
BRDA:647,42,0,1
BRDA:647,42,1,0
BRDA:647,43,0,1
BRDA:647,43,1,1
BRDA:650,44,0,1
BRDA:650,44,1,1
BRDA:652,45,0,1
BRDA:652,45,1,0
BRDA:653,46,0,1
BRDA:653,46,1,0
BRDA:682,47,0,0
BRDA:682,47,1,0
BRDA:726,48,0,0
BRDA:726,48,1,0
BRDA:752,49,0,0
BRDA:752,49,1,0
BRDA:762,50,0,0
BRDA:762,50,1,0
BRDA:771,51,0,0
BRDA:771,51,1,0
BRDA:774,52,0,0
BRDA:774,52,1,0
BRDA:776,53,0,0
BRDA:776,53,1,0
BRDA:796,54,0,0
BRDA:796,54,1,0
BRDA:803,55,0,0
BRDA:803,55,1,0
BRDA:804,56,0,0
BRDA:804,56,1,0
BRDA:804,57,0,0
BRDA:804,57,1,0
BRDA:806,58,0,0
BRDA:806,58,1,0
BRDA:817,59,0,0
BRDA:817,59,1,0
BRDA:842,60,0,0
BRDA:842,60,1,0
BRDA:850,61,0,0
BRDA:850,61,1,0
BRDA:877,62,0,0
BRDA:877,62,1,0
BRDA:877,63,0,0
BRDA:877,63,1,0
BRDA:877,63,2,0
BRDA:884,64,0,0
BRDA:884,64,1,0
BRDA:915,65,0,0
BRDA:915,65,1,0
BRDA:923,66,0,0
BRDA:923,66,1,0
BRF:135
BRH:16
end_of_record
TN:
SF:backend/routes/backups.cjs
FN:8,(anonymous_0)
FN:27,(anonymous_1)
FN:40,(anonymous_2)
FNF:3
FNH:0
FNDA:0,(anonymous_0)
FNDA:0,(anonymous_1)
FNDA:0,(anonymous_2)
DA:1,0
DA:2,0
DA:3,0
DA:4,0
DA:5,0
DA:6,0
DA:8,0
DA:9,0
DA:10,0
DA:11,0
DA:13,0
DA:19,0
DA:20,0
DA:27,0
DA:28,0
DA:29,0
DA:30,0
DA:32,0
DA:33,0
DA:40,0
DA:41,0
DA:42,0
DA:43,0
DA:45,0
DA:47,0
DA:52,0
DA:53,0
DA:60,0
LF:28
LH:0
BRDA:10,0,0,0
BRDA:10,0,1,0
BRDA:43,1,0,0
BRDA:43,1,1,0
BRF:4
BRH:0
end_of_record
TN:
SF:backend/routes/categories.cjs
FN:6,(anonymous_0)
FN:16,(anonymous_1)
FN:28,(anonymous_2)
FN:38,(anonymous_3)
FN:48,(anonymous_4)
FNF:5
FNH:4
FNDA:1,(anonymous_0)
FNDA:0,(anonymous_1)
FNDA:2,(anonymous_2)
FNDA:1,(anonymous_3)
FNDA:1,(anonymous_4)
DA:1,4
DA:2,4
DA:3,4
DA:4,4
DA:6,4
DA:7,1
DA:8,1
DA:9,1
DA:10,1
DA:12,0
DA:16,4
DA:17,0
DA:18,0
DA:19,0
DA:20,0
DA:22,0
DA:24,0
DA:28,4
DA:29,2
DA:30,2
DA:31,2
DA:32,2
DA:34,0
DA:38,4
DA:39,1
DA:40,1
DA:41,1
DA:42,1
DA:44,0
DA:48,4
DA:49,1
DA:50,1
DA:51,1
DA:53,0
DA:57,4
LF:35
LH:25
BRDA:19,0,0,0
BRDA:19,0,1,0
BRF:2
BRH:0
end_of_record
TN:
SF:backend/routes/customers.cjs
FN:31,(anonymous_0)
FN:32,(anonymous_1)
FN:42,(anonymous_2)
FN:53,(anonymous_3)
FN:110,(anonymous_4)
FN:131,(anonymous_5)
FN:155,(anonymous_6)
FN:198,(anonymous_7)
FNF:8
FNH:6
FNDA:8,(anonymous_0)
FNDA:3,(anonymous_1)
FNDA:0,(anonymous_2)
FNDA:1,(anonymous_3)
FNDA:0,(anonymous_4)
FNDA:2,(anonymous_5)
FNDA:1,(anonymous_6)
FNDA:1,(anonymous_7)
DA:1,4
DA:2,4
DA:3,4
DA:4,4
DA:5,4
DA:6,4
DA:7,4
DA:8,4
DA:10,4
DA:21,4
DA:31,4
DA:32,8
DA:33,3
DA:34,3
DA:35,3
DA:36,3
DA:38,0
DA:39,0
DA:42,0
DA:48,0
DA:53,4
DA:54,1
DA:55,1
DA:58,1
DA:68,1
DA:71,1
DA:74,1
DA:80,1
DA:81,0
DA:82,0
DA:89,1
DA:90,1
DA:93,1
DA:94,0
DA:95,0
DA:96,0
DA:99,1
DA:100,1
DA:102,0
DA:103,0
DA:110,4
DA:111,0
DA:112,0
DA:114,0
DA:115,0
DA:121,0
DA:123,0
DA:124,0
DA:131,4
DA:132,2
DA:133,2
DA:135,2
DA:136,0
DA:142,2
DA:143,2
DA:145,2
DA:147,0
DA:148,0
DA:155,4
DA:156,1
DA:157,1
DA:159,1
DA:161,1
DA:162,0
DA:168,1
DA:169,0
DA:174,0
DA:175,0
DA:182,1
DA:183,1
DA:184,1
DA:186,1
DA:188,1
DA:190,0
DA:191,0
DA:198,4
DA:199,1
DA:200,1
DA:202,1
DA:204,1
DA:205,0
DA:211,1
DA:216,1
DA:217,0
DA:218,0
DA:224,1
DA:226,1
DA:228,0
DA:229,0
DA:236,4
LF:90
LH:58
BRDA:38,0,0,0
BRDA:38,0,1,0
BRDA:55,1,0,1
BRDA:55,2,0,1
BRDA:71,3,0,1
BRDA:71,3,1,0
BRDA:74,4,0,1
BRDA:74,4,1,0
BRDA:80,5,0,0
BRDA:80,5,1,1
BRDA:93,6,0,0
BRDA:93,6,1,1
BRDA:95,7,0,0
BRDA:95,7,1,0
BRDA:114,8,0,0
BRDA:114,8,1,0
BRDA:135,9,0,0
BRDA:135,9,1,2
BRDA:161,10,0,0
BRDA:161,10,1,1
BRDA:168,11,0,0
BRDA:168,11,1,1
BRDA:174,12,0,0
BRDA:174,12,1,0
BRDA:204,13,0,0
BRDA:204,13,1,1
BRDA:216,14,0,0
BRDA:216,14,1,1
BRDA:216,15,0,1
BRDA:216,15,1,1
BRF:30
BRH:13
end_of_record
TN:
SF:backend/routes/emailReceipt.cjs
FN:8,(anonymous_0)
FN:56,(anonymous_1)
FNF:2
FNH:0
FNDA:0,(anonymous_0)
FNDA:0,(anonymous_1)
DA:1,0
DA:2,0
DA:3,0
DA:4,0
DA:5,0
DA:6,0
DA:8,0
DA:9,0
DA:10,0
DA:12,0
DA:13,0
DA:19,0
DA:20,0
DA:21,0
DA:24,0
DA:26,0
DA:36,0
DA:56,0
DA:88,0
DA:95,0
DA:96,0
DA:98,0
DA:104,0
DA:105,0
DA:112,0
LF:25
LH:0
BRDA:12,0,0,0
BRDA:12,0,1,0
BRDA:12,1,0,0
BRDA:12,1,1,0
BRDA:20,2,0,0
BRDA:20,2,1,0
BRDA:27,3,0,0
BRDA:27,3,1,0
BRDA:28,4,0,0
BRDA:28,4,1,0
BRDA:31,5,0,0
BRDA:31,5,1,0
BRDA:32,6,0,0
BRDA:32,6,1,0
BRDA:89,7,0,0
BRDA:89,7,1,0
BRF:16
BRH:0
end_of_record
TN:
SF:backend/routes/grns.cjs
FN:7,(anonymous_0)
FN:17,(anonymous_1)
FN:29,(anonymous_2)
FN:39,(anonymous_3)
FN:61,(anonymous_4)
FNF:5
FNH:0
FNDA:0,(anonymous_0)
FNDA:0,(anonymous_1)
FNDA:0,(anonymous_2)
FNDA:0,(anonymous_3)
FNDA:0,(anonymous_4)
DA:1,4
DA:2,4
DA:3,4
DA:4,4
DA:5,4
DA:7,4
DA:8,0
DA:9,0
DA:10,0
DA:11,0
DA:13,0
DA:17,4
DA:18,0
DA:19,0
DA:20,0
DA:21,0
DA:23,0
DA:25,0
DA:29,4
DA:30,0
DA:31,0
DA:32,0
DA:33,0
DA:35,0
DA:39,4
DA:40,0
DA:41,0
DA:42,0
DA:43,0
DA:46,0
DA:47,0
DA:48,0
DA:53,0
DA:54,0
DA:55,0
DA:57,0
DA:61,4
DA:62,0
DA:63,0
DA:65,0
DA:66,0
DA:69,0
DA:70,0
DA:71,0
DA:77,0
DA:78,0
DA:79,0
DA:81,0
DA:82,0
DA:86,4
LF:50
LH:11
BRDA:20,0,0,0
BRDA:20,0,1,0
BRDA:42,1,0,0
BRDA:42,1,1,0
BRDA:46,2,0,0
BRDA:46,2,1,0
BRDA:65,3,0,0
BRDA:65,3,1,0
BRDA:69,4,0,0
BRDA:69,4,1,0
BRF:10
BRH:0
end_of_record
TN:
SF:backend/routes/inventoryHistory.cjs
FN:6,(anonymous_0)
FN:16,(anonymous_1)
FN:28,(anonymous_2)
FNF:3
FNH:0
FNDA:0,(anonymous_0)
FNDA:0,(anonymous_1)
FNDA:0,(anonymous_2)
DA:1,4
DA:2,4
DA:3,4
DA:4,4
DA:6,4
DA:7,0
DA:8,0
DA:9,0
DA:10,0
DA:12,0
DA:16,4
DA:17,0
DA:18,0
DA:19,0
DA:20,0
DA:22,0
DA:24,0
DA:28,4
DA:29,0
DA:30,0
DA:31,0
DA:32,0
DA:34,0
DA:38,4
LF:24
LH:8
BRDA:19,0,0,0
BRDA:19,0,1,0
BRF:2
BRH:0
end_of_record
TN:
SF:backend/routes/paymentMethods.cjs
FN:6,(anonymous_0)
FN:16,(anonymous_1)
FN:28,(anonymous_2)
FN:38,(anonymous_3)
FN:48,(anonymous_4)
FNF:5
FNH:0
FNDA:0,(anonymous_0)
FNDA:0,(anonymous_1)
FNDA:0,(anonymous_2)
FNDA:0,(anonymous_3)
FNDA:0,(anonymous_4)
DA:1,0
DA:2,0
DA:3,0
DA:4,0
DA:6,0
DA:7,0
DA:8,0
DA:9,0
DA:10,0
DA:12,0
DA:16,0
DA:17,0
DA:18,0
DA:19,0
DA:20,0
DA:22,0
DA:24,0
DA:28,0
DA:29,0
DA:30,0
DA:31,0
DA:32,0
DA:34,0
DA:38,0
DA:39,0
DA:40,0
DA:41,0
DA:42,0
DA:44,0
DA:48,0
DA:49,0
DA:50,0
DA:51,0
DA:53,0
DA:57,0
LF:35
LH:0
BRDA:19,0,0,0
BRDA:19,0,1,0
BRF:2
BRH:0
end_of_record
TN:
SF:backend/routes/payroll.cjs
FN:29,(anonymous_0)
FN:29,(anonymous_1)
FN:38,(anonymous_2)
FN:80,(anonymous_3)
FN:92,(anonymous_4)
FN:142,(anonymous_5)
FN:183,(anonymous_6)
FN:208,(anonymous_7)
FN:233,(anonymous_8)
FN:320,(anonymous_9)
FN:341,(anonymous_10)
FNF:11
FNH:0
FNDA:0,(anonymous_0)
FNDA:0,(anonymous_1)
FNDA:0,(anonymous_2)
FNDA:0,(anonymous_3)
FNDA:0,(anonymous_4)
FNDA:0,(anonymous_5)
FNDA:0,(anonymous_6)
FNDA:0,(anonymous_7)
FNDA:0,(anonymous_8)
FNDA:0,(anonymous_9)
FNDA:0,(anonymous_10)
DA:1,0
DA:2,0
DA:3,0
DA:4,0
DA:5,0
DA:6,0
DA:7,0
DA:8,0
DA:10,0
DA:21,0
DA:29,0
DA:30,0
DA:31,0
DA:32,0
DA:34,0
DA:38,0
DA:39,0
DA:40,0
DA:42,0
DA:43,0
DA:44,0
DA:46,0
DA:47,0
DA:48,0
DA:51,0
DA:52,0
DA:53,0
DA:56,0
DA:57,0
DA:58,0
DA:61,0
DA:62,0
DA:63,0
DA:66,0
DA:67,0
DA:70,0
DA:72,0
DA:73,0
DA:74,0
DA:76,0
DA:80,0
DA:81,0
DA:82,0
DA:83,0
DA:84,0
DA:86,0
DA:88,0
DA:92,0
DA:93,0
DA:103,0
DA:105,0
DA:110,0
DA:111,0
DA:117,0
DA:119,0
DA:133,0
DA:134,0
DA:136,0
DA:138,0
DA:142,0
DA:143,0
DA:144,0
DA:151,0
DA:153,0
DA:154,0
DA:155,0
DA:158,0
DA:160,0
DA:161,0
DA:162,0
DA:163,0
DA:164,0
DA:166,0
DA:167,0
DA:168,0
DA:169,0
DA:171,0
DA:172,0
DA:174,0
DA:176,0
DA:177,0
DA:179,0
DA:183,0
DA:184,0
DA:185,0
DA:187,0
DA:188,0
DA:189,0
DA:192,0
DA:193,0
DA:199,0
DA:200,0
DA:202,0
DA:204,0
DA:208,0
DA:209,0
DA:210,0
DA:212,0
DA:213,0
DA:214,0
DA:217,0
DA:218,0
DA:224,0
DA:226,0
DA:227,0
DA:229,0
DA:233,0
DA:234,0
DA:235,0
DA:236,0
DA:238,0
DA:239,0
DA:240,0
DA:243,0
DA:244,0
DA:250,0
DA:252,0
DA:253,0
DA:257,0
DA:261,0
DA:262,0
DA:263,0
DA:265,0
DA:277,0
DA:279,0
DA:290,0
DA:301,0
DA:302,0
DA:306,0
DA:311,0
DA:313,0
DA:314,0
DA:316,0
DA:320,0
DA:321,0
DA:322,0
DA:324,0
DA:325,0
DA:331,0
DA:332,0
DA:333,0
DA:336,0
DA:341,0
DA:342,0
DA:344,0
DA:345,0
DA:346,0
DA:347,0
DA:348,0
DA:349,0
DA:352,0
DA:365,0
DA:367,0
DA:371,0
LF:154
LH:0
BRDA:46,0,0,0
BRDA:46,0,1,0
BRDA:51,1,0,0
BRDA:51,1,1,0
BRDA:56,2,0,0
BRDA:56,2,1,0
BRDA:61,3,0,0
BRDA:61,3,1,0
BRDA:66,4,0,0
BRDA:66,4,1,0
BRDA:83,5,0,0
BRDA:83,5,1,0
BRDA:110,6,0,0
BRDA:110,6,1,0
BRDA:154,7,0,0
BRDA:154,7,1,0
BRDA:160,8,0,0
BRDA:160,8,1,0
BRDA:161,9,0,0
BRDA:161,9,1,0
BRDA:162,10,0,0
BRDA:162,10,1,0
BRDA:163,11,0,0
BRDA:163,11,1,0
BRDA:164,12,0,0
BRDA:164,12,1,0
BRDA:166,13,0,0
BRDA:166,13,1,0
BRDA:167,14,0,0
BRDA:167,14,1,0
BRDA:168,15,0,0
BRDA:168,15,1,0
BRDA:169,16,0,0
BRDA:169,16,1,0
BRDA:188,17,0,0
BRDA:188,17,1,0
BRDA:192,18,0,0
BRDA:192,18,1,0
BRDA:213,19,0,0
BRDA:213,19,1,0
BRDA:217,20,0,0
BRDA:217,20,1,0
BRDA:239,21,0,0
BRDA:239,21,1,0
BRDA:243,22,0,0
BRDA:243,22,1,0
BRDA:252,23,0,0
BRDA:252,23,1,0
BRDA:261,24,0,0
BRDA:261,24,1,0
BRDA:261,25,0,0
BRDA:261,25,1,0
BRDA:324,26,0,0
BRDA:324,26,1,0
BRDA:324,27,0,0
BRDA:324,27,1,0
BRDA:324,27,2,0
BRDA:332,28,0,0
BRDA:332,28,1,0
BRDA:341,29,0,0
BRDA:341,29,1,0
BRDA:342,30,0,0
BRDA:342,30,1,0
BRDA:346,31,0,0
BRDA:346,31,1,0
BRDA:354,32,0,0
BRDA:354,32,1,0
BRF:67
BRH:0
end_of_record
TN:
SF:backend/routes/products.cjs
FN:49,(anonymous_0)
FN:50,(anonymous_1)
FN:60,(anonymous_2)
FN:93,(anonymous_3)
FN:107,(anonymous_4)
FN:150,(anonymous_5)
FN:172,(anonymous_6)
FN:203,(anonymous_7)
FNF:8
FNH:7
FNDA:8,(anonymous_0)
FNDA:3,(anonymous_1)
FNDA:0,(anonymous_2)
FNDA:2,(anonymous_3)
FNDA:1,(anonymous_4)
FNDA:2,(anonymous_5)
FNDA:1,(anonymous_6)
FNDA:1,(anonymous_7)
DA:1,4
DA:2,4
DA:3,4
DA:4,4
DA:5,4
DA:6,4
DA:7,4
DA:8,4
DA:10,4
DA:30,4
DA:49,4
DA:50,8
DA:51,3
DA:52,3
DA:53,3
DA:54,3
DA:56,0
DA:57,0
DA:60,0
DA:66,0
DA:93,4
DA:94,2
DA:95,2
DA:96,2
DA:97,2
DA:99,0
DA:100,0
DA:107,4
DA:108,1
DA:109,1
DA:110,1
DA:111,1
DA:116,0
DA:118,0
DA:119,0
DA:150,4
DA:151,2
DA:152,2
DA:153,2
DA:154,0
DA:156,2
DA:158,2
DA:159,0
DA:165,2
DA:172,4
DA:173,1
DA:174,1
DA:176,1
DA:177,1
DA:183,0
DA:184,0
DA:185,0
DA:187,0
DA:189,0
DA:190,0
DA:196,0
DA:203,4
DA:204,1
DA:205,1
DA:207,1
DA:208,1
DA:214,0
DA:215,0
DA:217,0
DA:218,0
DA:225,4
LF:66
LH:44
BRDA:56,0,0,0
BRDA:56,0,1,0
BRDA:110,1,0,1
BRDA:110,1,1,0
BRDA:158,2,0,0
BRDA:158,2,1,2
BRDA:158,3,0,2
BRDA:158,3,1,2
BRDA:176,4,0,1
BRDA:176,4,1,0
BRDA:189,5,0,0
BRDA:189,5,1,0
BRDA:189,6,0,0
BRDA:189,6,1,0
BRDA:207,7,0,1
BRDA:207,7,1,0
BRF:16
BRH:6
end_of_record
TN:
SF:backend/routes/purchaseOrders.cjs
FN:9,(anonymous_0)
FN:19,(anonymous_1)
FN:31,(anonymous_2)
FN:41,(anonymous_3)
FN:63,(anonymous_4)
FNF:5
FNH:0
FNDA:0,(anonymous_0)
FNDA:0,(anonymous_1)
FNDA:0,(anonymous_2)
FNDA:0,(anonymous_3)
FNDA:0,(anonymous_4)
DA:1,4
DA:2,4
DA:3,4
DA:4,4
DA:5,4
DA:6,4
DA:7,4
DA:9,4
DA:10,0
DA:11,0
DA:12,0
DA:13,0
DA:15,0
DA:19,4
DA:20,0
DA:21,0
DA:22,0
DA:23,0
DA:25,0
DA:27,0
DA:31,4
DA:32,0
DA:33,0
DA:34,0
DA:35,0
DA:37,0
DA:41,4
DA:42,0
DA:43,0
DA:44,0
DA:45,0
DA:48,0
DA:49,0
DA:50,0
DA:55,0
DA:56,0
DA:57,0
DA:59,0
DA:63,4
DA:64,0
DA:65,0
DA:66,0
DA:67,0
DA:70,0
DA:71,0
DA:72,0
DA:77,0
DA:78,0
DA:80,0
DA:84,4
LF:50
LH:13
BRDA:22,0,0,0
BRDA:22,0,1,0
BRDA:44,1,0,0
BRDA:44,1,1,0
BRDA:48,2,0,0
BRDA:48,2,1,0
BRDA:48,3,0,0
BRDA:48,3,1,0
BRDA:66,4,0,0
BRDA:66,4,1,0
BRDA:70,5,0,0
BRDA:70,5,1,0
BRDA:70,6,0,0
BRDA:70,6,1,0
BRF:14
BRH:0
end_of_record
TN:
SF:backend/routes/reports.cjs
FN:5,(anonymous_0)
FN:64,(anonymous_1)
FN:66,(anonymous_2)
FN:88,(anonymous_3)
FN:110,(anonymous_4)
FN:139,(anonymous_5)
FN:140,(anonymous_6)
FN:141,(anonymous_7)
FN:142,(anonymous_8)
FN:143,(anonymous_9)
FN:161,(anonymous_10)
FN:167,(anonymous_11)
FN:203,(anonymous_12)
FN:204,(anonymous_13)
FN:208,(anonymous_14)
FN:209,(anonymous_15)
FN:210,(anonymous_16)
FN:228,(anonymous_17)
FN:234,(anonymous_18)
FN:282,(anonymous_19)
FN:283,(anonymous_20)
FN:284,(anonymous_21)
FN:301,(anonymous_22)
FN:336,(anonymous_23)
FN:382,(anonymous_24)
FN:413,(anonymous_25)
FN:441,(anonymous_26)
FN:457,(anonymous_27)
FN:481,(anonymous_28)
FN:483,(anonymous_29)
FN:511,(anonymous_30)
FN:515,(anonymous_31)
FN:519,(anonymous_32)
FN:523,(anonymous_33)
FN:526,(anonymous_34)
FN:527,(anonymous_35)
FN:528,(anonymous_36)
FN:551,(anonymous_37)
FN:557,(anonymous_38)
FN:605,(anonymous_39)
FN:606,(anonymous_40)
FN:610,(anonymous_41)
FN:611,(anonymous_42)
FN:612,(anonymous_43)
FNF:44
FNH:0
FNDA:0,(anonymous_0)
FNDA:0,(anonymous_1)
FNDA:0,(anonymous_2)
FNDA:0,(anonymous_3)
FNDA:0,(anonymous_4)
FNDA:0,(anonymous_5)
FNDA:0,(anonymous_6)
FNDA:0,(anonymous_7)
FNDA:0,(anonymous_8)
FNDA:0,(anonymous_9)
FNDA:0,(anonymous_10)
FNDA:0,(anonymous_11)
FNDA:0,(anonymous_12)
FNDA:0,(anonymous_13)
FNDA:0,(anonymous_14)
FNDA:0,(anonymous_15)
FNDA:0,(anonymous_16)
FNDA:0,(anonymous_17)
FNDA:0,(anonymous_18)
FNDA:0,(anonymous_19)
FNDA:0,(anonymous_20)
FNDA:0,(anonymous_21)
FNDA:0,(anonymous_22)
FNDA:0,(anonymous_23)
FNDA:0,(anonymous_24)
FNDA:0,(anonymous_25)
FNDA:0,(anonymous_26)
FNDA:0,(anonymous_27)
FNDA:0,(anonymous_28)
FNDA:0,(anonymous_29)
FNDA:0,(anonymous_30)
FNDA:0,(anonymous_31)
FNDA:0,(anonymous_32)
FNDA:0,(anonymous_33)
FNDA:0,(anonymous_34)
FNDA:0,(anonymous_35)
FNDA:0,(anonymous_36)
FNDA:0,(anonymous_37)
FNDA:0,(anonymous_38)
FNDA:0,(anonymous_39)
FNDA:0,(anonymous_40)
FNDA:0,(anonymous_41)
FNDA:0,(anonymous_42)
FNDA:0,(anonymous_43)
DA:1,0
DA:2,0
DA:3,0
DA:5,0
DA:6,0
DA:7,0
DA:8,0
DA:9,0
DA:11,0
DA:12,0
DA:13,0
DA:15,0
DA:16,0
DA:17,0
DA:19,0
DA:20,0
DA:21,0
DA:24,0
DA:26,0
DA:45,0
DA:58,0
DA:63,0
DA:64,0
DA:65,0
DA:66,0
DA:67,0
DA:71,0
DA:72,0
DA:74,0
DA:84,0
DA:88,0
DA:89,0
DA:90,0
DA:92,0
DA:110,0
DA:111,0
DA:113,0
DA:114,0
DA:115,0
DA:118,0
DA:119,0
DA:120,0
DA:121,0
DA:123,0
DA:139,0
DA:140,0
DA:141,0
DA:142,0
DA:143,0
DA:145,0
DA:157,0
DA:161,0
DA:162,0
DA:163,0
DA:165,0
DA:167,0
DA:168,0
DA:169,0
DA:171,0
DA:172,0
DA:173,0
DA:176,0
DA:188,0
DA:202,0
DA:203,0
DA:204,0
DA:207,0
DA:208,0
DA:209,0
DA:210,0
DA:212,0
DA:224,0
DA:228,0
DA:229,0
DA:230,0
DA:232,0
DA:234,0
DA:235,0
DA:236,0
DA:238,0
DA:239,0
DA:240,0
DA:243,0
DA:254,0
DA:263,0
DA:281,0
DA:282,0
DA:283,0
DA:284,0
DA:286,0
DA:297,0
DA:301,0
DA:302,0
DA:303,0
DA:304,0
DA:305,0
DA:307,0
DA:308,0
DA:309,0
DA:311,0
DA:312,0
DA:313,0
DA:316,0
DA:318,0
DA:332,0
DA:333,0
DA:334,0
DA:336,0
DA:337,0
DA:338,0
DA:340,0
DA:341,0
DA:349,0
DA:350,0
DA:357,0
DA:358,0
DA:359,0
DA:361,0
DA:362,0
DA:364,0
DA:367,0
DA:378,0
DA:382,0
DA:383,0
DA:384,0
DA:385,0
DA:386,0
DA:388,0
DA:389,0
DA:390,0
DA:393,0
DA:395,0
DA:410,0
DA:411,0
DA:413,0
DA:414,0
DA:415,0
DA:417,0
DA:418,0
DA:428,0
DA:429,0
DA:430,0
DA:437,0
DA:440,0
DA:441,0
DA:443,0
DA:453,0
DA:457,0
DA:458,0
DA:459,0
DA:460,0
DA:461,0
DA:463,0
DA:464,0
DA:465,0
DA:467,0
DA:468,0
DA:469,0
DA:472,0
DA:474,0
DA:479,0
DA:481,0
DA:482,0
DA:483,0
DA:484,0
DA:485,0
DA:496,0
DA:497,0
DA:498,0
DA:500,0
DA:501,0
DA:502,0
DA:503,0
DA:504,0
DA:508,0
DA:510,0
DA:511,0
DA:514,0
DA:515,0
DA:518,0
DA:519,0
DA:522,0
DA:523,0
DA:526,0
DA:527,0
DA:528,0
DA:530,0
DA:547,0
DA:551,0
DA:552,0
DA:553,0
DA:555,0
DA:557,0
DA:558,0
DA:559,0
DA:561,0
DA:562,0
DA:563,0
DA:565,0
DA:566,0
DA:567,0
DA:570,0
DA:581,0
DA:590,0
DA:604,0
DA:605,0
DA:606,0
DA:609,0
DA:610,0
DA:611,0
DA:612,0
DA:614,0
DA:627,0
DA:631,0
LF:214
LH:0
BRDA:11,0,0,0
BRDA:11,0,1,0
BRDA:11,1,0,0
BRDA:11,1,1,0
BRDA:15,2,0,0
BRDA:15,2,1,0
BRDA:19,3,0,0
BRDA:19,3,1,0
BRDA:24,4,0,0
BRDA:24,4,1,0
BRDA:67,5,0,0
BRDA:67,5,1,0
BRDA:71,6,0,0
BRDA:71,6,1,0
BRDA:72,7,0,0
BRDA:72,7,1,0
BRDA:113,8,0,0
BRDA:113,8,1,0
BRDA:113,9,0,0
BRDA:113,9,1,0
BRDA:115,10,0,0
BRDA:115,10,1,0
BRDA:171,11,0,0
BRDA:171,11,1,0
BRDA:171,12,0,0
BRDA:171,12,1,0
BRDA:194,13,0,0
BRDA:194,13,1,0
BRDA:195,14,0,0
BRDA:195,14,1,0
BRDA:196,15,0,0
BRDA:196,15,1,0
BRDA:197,16,0,0
BRDA:197,16,1,0
BRDA:220,17,0,0
BRDA:220,17,1,0
BRDA:238,18,0,0
BRDA:238,18,1,0
BRDA:238,19,0,0
BRDA:238,19,1,0
BRDA:269,20,0,0
BRDA:269,20,1,0
BRDA:270,21,0,0
BRDA:270,21,1,0
BRDA:271,22,0,0
BRDA:271,22,1,0
BRDA:272,23,0,0
BRDA:272,23,1,0
BRDA:273,24,0,0
BRDA:273,24,1,0
BRDA:274,25,0,0
BRDA:274,25,1,0
BRDA:275,26,0,0
BRDA:275,26,1,0
BRDA:293,27,0,0
BRDA:293,27,1,0
BRDA:307,28,0,0
BRDA:307,28,1,0
BRDA:307,29,0,0
BRDA:307,29,1,0
BRDA:311,30,0,0
BRDA:311,30,1,0
BRDA:337,31,0,0
BRDA:337,31,1,0
BRDA:338,32,0,0
BRDA:338,32,1,0
BRDA:340,33,0,0
BRDA:340,33,1,0
BRDA:349,34,0,0
BRDA:349,34,1,0
BRDA:374,35,0,0
BRDA:374,35,1,0
BRDA:388,36,0,0
BRDA:388,36,1,0
BRDA:414,37,0,0
BRDA:414,37,1,0
BRDA:415,38,0,0
BRDA:415,38,1,0
BRDA:417,39,0,0
BRDA:417,39,1,0
BRDA:449,40,0,0
BRDA:449,40,1,0
BRDA:459,41,0,0
BRDA:463,42,0,0
BRDA:463,42,1,0
BRDA:463,43,0,0
BRDA:463,43,1,0
BRDA:467,44,0,0
BRDA:467,44,1,0
BRDA:484,45,0,0
BRDA:484,45,1,0
BRDA:497,46,0,0
BRDA:497,46,1,0
BRDA:541,47,0,0
BRDA:541,47,1,0
BRDA:561,48,0,0
BRDA:561,48,1,0
BRDA:561,49,0,0
BRDA:561,49,1,0
BRDA:565,50,0,0
BRDA:565,50,1,0
BRDA:586,51,0,0
BRDA:586,51,1,0
BRDA:586,52,0,0
BRDA:586,52,1,0
BRDA:587,53,0,0
BRDA:587,53,1,0
BRDA:587,54,0,0
BRDA:587,54,1,0
BRDA:594,55,0,0
BRDA:594,55,1,0
BRDA:595,56,0,0
BRDA:595,56,1,0
BRDA:596,57,0,0
BRDA:596,57,1,0
BRDA:598,58,0,0
BRDA:598,58,1,0
BRDA:599,59,0,0
BRDA:599,59,1,0
BRDA:600,60,0,0
BRDA:600,60,1,0
BRDA:600,61,0,0
BRDA:600,61,1,0
BRDA:622,62,0,0
BRDA:622,62,1,0
BRDA:623,63,0,0
BRDA:623,63,1,0
BRF:127
BRH:0
end_of_record
TN:
SF:backend/routes/roles.cjs
FN:21,(anonymous_0)
FN:21,(anonymous_1)
FN:30,(anonymous_2)
FN:40,(anonymous_3)
FN:62,(anonymous_4)
FN:89,(anonymous_5)
FN:122,(anonymous_6)
FN:148,(anonymous_7)
FN:189,(anonymous_8)
FN:211,(anonymous_9)
FN:221,(anonymous_10)
FN:253,(anonymous_11)
FNF:12
FNH:0
FNDA:0,(anonymous_0)
FNDA:0,(anonymous_1)
FNDA:0,(anonymous_2)
FNDA:0,(anonymous_3)
FNDA:0,(anonymous_4)
FNDA:0,(anonymous_5)
FNDA:0,(anonymous_6)
FNDA:0,(anonymous_7)
FNDA:0,(anonymous_8)
FNDA:0,(anonymous_9)
FNDA:0,(anonymous_10)
FNDA:0,(anonymous_11)
DA:1,0
DA:2,0
DA:3,0
DA:4,0
DA:5,0
DA:6,0
DA:7,0
DA:8,0
DA:10,0
DA:15,0
DA:21,0
DA:22,0
DA:23,0
DA:24,0
DA:26,0
DA:30,0
DA:31,0
DA:32,0
DA:33,0
DA:34,0
DA:36,0
DA:40,0
DA:41,0
DA:42,0
DA:43,0
DA:44,0
DA:47,0
DA:49,0
DA:54,0
DA:56,0
DA:58,0
DA:62,0
DA:63,0
DA:64,0
DA:66,0
DA:67,0
DA:68,0
DA:74,0
DA:80,0
DA:81,0
DA:83,0
DA:85,0
DA:89,0
DA:90,0
DA:91,0
DA:92,0
DA:94,0
DA:95,0
DA:96,0
DA:99,0
DA:100,0
DA:101,0
DA:102,0
DA:109,0
DA:110,0
DA:111,0
DA:113,0
DA:115,0
DA:116,0
DA:118,0
DA:122,0
DA:123,0
DA:124,0
DA:126,0
DA:127,0
DA:128,0
DA:131,0
DA:132,0
DA:133,0
DA:139,0
DA:140,0
DA:142,0
DA:144,0
DA:148,0
DA:149,0
DA:150,0
DA:152,0
DA:153,0
DA:154,0
DA:157,0
DA:158,0
DA:159,0
DA:162,0
DA:167,0
DA:168,0
DA:174,0
DA:180,0
DA:181,0
DA:183,0
DA:185,0
DA:189,0
DA:190,0
DA:191,0
DA:193,0
DA:198,0
DA:199,0
DA:202,0
DA:203,0
DA:205,0
DA:207,0
DA:211,0
DA:212,0
DA:213,0
DA:214,0
DA:215,0
DA:217,0
DA:221,0
DA:222,0
DA:223,0
DA:225,0
DA:230,0
DA:231,0
DA:237,0
DA:244,0
DA:245,0
DA:247,0
DA:249,0
DA:253,0
DA:254,0
DA:255,0
DA:257,0
DA:258,0
DA:259,0
DA:262,0
DA:263,0
DA:265,0
DA:267,0
DA:271,0
LF:128
LH:0
BRDA:43,0,0,0
BRDA:43,0,1,0
BRDA:67,1,0,0
BRDA:67,1,1,0
BRDA:95,2,0,0
BRDA:95,2,1,0
BRDA:99,3,0,0
BRDA:99,3,1,0
BRDA:99,4,0,0
BRDA:99,4,1,0
BRDA:101,5,0,0
BRDA:101,5,1,0
BRDA:110,6,0,0
BRDA:110,6,1,0
BRDA:111,7,0,0
BRDA:111,7,1,0
BRDA:127,8,0,0
BRDA:127,8,1,0
BRDA:132,9,0,0
BRDA:132,9,1,0
BRDA:153,10,0,0
BRDA:153,10,1,0
BRDA:158,11,0,0
BRDA:158,11,1,0
BRDA:167,12,0,0
BRDA:167,12,1,0
BRDA:198,13,0,0
BRDA:198,13,1,0
BRDA:230,14,0,0
BRDA:230,14,1,0
BRDA:258,15,0,0
BRDA:258,15,1,0
BRF:32
BRH:0
end_of_record
TN:
SF:backend/routes/sales.cjs
FN:45,(anonymous_0)
FN:46,(anonymous_1)
FN:56,(anonymous_2)
FN:67,(anonymous_3)
FN:81,(anonymous_4)
FN:98,(anonymous_5)
FN:115,(anonymous_6)
FN:134,(anonymous_7)
FN:165,(anonymous_8)
FN:197,(anonymous_9)
FN:219,(anonymous_10)
FNF:11
FNH:1
FNDA:8,(anonymous_0)
FNDA:0,(anonymous_1)
FNDA:0,(anonymous_2)
FNDA:0,(anonymous_3)
FNDA:0,(anonymous_4)
FNDA:0,(anonymous_5)
FNDA:0,(anonymous_6)
FNDA:0,(anonymous_7)
FNDA:0,(anonymous_8)
FNDA:0,(anonymous_9)
FNDA:0,(anonymous_10)
DA:1,4
DA:2,4
DA:3,4
DA:4,4
DA:5,4
DA:6,4
DA:7,4
DA:8,4
DA:9,4
DA:11,4
DA:23,4
DA:41,4
DA:45,4
DA:46,8
DA:47,0
DA:48,0
DA:49,0
DA:50,0
DA:52,0
DA:53,0
DA:56,0
DA:62,0
DA:67,4
DA:68,0
DA:69,0
DA:70,0
DA:71,0
DA:73,0
DA:74,0
DA:81,4
DA:82,0
DA:83,0
DA:87,0
DA:88,0
DA:90,0
DA:91,0
DA:98,4
DA:99,0
DA:100,0
DA:104,0
DA:105,0
DA:107,0
DA:108,0
DA:115,4
DA:116,0
DA:117,0
DA:118,0
DA:119,0
DA:124,0
DA:126,0
DA:127,0
DA:134,4
DA:135,0
DA:136,0
DA:137,0
DA:139,0
DA:140,0
DA:141,0
DA:143,0
DA:147,0
DA:149,0
DA:151,0
DA:152,0
DA:158,0
DA:165,4
DA:166,0
DA:167,0
DA:169,0
DA:170,0
DA:176,0
DA:177,0
DA:179,0
DA:180,0
DA:181,0
DA:183,0
DA:187,0
DA:189,0
DA:190,0
DA:197,4
DA:198,0
DA:199,0
DA:201,0
DA:202,0
DA:208,0
DA:209,0
DA:211,0
DA:212,0
DA:219,4
DA:220,0
DA:221,0
DA:223,0
DA:224,0
DA:230,0
DA:231,0
DA:237,0
DA:238,0
DA:239,0
DA:245,0
DA:252,0
DA:253,0
DA:260,4
LF:101
LH:23
BRDA:52,0,0,0
BRDA:52,0,1,0
BRDA:118,1,0,0
BRDA:118,1,1,0
BRDA:139,2,0,0
BRDA:139,2,1,0
BRDA:151,3,0,0
BRDA:151,3,1,0
BRDA:151,4,0,0
BRDA:151,4,1,0
BRDA:169,5,0,0
BRDA:169,5,1,0
BRDA:179,6,0,0
BRDA:179,6,1,0
BRDA:179,7,0,0
BRDA:179,7,1,0
BRDA:179,7,2,0
BRDA:201,8,0,0
BRDA:201,8,1,0
BRDA:223,9,0,0
BRDA:223,9,1,0
BRDA:230,10,0,0
BRDA:230,10,1,0
BRDA:230,11,0,0
BRDA:230,11,1,0
BRDA:238,12,0,0
BRDA:238,12,1,0
BRF:27
BRH:0
end_of_record
TN:
SF:backend/routes/settings.cjs
FN:5,(anonymous_0)
FN:9,(anonymous_1)
FN:18,(anonymous_2)
FN:27,(anonymous_3)
FNF:4
FNH:0
FNDA:0,(anonymous_0)
FNDA:0,(anonymous_1)
FNDA:0,(anonymous_2)
FNDA:0,(anonymous_3)
DA:1,0
DA:2,0
DA:3,0
DA:5,0
DA:6,0
DA:7,0
DA:8,0
DA:9,0
DA:10,0
DA:12,0
DA:14,0
DA:18,0
DA:19,0
DA:20,0
DA:21,0
DA:23,0
DA:27,0
DA:28,0
DA:29,0
DA:30,0
DA:31,0
DA:33,0
DA:37,0
LF:23
LH:0
BRF:0
BRH:0
end_of_record
TN:
SF:backend/routes/stockAdjustments.cjs
FN:7,(anonymous_0)
FN:17,(anonymous_1)
FN:29,(anonymous_2)
FN:39,(anonymous_3)
FN:61,(anonymous_4)
FNF:5
FNH:0
FNDA:0,(anonymous_0)
FNDA:0,(anonymous_1)
FNDA:0,(anonymous_2)
FNDA:0,(anonymous_3)
FNDA:0,(anonymous_4)
DA:1,4
DA:2,4
DA:3,4
DA:4,4
DA:5,4
DA:7,4
DA:8,0
DA:9,0
DA:10,0
DA:11,0
DA:13,0
DA:17,4
DA:18,0
DA:19,0
DA:20,0
DA:21,0
DA:23,0
DA:25,0
DA:29,4
DA:30,0
DA:31,0
DA:32,0
DA:33,0
DA:35,0
DA:39,4
DA:40,0
DA:41,0
DA:42,0
DA:43,0
DA:46,0
DA:47,0
DA:48,0
DA:53,0
DA:54,0
DA:55,0
DA:57,0
DA:61,4
DA:62,0
DA:63,0
DA:65,0
DA:66,0
DA:69,0
DA:70,0
DA:71,0
DA:77,0
DA:78,0
DA:79,0
DA:81,0
DA:82,0
DA:86,4
LF:50
LH:11
BRDA:20,0,0,0
BRDA:20,0,1,0
BRDA:42,1,0,0
BRDA:42,1,1,0
BRDA:46,2,0,0
BRDA:46,2,1,0
BRDA:65,3,0,0
BRDA:65,3,1,0
BRDA:69,4,0,0
BRDA:69,4,1,0
BRF:10
BRH:0
end_of_record
TN:
SF:backend/routes/stores.cjs
FN:6,(anonymous_0)
FN:16,(anonymous_1)
FN:28,(anonymous_2)
FN:38,(anonymous_3)
FN:48,(anonymous_4)
FNF:5
FNH:0
FNDA:0,(anonymous_0)
FNDA:0,(anonymous_1)
FNDA:0,(anonymous_2)
FNDA:0,(anonymous_3)
FNDA:0,(anonymous_4)
DA:1,4
DA:2,4
DA:3,4
DA:4,4
DA:6,4
DA:7,0
DA:8,0
DA:9,0
DA:10,0
DA:12,0
DA:16,4
DA:17,0
DA:18,0
DA:19,0
DA:20,0
DA:22,0
DA:24,0
DA:28,4
DA:29,0
DA:30,0
DA:31,0
DA:32,0
DA:34,0
DA:38,4
DA:39,0
DA:40,0
DA:41,0
DA:42,0
DA:44,0
DA:48,4
DA:49,0
DA:50,0
DA:51,0
DA:53,0
DA:56,0
DA:57,0
DA:58,0
DA:59,0
DA:66,0
DA:67,0
DA:68,0
DA:69,0
DA:76,0
DA:77,0
DA:78,0
DA:79,0
DA:86,0
DA:87,0
DA:88,0
DA:89,0
DA:90,0
DA:91,0
DA:100,0
DA:101,0
DA:102,0
DA:104,0
DA:105,0
DA:109,4
LF:58
LH:10
BRDA:19,0,0,0
BRDA:19,0,1,0
BRDA:57,1,0,0
BRDA:57,1,1,0
BRDA:67,2,0,0
BRDA:67,2,1,0
BRDA:77,3,0,0
BRDA:77,3,1,0
BRDA:89,4,0,0
BRDA:89,4,1,0
BRF:10
BRH:0
end_of_record
TN:
SF:backend/routes/suppliers.cjs
FN:6,(anonymous_0)
FN:16,(anonymous_1)
FN:28,(anonymous_2)
FN:38,(anonymous_3)
FN:48,(anonymous_4)
FNF:5
FNH:4
FNDA:1,(anonymous_0)
FNDA:0,(anonymous_1)
FNDA:2,(anonymous_2)
FNDA:1,(anonymous_3)
FNDA:1,(anonymous_4)
DA:1,4
DA:2,4
DA:3,4
DA:4,4
DA:6,4
DA:7,1
DA:8,1
DA:9,1
DA:10,1
DA:12,0
DA:16,4
DA:17,0
DA:18,0
DA:19,0
DA:20,0
DA:22,0
DA:24,0
DA:28,4
DA:29,2
DA:30,2
DA:31,2
DA:32,2
DA:34,0
DA:38,4
DA:39,1
DA:40,1
DA:41,1
DA:42,1
DA:44,0
DA:48,4
DA:49,1
DA:50,1
DA:51,1
DA:53,1
DA:56,1
DA:57,1
DA:58,0
DA:59,0
DA:66,1
DA:67,1
DA:68,0
DA:69,0
DA:75,1
DA:76,1
DA:77,1
DA:79,0
DA:80,0
DA:84,4
LF:48
LH:33
BRDA:19,0,0,0
BRDA:19,0,1,0
BRDA:57,1,0,0
BRDA:57,1,1,1
BRDA:67,2,0,0
BRDA:67,2,1,1
BRF:6
BRH:2
end_of_record
TN:
SF:backend/routes/swagger.cjs
FN:13,(anonymous_0)
FNF:1
FNH:0
FNDA:0,(anonymous_0)
DA:1,0
DA:2,0
DA:3,0
DA:4,0
DA:6,0
DA:7,0
DA:13,0
DA:14,0
DA:15,0
DA:18,0
LF:10
LH:0
BRF:0
BRH:0
end_of_record
TN:
SF:backend/routes/taxRates.cjs
FN:6,(anonymous_0)
FN:16,(anonymous_1)
FN:28,(anonymous_2)
FN:38,(anonymous_3)
FN:48,(anonymous_4)
FNF:5
FNH:0
FNDA:0,(anonymous_0)
FNDA:0,(anonymous_1)
FNDA:0,(anonymous_2)
FNDA:0,(anonymous_3)
FNDA:0,(anonymous_4)
DA:1,0
DA:2,0
DA:3,0
DA:4,0
DA:6,0
DA:7,0
DA:8,0
DA:9,0
DA:10,0
DA:12,0
DA:16,0
DA:17,0
DA:18,0
DA:19,0
DA:20,0
DA:22,0
DA:24,0
DA:28,0
DA:29,0
DA:30,0
DA:31,0
DA:32,0
DA:34,0
DA:38,0
DA:39,0
DA:40,0
DA:41,0
DA:42,0
DA:44,0
DA:48,0
DA:49,0
DA:50,0
DA:51,0
DA:53,0
DA:57,0
LF:35
LH:0
BRDA:19,0,0,0
BRDA:19,0,1,0
BRF:2
BRH:0
end_of_record
TN:
SF:backend/routes/transfers.cjs
FN:7,(anonymous_0)
FN:17,(anonymous_1)
FN:29,(anonymous_2)
FN:39,(anonymous_3)
FN:61,(anonymous_4)
FNF:5
FNH:0
FNDA:0,(anonymous_0)
FNDA:0,(anonymous_1)
FNDA:0,(anonymous_2)
FNDA:0,(anonymous_3)
FNDA:0,(anonymous_4)
DA:1,4
DA:2,4
DA:3,4
DA:4,4
DA:5,4
DA:7,4
DA:8,0
DA:9,0
DA:10,0
DA:11,0
DA:13,0
DA:17,4
DA:18,0
DA:19,0
DA:20,0
DA:21,0
DA:23,0
DA:25,0
DA:29,4
DA:30,0
DA:31,0
DA:32,0
DA:33,0
DA:35,0
DA:39,4
DA:40,0
DA:41,0
DA:42,0
DA:43,0
DA:46,0
DA:47,0
DA:48,0
DA:53,0
DA:54,0
DA:55,0
DA:57,0
DA:61,4
DA:62,0
DA:63,0
DA:65,0
DA:66,0
DA:69,0
DA:70,0
DA:71,0
DA:77,0
DA:78,0
DA:79,0
DA:81,0
DA:82,0
DA:86,4
LF:50
LH:11
BRDA:20,0,0,0
BRDA:20,0,1,0
BRDA:42,1,0,0
BRDA:42,1,1,0
BRDA:46,2,0,0
BRDA:46,2,1,0
BRDA:46,3,0,0
BRDA:46,3,1,0
BRDA:65,4,0,0
BRDA:65,4,1,0
BRDA:69,5,0,0
BRDA:69,5,1,0
BRDA:69,6,0,0
BRDA:69,6,1,0
BRF:14
BRH:0
end_of_record
TN:
SF:backend/services/accountingService.cjs
FN:5,(anonymous_0)
FN:60,(anonymous_1)
FN:65,(anonymous_2)
FN:72,(anonymous_3)
FN:75,(anonymous_4)
FN:76,(anonymous_5)
FN:137,(anonymous_6)
FN:214,(anonymous_7)
FN:242,(anonymous_8)
FN:297,(anonymous_9)
FN:325,(anonymous_10)
FN:363,(anonymous_11)
FN:375,(anonymous_12)
FNF:13
FNH:1
FNDA:4,(anonymous_0)
FNDA:0,(anonymous_1)
FNDA:0,(anonymous_2)
FNDA:0,(anonymous_3)
FNDA:0,(anonymous_4)
FNDA:0,(anonymous_5)
FNDA:0,(anonymous_6)
FNDA:0,(anonymous_7)
FNDA:0,(anonymous_8)
FNDA:0,(anonymous_9)
FNDA:0,(anonymous_10)
FNDA:0,(anonymous_11)
FNDA:0,(anonymous_12)
DA:1,4
DA:2,4
DA:3,4
DA:5,4
DA:6,4
DA:8,4
DA:10,4
DA:11,0
DA:14,4
DA:47,4
DA:53,4
DA:54,104
DA:57,4
DA:60,4
DA:61,0
DA:62,0
DA:65,4
DA:66,0
DA:67,0
DA:68,0
DA:69,0
DA:72,4
DA:73,0
DA:75,0
DA:76,0
DA:78,0
DA:79,0
DA:82,0
DA:84,0
DA:85,0
DA:86,0
DA:88,0
DA:104,0
DA:111,0
DA:112,0
DA:113,0
DA:114,0
DA:117,0
DA:129,0
DA:130,0
DA:132,0
DA:133,0
DA:137,4
DA:138,0
DA:140,0
DA:141,0
DA:142,0
DA:143,0
DA:144,0
DA:145,0
DA:146,0
DA:147,0
DA:149,0
DA:150,0
DA:151,0
DA:154,0
DA:155,0
DA:156,0
DA:158,0
DA:160,0
DA:162,0
DA:169,0
DA:176,0
DA:177,0
DA:185,0
DA:186,0
DA:194,0
DA:195,0
DA:203,0
DA:204,0
DA:213,0
DA:214,0
DA:216,0
DA:217,0
DA:238,0
DA:242,4
DA:243,0
DA:245,0
DA:246,0
DA:247,0
DA:248,0
DA:249,0
DA:250,0
DA:251,0
DA:253,0
DA:254,0
DA:255,0
DA:258,0
DA:259,0
DA:260,0
DA:262,0
DA:264,0
DA:279,0
DA:280,0
DA:288,0
DA:289,0
DA:296,0
DA:297,0
DA:299,0
DA:300,0
DA:321,0
DA:325,4
DA:326,0
DA:328,0
DA:329,0
DA:331,0
DA:332,0
DA:333,0
DA:336,0
DA:351,0
DA:352,0
DA:359,0
DA:363,4
DA:364,0
DA:366,0
DA:367,0
DA:369,0
DA:370,0
DA:371,0
DA:374,0
DA:375,0
DA:376,0
DA:377,0
DA:380,0
DA:382,0
DA:410,0
DA:411,0
DA:418,0
DA:422,4
LF:129
LH:20
BRDA:10,0,0,0
BRDA:10,0,1,4
BRDA:68,1,0,0
BRDA:68,1,1,0
BRDA:78,2,0,0
BRDA:78,2,1,0
BRDA:97,3,0,0
BRDA:97,3,1,0
BRDA:98,4,0,0
BRDA:98,4,1,0
BRDA:100,5,0,0
BRDA:100,5,1,0
BRDA:101,6,0,0
BRDA:101,6,1,0
BRDA:113,7,0,0
BRDA:113,7,1,0
BRDA:123,8,0,0
BRDA:123,8,1,0
BRDA:124,9,0,0
BRDA:124,9,1,0
BRDA:125,10,0,0
BRDA:125,10,1,0
BRDA:149,11,0,0
BRDA:149,11,1,0
BRDA:149,12,0,0
BRDA:149,12,1,0
BRDA:149,12,2,0
BRDA:149,12,3,0
BRDA:149,12,4,0
BRDA:149,12,5,0
BRDA:158,13,0,0
BRDA:158,13,1,0
BRDA:158,14,0,0
BRDA:158,14,1,0
BRDA:166,15,0,0
BRDA:166,15,1,0
BRDA:176,16,0,0
BRDA:176,16,1,0
BRDA:185,17,0,0
BRDA:185,17,1,0
BRDA:185,18,0,0
BRDA:185,18,1,0
BRDA:185,18,2,0
BRDA:194,19,0,0
BRDA:194,19,1,0
BRDA:194,20,0,0
BRDA:194,20,1,0
BRDA:194,20,2,0
BRDA:213,21,0,0
BRDA:213,21,1,0
BRDA:216,22,0,0
BRDA:216,22,1,0
BRDA:253,23,0,0
BRDA:253,23,1,0
BRDA:253,24,0,0
BRDA:253,24,1,0
BRDA:253,24,2,0
BRDA:253,24,3,0
BRDA:253,24,4,0
BRDA:253,24,5,0
BRDA:262,25,0,0
BRDA:262,25,1,0
BRDA:262,26,0,0
BRDA:262,26,1,0
BRDA:275,27,0,0
BRDA:275,27,1,0
BRDA:279,28,0,0
BRDA:279,28,1,0
BRDA:296,29,0,0
BRDA:296,29,1,0
BRDA:299,30,0,0
BRDA:299,30,1,0
BRDA:331,31,0,0
BRDA:331,31,1,0
BRDA:331,32,0,0
BRDA:331,32,1,0
BRDA:369,33,0,0
BRDA:369,33,1,0
BRDA:369,34,0,0
BRDA:369,34,1,0
BRDA:374,35,0,0
BRDA:374,35,1,0
BRDA:377,36,0,0
BRDA:377,36,1,0
BRDA:380,37,0,0
BRDA:380,37,1,0
BRDA:382,38,0,0
BRDA:382,38,1,0
BRF:88
BRH:1
end_of_record
TN:
SF:backend/utils/backupScheduler.cjs
FN:6,(anonymous_0)
FN:12,(anonymous_1)
FN:27,(anonymous_2)
FN:34,(anonymous_3)
FN:45,(anonymous_4)
FN:56,(anonymous_5)
FNF:6
FNH:0
FNDA:0,(anonymous_0)
FNDA:0,(anonymous_1)
FNDA:0,(anonymous_2)
FNDA:0,(anonymous_3)
FNDA:0,(anonymous_4)
FNDA:0,(anonymous_5)
DA:1,0
DA:2,0
DA:3,0
DA:7,0
DA:8,0
DA:9,0
DA:13,0
DA:14,0
DA:15,0
DA:18,0
DA:19,0
DA:20,0
DA:21,0
DA:23,0
DA:28,0
DA:29,0
DA:30,0
DA:35,0
DA:36,0
DA:37,0
DA:38,0
DA:40,0
DA:41,0
DA:46,0
DA:48,0
DA:49,0
DA:50,0
DA:51,0
DA:53,0
DA:57,0
DA:67,0
LF:31
LH:0
BRDA:8,0,0,0
BRDA:8,0,1,0
BRDA:13,1,0,0
BRDA:13,1,1,0
BRDA:28,2,0,0
BRDA:28,2,1,0
BRDA:48,3,0,0
BRDA:48,3,1,0
BRDA:49,4,0,0
BRDA:49,4,1,0
BRDA:50,5,0,0
BRDA:50,5,1,0
BRDA:51,6,0,0
BRDA:51,6,1,0
BRF:14
BRH:0
end_of_record
TN:
SF:backend/utils/backupService.cjs
FN:7,(anonymous_0)
FN:14,(anonymous_1)
FN:21,(anonymous_2)
FN:60,(anonymous_3)
FN:70,(anonymous_4)
FN:73,(anonymous_5)
FN:74,(anonymous_6)
FN:79,(anonymous_7)
FN:105,(anonymous_8)
FN:110,(anonymous_9)
FN:111,(anonymous_10)
FN:121,(anonymous_11)
FN:130,(anonymous_12)
FN:154,(anonymous_13)
FN:159,(anonymous_14)
FN:161,(anonymous_15)
FNF:16
FNH:0
FNDA:0,(anonymous_0)
FNDA:0,(anonymous_1)
FNDA:0,(anonymous_2)
FNDA:0,(anonymous_3)
FNDA:0,(anonymous_4)
FNDA:0,(anonymous_5)
FNDA:0,(anonymous_6)
FNDA:0,(anonymous_7)
FNDA:0,(anonymous_8)
FNDA:0,(anonymous_9)
FNDA:0,(anonymous_10)
FNDA:0,(anonymous_11)
FNDA:0,(anonymous_12)
FNDA:0,(anonymous_13)
FNDA:0,(anonymous_14)
FNDA:0,(anonymous_15)
DA:1,0
DA:2,0
DA:3,0
DA:4,0
DA:8,0
DA:9,0
DA:10,0
DA:11,0
DA:15,0
DA:16,0
DA:17,0
DA:22,0
DA:23,0
DA:24,0
DA:27,0
DA:28,0
DA:30,0
DA:31,0
DA:32,0
DA:33,0
DA:35,0
DA:36,0
DA:37,0
DA:40,0
DA:42,0
DA:44,0
DA:46,0
DA:47,0
DA:49,0
DA:51,0
DA:53,0
DA:55,0
DA:56,0
DA:61,0
DA:62,0
DA:63,0
DA:64,0
DA:66,0
DA:71,0
DA:72,0
DA:73,0
DA:74,0
DA:79,0
DA:81,0
DA:82,0
DA:84,0
DA:86,0
DA:87,0
DA:88,0
DA:89,0
DA:90,0
DA:94,0
DA:95,0
DA:98,0
DA:99,0
DA:101,0
DA:106,0
DA:107,0
DA:109,0
DA:110,0
DA:112,0
DA:113,0
DA:121,0
DA:123,0
DA:125,0
DA:126,0
DA:131,0
DA:132,0
DA:134,0
DA:135,0
DA:138,0
DA:139,0
DA:140,0
DA:141,0
DA:144,0
DA:145,0
DA:147,0
DA:149,0
DA:150,0
DA:155,0
DA:156,0
DA:158,0
DA:159,0
DA:161,0
DA:162,0
DA:163,0
DA:166,0
DA:174,0
DA:175,0
DA:186,0
LF:90
LH:0
BRDA:9,0,0,0
BRDA:9,0,1,0
BRDA:10,1,0,0
BRDA:10,1,1,0
BRDA:15,2,0,0
BRDA:15,2,1,0
BRDA:22,3,0,0
BRDA:22,3,1,0
BRDA:35,4,0,0
BRDA:35,4,1,0
BRDA:73,5,0,0
BRDA:73,5,1,0
BRDA:87,6,0,0
BRDA:87,6,1,0
BRDA:94,7,0,0
BRDA:94,7,1,0
BRDA:110,8,0,0
BRDA:110,8,1,0
BRDA:134,9,0,0
BRDA:134,9,1,0
BRDA:139,10,0,0
BRDA:139,10,1,0
BRDA:159,11,0,0
BRDA:159,11,1,0
BRF:24
BRH:0
end_of_record
TN:
SF:backend/utils/databaseBackup.cjs
FN:7,(anonymous_0)
FN:16,(anonymous_1)
FN:42,(anonymous_2)
FN:52,(anonymous_3)
FN:88,(anonymous_4)
FN:91,(anonymous_5)
FN:92,(anonymous_6)
FN:97,(anonymous_7)
FN:114,(anonymous_8)
FN:115,(anonymous_9)
FN:126,(anonymous_10)
FN:131,(anonymous_11)
FN:134,(anonymous_12)
FN:135,(anonymous_13)
FN:145,(anonymous_14)
FN:154,(anonymous_15)
FN:177,(anonymous_16)
FNF:17
FNH:0
FNDA:0,(anonymous_0)
FNDA:0,(anonymous_1)
FNDA:0,(anonymous_2)
FNDA:0,(anonymous_3)
FNDA:0,(anonymous_4)
FNDA:0,(anonymous_5)
FNDA:0,(anonymous_6)
FNDA:0,(anonymous_7)
FNDA:0,(anonymous_8)
FNDA:0,(anonymous_9)
FNDA:0,(anonymous_10)
FNDA:0,(anonymous_11)
FNDA:0,(anonymous_12)
FNDA:0,(anonymous_13)
FNDA:0,(anonymous_14)
FNDA:0,(anonymous_15)
FNDA:0,(anonymous_16)
DA:1,0
DA:2,0
DA:3,0
DA:4,0
DA:8,0
DA:9,0
DA:10,0
DA:11,0
DA:12,0
DA:13,0
DA:17,0
DA:18,0
DA:19,0
DA:22,0
DA:23,0
DA:24,0
DA:25,0
DA:28,0
DA:30,0
DA:32,0
DA:33,0
DA:34,0
DA:35,0
DA:37,0
DA:38,0
DA:43,0
DA:49,0
DA:53,0
DA:54,0
DA:55,0
DA:56,0
DA:59,0
DA:60,0
DA:61,0
DA:62,0
DA:64,0
DA:65,0
DA:67,0
DA:68,0
DA:69,0
DA:70,0
DA:72,0
DA:75,0
DA:76,0
DA:77,0
DA:79,0
DA:81,0
DA:83,0
DA:84,0
DA:89,0
DA:90,0
DA:91,0
DA:92,0
DA:97,0
DA:99,0
DA:100,0
DA:102,0
DA:103,0
DA:104,0
DA:107,0
DA:110,0
DA:115,0
DA:116,0
DA:117,0
DA:123,0
DA:127,0
DA:128,0
DA:132,0
DA:133,0
DA:134,0
DA:136,0
DA:137,0
DA:145,0
DA:147,0
DA:149,0
DA:150,0
DA:155,0
DA:156,0
DA:158,0
DA:159,0
DA:162,0
DA:163,0
DA:164,0
DA:166,0
DA:168,0
DA:170,0
DA:172,0
DA:173,0
DA:178,0
DA:179,0
DA:180,0
DA:185,0
DA:187,0
LF:93
LH:0
BRDA:7,0,0,0
BRDA:8,1,0,0
BRDA:8,1,1,0
BRDA:8,1,2,0
BRDA:9,2,0,0
BRDA:9,2,1,0
BRDA:10,3,0,0
BRDA:10,3,1,0
BRDA:10,3,2,0
BRDA:11,4,0,0
BRDA:11,4,1,0
BRDA:12,5,0,0
BRDA:12,5,1,0
BRDA:12,5,2,0
BRDA:13,6,0,0
BRDA:13,6,1,0
BRDA:17,7,0,0
BRDA:17,7,1,0
BRDA:23,8,0,0
BRDA:23,8,1,0
BRDA:49,9,0,0
BRDA:49,9,1,0
BRDA:54,10,0,0
BRDA:54,10,1,0
BRDA:91,11,0,0
BRDA:91,11,1,0
BRDA:99,12,0,0
BRDA:99,12,1,0
BRDA:134,13,0,0
BRDA:134,13,1,0
BRDA:158,14,0,0
BRDA:158,14,1,0
BRDA:178,15,0,0
BRDA:178,15,1,0
BRF:34
BRH:0
end_of_record
TN:
SF:backend/utils/envValidator.cjs
FN:6,generateSecureSecret
FN:10,validateEnvVariables
FN:39,ensureEnvFile
FN:66,loadAndValidateEnv
FNF:4
FNH:0
FNDA:0,generateSecureSecret
FNDA:0,validateEnvVariables
FNDA:0,ensureEnvFile
FNDA:0,loadAndValidateEnv
DA:1,0
DA:2,0
DA:3,0
DA:4,0
DA:7,0
DA:11,0
DA:12,0
DA:14,0
DA:15,0
DA:16,0
DA:20,0
DA:21,0
DA:27,0
DA:28,0
DA:34,0
DA:35,0
DA:40,0
DA:41,0
DA:43,0
DA:44,0
DA:46,0
DA:47,0
DA:50,0
DA:52,0
DA:53,0
DA:58,0
DA:59,0
DA:60,0
DA:62,0
DA:67,0
DA:69,0
DA:71,0
DA:84,0
DA:85,0
DA:86,0
DA:87,0
DA:91,0
DA:93,0
DA:96,0
LF:39
LH:0
BRDA:6,0,0,0
BRDA:15,1,0,0
BRDA:15,1,1,0
BRDA:20,2,0,0
BRDA:20,2,1,0
BRDA:27,3,0,0
BRDA:27,3,1,0
BRDA:34,4,0,0
BRDA:34,4,1,0
BRDA:43,5,0,0
BRDA:43,5,1,0
BRDA:46,6,0,0
BRDA:46,6,1,0
BRDA:85,7,0,0
BRDA:85,7,1,0
BRF:15
BRH:0
end_of_record
TN:
SF:backend/utils/jwtUtils.cjs
FN:7,(anonymous_0)
FN:21,(anonymous_1)
FNF:2
FNH:1
FNDA:9,(anonymous_0)
FNDA:0,(anonymous_1)
DA:1,5
DA:2,5
DA:4,5
DA:5,5
DA:7,5
DA:8,9
DA:16,9
DA:21,5
DA:22,0
DA:23,0
DA:25,0
DA:29,5
LF:12
LH:9
BRDA:4,0,0,5
BRDA:4,0,1,5
BRDA:5,1,0,5
BRDA:5,1,1,5
BRDA:12,2,0,9
BRDA:12,2,1,9
BRF:6
BRH:6
end_of_record
TN:
SF:backend/utils/logger.cjs
FN:41,(anonymous_0)
FN:74,(anonymous_1)
FNF:2
FNH:1
FNDA:47,(anonymous_0)
FNDA:0,(anonymous_1)
DA:1,6
DA:2,6
DA:3,6
DA:4,6
DA:6,6
DA:8,6
DA:9,0
DA:12,6
DA:20,6
DA:28,6
DA:30,6
DA:37,6
DA:41,47
DA:45,6
DA:65,6
DA:73,6
DA:75,0
DA:79,6
LF:18
LH:16
BRDA:8,0,0,0
BRDA:8,0,1,6
BRDA:41,1,0,0
BRDA:41,1,1,47
BRDA:48,2,0,0
BRDA:48,2,1,6
BRDA:66,3,0,0
BRDA:66,3,1,6
BRF:8
BRH:4
end_of_record
TN:
SF:backend/utils/passwordUtils.cjs
FN:5,(anonymous_0)
FN:9,(anonymous_1)
FNF:2
FNH:2
FNDA:4,(anonymous_0)
FNDA:2,(anonymous_1)
DA:1,4
DA:3,4
DA:5,4
DA:6,4
DA:9,4
DA:10,2
DA:13,4
LF:7
LH:7
BRF:0
BRH:0
end_of_record
TN:
SF:backend/utils/systemSettings.cjs
FN:5,(anonymous_0)
FN:16,(anonymous_1)
FN:37,(anonymous_2)
FN:41,(anonymous_3)
FN:50,(anonymous_4)
FN:58,(anonymous_5)
FN:63,(anonymous_6)
FNF:7
FNH:4
FNDA:4,(anonymous_0)
FNDA:16,(anonymous_1)
FNDA:4,(anonymous_2)
FNDA:0,(anonymous_3)
FNDA:4,(anonymous_4)
FNDA:0,(anonymous_5)
FNDA:0,(anonymous_6)
DA:1,4
DA:2,4
DA:3,4
DA:5,4
DA:6,4
DA:7,4
DA:8,4
DA:9,4
DA:11,0
DA:12,0
DA:16,4
DA:17,16
DA:18,16
DA:19,16
DA:20,16
DA:22,16
DA:23,0
DA:26,16
DA:30,16
DA:32,0
DA:33,0
DA:37,4
DA:38,4
DA:41,4
DA:42,0
DA:50,4
DA:51,4
DA:52,4
DA:53,4
DA:54,4
DA:55,4
DA:58,4
DA:59,0
DA:60,0
DA:63,4
DA:64,0
DA:65,0
DA:66,0
DA:69,4
LF:39
LH:28
BRDA:9,0,0,4
BRDA:9,0,1,0
BRDA:22,1,0,0
BRDA:22,1,1,16
BRDA:43,2,0,0
BRDA:43,2,1,0
BRDA:44,3,0,0
BRDA:44,3,1,0
BRDA:45,4,0,0
BRDA:45,4,1,0
BRDA:46,5,0,0
BRDA:46,5,1,0
BRF:12
BRH:2
end_of_record
TN:
SF:backend/utils/validation.cjs
FN:77,(anonymous_0)
FN:78,(anonymous_1)
FN:88,(anonymous_2)
FNF:3
FNH:3
FNDA:28,(anonymous_0)
FNDA:5,(anonymous_1)
FNDA:2,(anonymous_2)
DA:1,4
DA:3,4
DA:5,4
DA:7,4
DA:11,4
DA:22,4
DA:29,4
DA:41,4
DA:63,4
DA:67,4
DA:73,4
DA:77,4
DA:78,28
DA:79,5
DA:80,5
DA:81,3
DA:82,3
DA:84,2
DA:85,2
DA:88,2
DA:94,0
DA:99,4
LF:22
LH:21
BRDA:84,0,0,2
BRDA:84,0,1,0
BRF:2
BRH:1
end_of_record
